#
# There is insufficient memory for the Java Runtime Environment to continue.
# Native memory allocation (mmap) failed to map 37748736 bytes. Error detail: G1 virtual space
# Possible reasons:
#   The system is out of physical RAM or swap space
#   This process is running with CompressedOops enabled, and the Java Heap may be blocking the growth of the native heap
# Possible solutions:
#   Reduce memory load on the system
#   Increase physical memory or swap space
#   Check if swap backing store is full
#   Decrease Java heap size (-Xmx/-Xms)
#   Decrease number of Java threads
#   Decrease Java thread stack sizes (-Xss)
#   Set larger code cache with -XX:ReservedCodeCacheSize=
#   JVM is running with Unscaled Compressed Oops mode in which the Java heap is
#     placed in the first 4GB address space. The Java Heap base address is the
#     maximum limit for the native heap growth. Please use -XX:HeapBaseMinAddress
#     to set the Java Heap base and to place the Java Heap above 4GB virtual address.
# This output file may be truncated or incomplete.
#
#  Out of Memory Error (os_windows.cpp:3828), pid=8900, tid=7536
#
# JRE version: OpenJDK Runtime Environment (21.0.4) (build 21.0.4+-12508038-b607.1)
# Java VM: OpenJDK 64-Bit Server VM (21.0.4+-12508038-b607.1, mixed mode, tiered, compressed oops, compressed class ptrs, g1 gc, windows-amd64)
# No core dump will be written. Minidumps are not enabled by default on client versions of Windows
#

---------------  S U M M A R Y ------------

Command Line: org.jetbrains.kotlin.cli.jvm.K2JVMCompiler @D:\Rifqi Irfansyah\KULIAH\Semester 4\PROYEK4\compose-samples-main\Jetsnack\app\build\20250307_9147070200936255469.compiler.options

Host: AMD Ryzen 5 3500U with Radeon Vega Mobile Gfx  , 8 cores, 5G,  Windows 10 , 64 bit Build 19041 (10.0.19041.3636)
Time: Fri Mar  7 22:46:00 2025 SE Asia Standard Time elapsed time: 26.343584 seconds (0d 0h 0m 26s)

---------------  T H R E A D  ---------------

Current thread (0x000001bc9a9c9760):  VMThread "VM Thread"          [id=7536, stack(0x00000077dbd00000,0x00000077dbe00000) (1024K)]

Stack: [0x00000077dbd00000,0x00000077dbe00000]
Native frames: (J=compiled Java code, j=interpreted, Vv=VM code, C=native code)
V  [jvm.dll+0x6ce539]
V  [jvm.dll+0x85bf03]
V  [jvm.dll+0x85e45e]
V  [jvm.dll+0x85eb43]
V  [jvm.dll+0x27dd06]
V  [jvm.dll+0x6cada5]
V  [jvm.dll+0x6bf27a]
V  [jvm.dll+0x3541fb]
V  [jvm.dll+0x35be36]
V  [jvm.dll+0x3adbc6]
V  [jvm.dll+0x3ade98]
V  [jvm.dll+0x32691c]
V  [jvm.dll+0x329326]
V  [jvm.dll+0x33325d]
V  [jvm.dll+0x36a865]
V  [jvm.dll+0x8648c8]
V  [jvm.dll+0x865c44]
V  [jvm.dll+0x866180]
V  [jvm.dll+0x866413]
V  [jvm.dll+0x804418]
V  [jvm.dll+0x6cce0d]
C  [ucrtbase.dll+0x21bb2]
C  [KERNEL32.DLL+0x17344]
C  [ntdll.dll+0x526b1]

VM_Operation (0x00000077db8ff8e0): G1PauseRemark, mode: safepoint, requested by thread 0x000001bc81eae960


---------------  P R O C E S S  ---------------

Threads class SMR info:
_java_thread_list=0x000001bca1e8a290, length=12, elements={
0x000001bc81d5b110, 0x000001bc9f0226d0, 0x000001bc9f0234f0, 0x000001bc9f028580,
0x000001bc9f028fe0, 0x000001bc9f039b80, 0x000001bc9f03a5e0, 0x000001bc9f03b370,
0x000001bc9f04eb80, 0x000001bc9f21e800, 0x000001bc9f221040, 0x000001bca5807a80
}

Java Threads: ( => current thread )
  0x000001bc81d5b110 JavaThread "main"                              [_thread_blocked, id=6628, stack(0x00000077db600000,0x00000077db700000) (1024K)]
  0x000001bc9f0226d0 JavaThread "Reference Handler"          daemon [_thread_blocked, id=11072, stack(0x00000077dbe00000,0x00000077dbf00000) (1024K)]
  0x000001bc9f0234f0 JavaThread "Finalizer"                  daemon [_thread_blocked, id=18004, stack(0x00000077dbf00000,0x00000077dc000000) (1024K)]
  0x000001bc9f028580 JavaThread "Signal Dispatcher"          daemon [_thread_blocked, id=8912, stack(0x00000077dc000000,0x00000077dc100000) (1024K)]
  0x000001bc9f028fe0 JavaThread "Attach Listener"            daemon [_thread_blocked, id=14824, stack(0x00000077dc100000,0x00000077dc200000) (1024K)]
  0x000001bc9f039b80 JavaThread "Service Thread"             daemon [_thread_blocked, id=12716, stack(0x00000077dc200000,0x00000077dc300000) (1024K)]
  0x000001bc9f03a5e0 JavaThread "Monitor Deflation Thread"   daemon [_thread_blocked, id=4108, stack(0x00000077dc300000,0x00000077dc400000) (1024K)]
  0x000001bc9f03b370 JavaThread "C2 CompilerThread0"         daemon [_thread_in_native, id=1824, stack(0x00000077dc400000,0x00000077dc500000) (1024K)]
  0x000001bc9f04eb80 JavaThread "C1 CompilerThread0"         daemon [_thread_blocked, id=8064, stack(0x00000077dc500000,0x00000077dc600000) (1024K)]
  0x000001bc9f21e800 JavaThread "Notification Thread"        daemon [_thread_blocked, id=13028, stack(0x00000077dc600000,0x00000077dc700000) (1024K)]
  0x000001bc9f221040 JavaThread "Common-Cleaner"             daemon [_thread_blocked, id=15656, stack(0x00000077dc700000,0x00000077dc800000) (1024K)]
  0x000001bca5807a80 JavaThread "C2 CompilerThread1"         daemon [_thread_blocked, id=10280, stack(0x00000077dd000000,0x00000077dd100000) (1024K)]
Total: 12

Other Threads:
=>0x000001bc9a9c9760 VMThread "VM Thread"                           [id=7536, stack(0x00000077dbd00000,0x00000077dbe00000) (1024K)]
  0x000001bc9a9b60c0 WatcherThread "VM Periodic Task Thread"        [id=18528, stack(0x00000077dbc00000,0x00000077dbd00000) (1024K)]
  0x000001bc81ea1280 WorkerThread "GC Thread#0"                     [id=13936, stack(0x00000077db700000,0x00000077db800000) (1024K)]
  0x000001bc9a9c88e0 WorkerThread "GC Thread#1"                     [id=1528, stack(0x00000077dc800000,0x00000077dc900000) (1024K)]
  0x000001bc9a9c81a0 WorkerThread "GC Thread#2"                     [id=9260, stack(0x00000077dc900000,0x00000077dca00000) (1024K)]
  0x000001bc9a9c8c80 WorkerThread "GC Thread#3"                     [id=4144, stack(0x00000077dca00000,0x00000077dcb00000) (1024K)]
  0x000001bc9fa70fa0 WorkerThread "GC Thread#4"                     [id=8864, stack(0x00000077dcb00000,0x00000077dcc00000) (1024K)]
  0x000001bc9fa73780 WorkerThread "GC Thread#5"                     [id=12512, stack(0x00000077dcc00000,0x00000077dcd00000) (1024K)]
  0x000001bc9fa70860 WorkerThread "GC Thread#6"                     [id=720, stack(0x00000077dcd00000,0x00000077dce00000) (1024K)]
  0x000001bc9fa70c00 WorkerThread "GC Thread#7"                     [id=3300, stack(0x00000077dce00000,0x00000077dcf00000) (1024K)]
  0x000001bc81eae960 ConcurrentGCThread "G1 Main Marker"            [id=12228, stack(0x00000077db800000,0x00000077db900000) (1024K)]
  0x000001bc81eafc00 WorkerThread "G1 Conc#0"                       [id=11284, stack(0x00000077db900000,0x00000077dba00000) (1024K)]
  0x000001bc9fa72900 WorkerThread "G1 Conc#1"                       [id=2872, stack(0x00000077dcf00000,0x00000077dd000000) (1024K)]
  0x000001bc81f23640 ConcurrentGCThread "G1 Refine#0"               [id=1232, stack(0x00000077dba00000,0x00000077dbb00000) (1024K)]
  0x000001bc9a891300 ConcurrentGCThread "G1 Service"                [id=8280, stack(0x00000077dbb00000,0x00000077dbc00000) (1024K)]
Total: 15

Threads with active compile tasks:
C2 CompilerThread0    26404 9808       4       org.jetbrains.kotlin.fir.resolve.calls.tower.FirTowerResolveTask::processCandidatesWithGivenImplicitReceiverAsValue (1840 bytes)
C1 CompilerThread0    26404 9905       3       org.jetbrains.kotlin.fir.resolve.calls.tower.MemberScopeTowerLevel::processMembers (695 bytes)
C2 CompilerThread1    26404 9770       4       org.jetbrains.kotlin.fir.resolve.calls.stages.CheckVisibility::check (706 bytes)
Total: 3

VM state: at safepoint (normal execution)

VM Mutex/Monitor currently owned by a thread:  ([mutex/lock_event])
[0x00007ffad83c72f8] Threads_lock - owner thread: 0x000001bc9a9c9760
[0x00007ffad83c73f8] Heap_lock - owner thread: 0x000001bc81eae960

Heap address: 0x00000000a1400000, size: 1516 MB, Compressed Oops mode: 32-bit

CDS archive(s) not mapped
Compressed class space mapped at: 0x0000000100000000-0x0000000140000000, reserved size: 1073741824
Narrow klass base: 0x0000000000000000, Narrow klass shift: 3, Narrow klass range: 0x140000000

GC Precious Log:
 CardTable entry size: 512
 Card Set container configuration: InlinePtr #cards 5 size 8 Array Of Cards #cards 12 size 40 Howl #buckets 4 coarsen threshold 1843 Howl Bitmap #cards 512 size 80 coarsen threshold 460 Card regions per heap region 1 cards per card region 2048
 CPUs: 8 total, 8 available
 Memory: 6057M
 Large Page Support: Disabled
 NUMA Support: Disabled
 Compressed Oops: Enabled (32-bit)
 Heap Region Size: 1M
 Heap Min Capacity: 8M
 Heap Initial Capacity: 96M
 Heap Max Capacity: 1516M
 Pre-touch: Disabled
 Parallel Workers: 8
 Concurrent Workers: 2
 Concurrent Refinement Workers: 8
 Periodic GC: Disabled

Heap:
 garbage-first heap   total 285696K, used 205538K [0x00000000a1400000, 0x0000000100000000)
  region size 1024K, 21 young (21504K), 8 survivors (8192K)
 Metaspace       used 63371K, committed 63744K, reserved 1114112K
  class space    used 6982K, committed 7168K, reserved 1048576K

Heap Regions: E=young(eden), S=young(survivor), O=old, HS=humongous(starts), HC=humongous(continues), CS=collection set, F=free, TAMS=top-at-mark-start, PB=parsable bottom
|   0|0x00000000a1400000, 0x00000000a1500000, 0x00000000a1500000|100%|HS|  |TAMS 0x00000000a1500000| PB 0x00000000a1400000| Complete 
|   1|0x00000000a1500000, 0x00000000a1600000, 0x00000000a1600000|100%|HC|  |TAMS 0x00000000a1600000| PB 0x00000000a1500000| Complete 
|   2|0x00000000a1600000, 0x00000000a1700000, 0x00000000a1700000|100%|HC|  |TAMS 0x00000000a1700000| PB 0x00000000a1600000| Complete 
|   3|0x00000000a1700000, 0x00000000a1800000, 0x00000000a1800000|100%|HC|  |TAMS 0x00000000a1800000| PB 0x00000000a1700000| Complete 
|   4|0x00000000a1800000, 0x00000000a1900000, 0x00000000a1900000|100%| O|  |TAMS 0x00000000a1900000| PB 0x00000000a1900000| Untracked 
|   5|0x00000000a1900000, 0x00000000a1a00000, 0x00000000a1a00000|100%| O|  |TAMS 0x00000000a1a00000| PB 0x00000000a1a00000| Untracked 
|   6|0x00000000a1a00000, 0x00000000a1b00000, 0x00000000a1b00000|100%| O|  |TAMS 0x00000000a1b00000| PB 0x00000000a1b00000| Untracked 
|   7|0x00000000a1b00000, 0x00000000a1c00000, 0x00000000a1c00000|100%| O|  |TAMS 0x00000000a1c00000| PB 0x00000000a1c00000| Untracked 
|   8|0x00000000a1c00000, 0x00000000a1d00000, 0x00000000a1d00000|100%| O|  |TAMS 0x00000000a1d00000| PB 0x00000000a1d00000| Untracked 
|   9|0x00000000a1d00000, 0x00000000a1e00000, 0x00000000a1e00000|100%| O|  |TAMS 0x00000000a1e00000| PB 0x00000000a1e00000| Untracked 
|  10|0x00000000a1e00000, 0x00000000a1f00000, 0x00000000a1f00000|100%| O|  |TAMS 0x00000000a1f00000| PB 0x00000000a1f00000| Untracked 
|  11|0x00000000a1f00000, 0x00000000a2000000, 0x00000000a2000000|100%| O|  |TAMS 0x00000000a2000000| PB 0x00000000a2000000| Untracked 
|  12|0x00000000a2000000, 0x00000000a2100000, 0x00000000a2100000|100%| O|  |TAMS 0x00000000a2100000| PB 0x00000000a2100000| Untracked 
|  13|0x00000000a2100000, 0x00000000a2200000, 0x00000000a2200000|100%| O|  |TAMS 0x00000000a2200000| PB 0x00000000a2200000| Untracked 
|  14|0x00000000a2200000, 0x00000000a2300000, 0x00000000a2300000|100%| O|  |TAMS 0x00000000a2300000| PB 0x00000000a2300000| Untracked 
|  15|0x00000000a2300000, 0x00000000a2400000, 0x00000000a2400000|100%| O|  |TAMS 0x00000000a2400000| PB 0x00000000a2400000| Untracked 
|  16|0x00000000a2400000, 0x00000000a2500000, 0x00000000a2500000|100%| O|  |TAMS 0x00000000a2500000| PB 0x00000000a2500000| Untracked 
|  17|0x00000000a2500000, 0x00000000a2600000, 0x00000000a2600000|100%| O|  |TAMS 0x00000000a2600000| PB 0x00000000a2600000| Untracked 
|  18|0x00000000a2600000, 0x00000000a2700000, 0x00000000a2700000|100%| O|  |TAMS 0x00000000a2700000| PB 0x00000000a2700000| Updating 
|  19|0x00000000a2700000, 0x00000000a2800000, 0x00000000a2800000|100%| O|  |TAMS 0x00000000a2800000| PB 0x00000000a2800000| Untracked 
|  20|0x00000000a2800000, 0x00000000a2900000, 0x00000000a2900000|100%| O|  |TAMS 0x00000000a2900000| PB 0x00000000a2900000| Untracked 
|  21|0x00000000a2900000, 0x00000000a2a00000, 0x00000000a2a00000|100%| O|  |TAMS 0x00000000a2a00000| PB 0x00000000a2a00000| Untracked 
|  22|0x00000000a2a00000, 0x00000000a2b00000, 0x00000000a2b00000|100%| O|  |TAMS 0x00000000a2b00000| PB 0x00000000a2b00000| Updating 
|  23|0x00000000a2b00000, 0x00000000a2c00000, 0x00000000a2c00000|100%| O|  |TAMS 0x00000000a2c00000| PB 0x00000000a2c00000| Untracked 
|  24|0x00000000a2c00000, 0x00000000a2d00000, 0x00000000a2d00000|100%| O|  |TAMS 0x00000000a2d00000| PB 0x00000000a2d00000| Untracked 
|  25|0x00000000a2d00000, 0x00000000a2e00000, 0x00000000a2e00000|100%| O|  |TAMS 0x00000000a2e00000| PB 0x00000000a2e00000| Untracked 
|  26|0x00000000a2e00000, 0x00000000a2f00000, 0x00000000a2f00000|100%| O|  |TAMS 0x00000000a2f00000| PB 0x00000000a2f00000| Untracked 
|  27|0x00000000a2f00000, 0x00000000a3000000, 0x00000000a3000000|100%| O|  |TAMS 0x00000000a3000000| PB 0x00000000a3000000| Untracked 
|  28|0x00000000a3000000, 0x00000000a3100000, 0x00000000a3100000|100%| O|  |TAMS 0x00000000a3100000| PB 0x00000000a3100000| Untracked 
|  29|0x00000000a3100000, 0x00000000a3200000, 0x00000000a3200000|100%| O|  |TAMS 0x00000000a3200000| PB 0x00000000a3200000| Untracked 
|  30|0x00000000a3200000, 0x00000000a3300000, 0x00000000a3300000|100%| O|  |TAMS 0x00000000a3300000| PB 0x00000000a3300000| Untracked 
|  31|0x00000000a3300000, 0x00000000a3400000, 0x00000000a3400000|100%| O|  |TAMS 0x00000000a3400000| PB 0x00000000a3400000| Untracked 
|  32|0x00000000a3400000, 0x00000000a3500000, 0x00000000a3500000|100%| O|  |TAMS 0x00000000a3500000| PB 0x00000000a3500000| Untracked 
|  33|0x00000000a3500000, 0x00000000a3600000, 0x00000000a3600000|100%| O|  |TAMS 0x00000000a3600000| PB 0x00000000a3600000| Untracked 
|  34|0x00000000a3600000, 0x00000000a3700000, 0x00000000a3700000|100%| O|  |TAMS 0x00000000a3700000| PB 0x00000000a3700000| Untracked 
|  35|0x00000000a3700000, 0x00000000a3800000, 0x00000000a3800000|100%| O|  |TAMS 0x00000000a3800000| PB 0x00000000a3800000| Untracked 
|  36|0x00000000a3800000, 0x00000000a3900000, 0x00000000a3900000|100%| O|  |TAMS 0x00000000a3900000| PB 0x00000000a3900000| Untracked 
|  37|0x00000000a3900000, 0x00000000a3a00000, 0x00000000a3a00000|100%| O|  |TAMS 0x00000000a3a00000| PB 0x00000000a3a00000| Untracked 
|  38|0x00000000a3a00000, 0x00000000a3b00000, 0x00000000a3b00000|100%| O|  |TAMS 0x00000000a3b00000| PB 0x00000000a3b00000| Updating 
|  39|0x00000000a3b00000, 0x00000000a3c00000, 0x00000000a3c00000|100%| O|  |TAMS 0x00000000a3c00000| PB 0x00000000a3c00000| Untracked 
|  40|0x00000000a3c00000, 0x00000000a3d00000, 0x00000000a3d00000|100%| O|  |TAMS 0x00000000a3d00000| PB 0x00000000a3d00000| Untracked 
|  41|0x00000000a3d00000, 0x00000000a3e00000, 0x00000000a3e00000|100%| O|  |TAMS 0x00000000a3e00000| PB 0x00000000a3e00000| Updating 
|  42|0x00000000a3e00000, 0x00000000a3f00000, 0x00000000a3f00000|100%| O|  |TAMS 0x00000000a3f00000| PB 0x00000000a3f00000| Untracked 
|  43|0x00000000a3f00000, 0x00000000a4000000, 0x00000000a4000000|100%| O|  |TAMS 0x00000000a4000000| PB 0x00000000a4000000| Updating 
|  44|0x00000000a4000000, 0x00000000a4100000, 0x00000000a4100000|100%| O|  |TAMS 0x00000000a4100000| PB 0x00000000a4100000| Untracked 
|  45|0x00000000a4100000, 0x00000000a4200000, 0x00000000a4200000|100%| O|  |TAMS 0x00000000a4200000| PB 0x00000000a4200000| Updating 
|  46|0x00000000a4200000, 0x00000000a4300000, 0x00000000a4300000|100%| O|  |TAMS 0x00000000a4300000| PB 0x00000000a4300000| Untracked 
|  47|0x00000000a4300000, 0x00000000a4400000, 0x00000000a4400000|100%| O|  |TAMS 0x00000000a4400000| PB 0x00000000a4400000| Untracked 
|  48|0x00000000a4400000, 0x00000000a4500000, 0x00000000a4500000|100%| O|  |TAMS 0x00000000a4500000| PB 0x00000000a4500000| Untracked 
|  49|0x00000000a4500000, 0x00000000a4600000, 0x00000000a4600000|100%| O|  |TAMS 0x00000000a4600000| PB 0x00000000a4600000| Untracked 
|  50|0x00000000a4600000, 0x00000000a4700000, 0x00000000a4700000|100%| O|  |TAMS 0x00000000a4700000| PB 0x00000000a4700000| Untracked 
|  51|0x00000000a4700000, 0x00000000a4800000, 0x00000000a4800000|100%| O|  |TAMS 0x00000000a4800000| PB 0x00000000a4800000| Updating 
|  52|0x00000000a4800000, 0x00000000a4900000, 0x00000000a4900000|100%| O|  |TAMS 0x00000000a4900000| PB 0x00000000a4900000| Untracked 
|  53|0x00000000a4900000, 0x00000000a4a00000, 0x00000000a4a00000|100%| O|  |TAMS 0x00000000a4a00000| PB 0x00000000a4a00000| Updating 
|  54|0x00000000a4a00000, 0x00000000a4b00000, 0x00000000a4b00000|100%| O|  |TAMS 0x00000000a4b00000| PB 0x00000000a4b00000| Updating 
|  55|0x00000000a4b00000, 0x00000000a4c00000, 0x00000000a4c00000|100%| O|  |TAMS 0x00000000a4c00000| PB 0x00000000a4c00000| Untracked 
|  56|0x00000000a4c00000, 0x00000000a4d00000, 0x00000000a4d00000|100%| O|  |TAMS 0x00000000a4d00000| PB 0x00000000a4d00000| Updating 
|  57|0x00000000a4d00000, 0x00000000a4e00000, 0x00000000a4e00000|100%| O|  |TAMS 0x00000000a4e00000| PB 0x00000000a4e00000| Untracked 
|  58|0x00000000a4e00000, 0x00000000a4f00000, 0x00000000a4f00000|100%| O|  |TAMS 0x00000000a4f00000| PB 0x00000000a4f00000| Untracked 
|  59|0x00000000a4f00000, 0x00000000a5000000, 0x00000000a5000000|100%| O|  |TAMS 0x00000000a5000000| PB 0x00000000a5000000| Untracked 
|  60|0x00000000a5000000, 0x00000000a5100000, 0x00000000a5100000|100%| O|  |TAMS 0x00000000a5100000| PB 0x00000000a5100000| Untracked 
|  61|0x00000000a5100000, 0x00000000a5200000, 0x00000000a5200000|100%| O|  |TAMS 0x00000000a5200000| PB 0x00000000a5200000| Untracked 
|  62|0x00000000a5200000, 0x00000000a5300000, 0x00000000a5300000|100%| O|  |TAMS 0x00000000a5300000| PB 0x00000000a5300000| Updating 
|  63|0x00000000a5300000, 0x00000000a5400000, 0x00000000a5400000|100%| O|  |TAMS 0x00000000a5400000| PB 0x00000000a5400000| Untracked 
|  64|0x00000000a5400000, 0x00000000a5500000, 0x00000000a5500000|100%| O|  |TAMS 0x00000000a5500000| PB 0x00000000a5500000| Untracked 
|  65|0x00000000a5500000, 0x00000000a5600000, 0x00000000a5600000|100%| O|  |TAMS 0x00000000a5600000| PB 0x00000000a5600000| Untracked 
|  66|0x00000000a5600000, 0x00000000a5700000, 0x00000000a5700000|100%| O|  |TAMS 0x00000000a5600000| PB 0x00000000a5600000| Untracked 
|  67|0x00000000a5700000, 0x00000000a5800000, 0x00000000a5800000|100%| O|  |TAMS 0x00000000a5800000| PB 0x00000000a5800000| Untracked 
|  68|0x00000000a5800000, 0x00000000a5900000, 0x00000000a5900000|100%| O|  |TAMS 0x00000000a5900000| PB 0x00000000a5900000| Untracked 
|  69|0x00000000a5900000, 0x00000000a5a00000, 0x00000000a5a00000|100%| O|  |TAMS 0x00000000a5a00000| PB 0x00000000a5a00000| Untracked 
|  70|0x00000000a5a00000, 0x00000000a5b00000, 0x00000000a5b00000|100%| O|  |TAMS 0x00000000a5b00000| PB 0x00000000a5b00000| Untracked 
|  71|0x00000000a5b00000, 0x00000000a5c00000, 0x00000000a5c00000|100%| O|  |TAMS 0x00000000a5c00000| PB 0x00000000a5c00000| Untracked 
|  72|0x00000000a5c00000, 0x00000000a5d00000, 0x00000000a5d00000|100%| O|  |TAMS 0x00000000a5d00000| PB 0x00000000a5d00000| Untracked 
|  73|0x00000000a5d00000, 0x00000000a5e00000, 0x00000000a5e00000|100%| O|  |TAMS 0x00000000a5e00000| PB 0x00000000a5e00000| Untracked 
|  74|0x00000000a5e00000, 0x00000000a5f00000, 0x00000000a5f00000|100%| O|  |TAMS 0x00000000a5f00000| PB 0x00000000a5f00000| Untracked 
|  75|0x00000000a5f00000, 0x00000000a6000000, 0x00000000a6000000|100%| O|  |TAMS 0x00000000a6000000| PB 0x00000000a6000000| Untracked 
|  76|0x00000000a6000000, 0x00000000a6100000, 0x00000000a6100000|100%| O|  |TAMS 0x00000000a6100000| PB 0x00000000a6100000| Untracked 
|  77|0x00000000a6100000, 0x00000000a6200000, 0x00000000a6200000|100%| O|  |TAMS 0x00000000a6200000| PB 0x00000000a6200000| Untracked 
|  78|0x00000000a6200000, 0x00000000a6300000, 0x00000000a6300000|100%| O|  |TAMS 0x00000000a6300000| PB 0x00000000a6300000| Untracked 
|  79|0x00000000a6300000, 0x00000000a6400000, 0x00000000a6400000|100%| O|  |TAMS 0x00000000a6400000| PB 0x00000000a6400000| Updating 
|  80|0x00000000a6400000, 0x00000000a6500000, 0x00000000a6500000|100%| O|  |TAMS 0x00000000a6500000| PB 0x00000000a6500000| Updating 
|  81|0x00000000a6500000, 0x00000000a6600000, 0x00000000a6600000|100%| O|  |TAMS 0x00000000a6600000| PB 0x00000000a6600000| Untracked 
|  82|0x00000000a6600000, 0x00000000a6700000, 0x00000000a6700000|100%| O|  |TAMS 0x00000000a6700000| PB 0x00000000a6700000| Untracked 
|  83|0x00000000a6700000, 0x00000000a6800000, 0x00000000a6800000|100%| O|  |TAMS 0x00000000a6800000| PB 0x00000000a6800000| Untracked 
|  84|0x00000000a6800000, 0x00000000a6900000, 0x00000000a6900000|100%| O|  |TAMS 0x00000000a6900000| PB 0x00000000a6900000| Untracked 
|  85|0x00000000a6900000, 0x00000000a6a00000, 0x00000000a6a00000|100%| O|  |TAMS 0x00000000a6a00000| PB 0x00000000a6a00000| Untracked 
|  86|0x00000000a6a00000, 0x00000000a6b00000, 0x00000000a6b00000|100%| O|  |TAMS 0x00000000a6b00000| PB 0x00000000a6b00000| Untracked 
|  87|0x00000000a6b00000, 0x00000000a6c00000, 0x00000000a6c00000|100%| O|  |TAMS 0x00000000a6c00000| PB 0x00000000a6c00000| Untracked 
|  88|0x00000000a6c00000, 0x00000000a6d00000, 0x00000000a6d00000|100%| O|  |TAMS 0x00000000a6d00000| PB 0x00000000a6d00000| Untracked 
|  89|0x00000000a6d00000, 0x00000000a6e00000, 0x00000000a6e00000|100%| O|  |TAMS 0x00000000a6e00000| PB 0x00000000a6e00000| Untracked 
|  90|0x00000000a6e00000, 0x00000000a6f00000, 0x00000000a6f00000|100%| O|  |TAMS 0x00000000a6f00000| PB 0x00000000a6f00000| Updating 
|  91|0x00000000a6f00000, 0x00000000a7000000, 0x00000000a7000000|100%| O|  |TAMS 0x00000000a7000000| PB 0x00000000a7000000| Updating 
|  92|0x00000000a7000000, 0x00000000a7100000, 0x00000000a7100000|100%| O|  |TAMS 0x00000000a7100000| PB 0x00000000a7100000| Untracked 
|  93|0x00000000a7100000, 0x00000000a7200000, 0x00000000a7200000|100%| O|  |TAMS 0x00000000a7200000| PB 0x00000000a7200000| Untracked 
|  94|0x00000000a7200000, 0x00000000a7300000, 0x00000000a7300000|100%| O|  |TAMS 0x00000000a7300000| PB 0x00000000a7300000| Untracked 
|  95|0x00000000a7300000, 0x00000000a7400000, 0x00000000a7400000|100%| O|  |TAMS 0x00000000a7400000| PB 0x00000000a7400000| Updating 
|  96|0x00000000a7400000, 0x00000000a7500000, 0x00000000a7500000|100%| O|  |TAMS 0x00000000a7500000| PB 0x00000000a7500000| Untracked 
|  97|0x00000000a7500000, 0x00000000a7600000, 0x00000000a7600000|100%| O|  |TAMS 0x00000000a7600000| PB 0x00000000a7600000| Untracked 
|  98|0x00000000a7600000, 0x00000000a7700000, 0x00000000a7700000|100%| O|  |TAMS 0x00000000a7700000| PB 0x00000000a7700000| Updating 
|  99|0x00000000a7700000, 0x00000000a7800000, 0x00000000a7800000|100%| O|  |TAMS 0x00000000a7800000| PB 0x00000000a7800000| Untracked 
| 100|0x00000000a7800000, 0x00000000a7900000, 0x00000000a7900000|100%| O|  |TAMS 0x00000000a7900000| PB 0x00000000a7900000| Untracked 
| 101|0x00000000a7900000, 0x00000000a7a00000, 0x00000000a7a00000|100%| O|  |TAMS 0x00000000a7a00000| PB 0x00000000a7a00000| Untracked 
| 102|0x00000000a7a00000, 0x00000000a7b00000, 0x00000000a7b00000|100%| O|  |TAMS 0x00000000a7b00000| PB 0x00000000a7b00000| Untracked 
| 103|0x00000000a7b00000, 0x00000000a7c00000, 0x00000000a7c00000|100%| O|  |TAMS 0x00000000a7c00000| PB 0x00000000a7c00000| Untracked 
| 104|0x00000000a7c00000, 0x00000000a7d00000, 0x00000000a7d00000|100%| O|  |TAMS 0x00000000a7d00000| PB 0x00000000a7d00000| Untracked 
| 105|0x00000000a7d00000, 0x00000000a7e00000, 0x00000000a7e00000|100%| O|  |TAMS 0x00000000a7e00000| PB 0x00000000a7e00000| Updating 
| 106|0x00000000a7e00000, 0x00000000a7f00000, 0x00000000a7f00000|100%| O|  |TAMS 0x00000000a7e00000| PB 0x00000000a7e00000| Untracked 
| 107|0x00000000a7f00000, 0x00000000a8000000, 0x00000000a8000000|100%| O|  |TAMS 0x00000000a8000000| PB 0x00000000a8000000| Untracked 
| 108|0x00000000a8000000, 0x00000000a8100000, 0x00000000a8100000|100%| O|  |TAMS 0x00000000a8100000| PB 0x00000000a8100000| Untracked 
| 109|0x00000000a8100000, 0x00000000a8200000, 0x00000000a8200000|100%| O|  |TAMS 0x00000000a8200000| PB 0x00000000a8200000| Untracked 
| 110|0x00000000a8200000, 0x00000000a8300000, 0x00000000a8300000|100%| O|  |TAMS 0x00000000a8300000| PB 0x00000000a8300000| Untracked 
| 111|0x00000000a8300000, 0x00000000a8400000, 0x00000000a8400000|100%| O|  |TAMS 0x00000000a8400000| PB 0x00000000a8400000| Untracked 
| 112|0x00000000a8400000, 0x00000000a8500000, 0x00000000a8500000|100%| O|  |TAMS 0x00000000a8500000| PB 0x00000000a8500000| Updating 
| 113|0x00000000a8500000, 0x00000000a8600000, 0x00000000a8600000|100%| O|  |TAMS 0x00000000a8600000| PB 0x00000000a8600000| Updating 
| 114|0x00000000a8600000, 0x00000000a8700000, 0x00000000a8700000|100%| O|  |TAMS 0x00000000a8700000| PB 0x00000000a8700000| Untracked 
| 115|0x00000000a8700000, 0x00000000a8800000, 0x00000000a8800000|100%| O|  |TAMS 0x00000000a8800000| PB 0x00000000a8800000| Untracked 
| 116|0x00000000a8800000, 0x00000000a8900000, 0x00000000a8900000|100%| O|  |TAMS 0x00000000a8900000| PB 0x00000000a8900000| Untracked 
| 117|0x00000000a8900000, 0x00000000a8a00000, 0x00000000a8a00000|100%| O|  |TAMS 0x00000000a8a00000| PB 0x00000000a8a00000| Untracked 
| 118|0x00000000a8a00000, 0x00000000a8b00000, 0x00000000a8b00000|100%| O|  |TAMS 0x00000000a8b00000| PB 0x00000000a8b00000| Untracked 
| 119|0x00000000a8b00000, 0x00000000a8c00000, 0x00000000a8c00000|100%| O|  |TAMS 0x00000000a8c00000| PB 0x00000000a8c00000| Untracked 
| 120|0x00000000a8c00000, 0x00000000a8d00000, 0x00000000a8d00000|100%| O|  |TAMS 0x00000000a8d00000| PB 0x00000000a8d00000| Untracked 
| 121|0x00000000a8d00000, 0x00000000a8e00000, 0x00000000a8e00000|100%| O|  |TAMS 0x00000000a8e00000| PB 0x00000000a8e00000| Untracked 
| 122|0x00000000a8e00000, 0x00000000a8f00000, 0x00000000a8f00000|100%| O|  |TAMS 0x00000000a8f00000| PB 0x00000000a8f00000| Untracked 
| 123|0x00000000a8f00000, 0x00000000a9000000, 0x00000000a9000000|100%| O|  |TAMS 0x00000000a9000000| PB 0x00000000a9000000| Untracked 
| 124|0x00000000a9000000, 0x00000000a9100000, 0x00000000a9100000|100%| O|  |TAMS 0x00000000a9000000| PB 0x00000000a9000000| Untracked 
| 125|0x00000000a9100000, 0x00000000a9200000, 0x00000000a9200000|100%| O|  |TAMS 0x00000000a9200000| PB 0x00000000a9200000| Untracked 
| 126|0x00000000a9200000, 0x00000000a9300000, 0x00000000a9300000|100%| O|  |TAMS 0x00000000a9300000| PB 0x00000000a9300000| Untracked 
| 127|0x00000000a9300000, 0x00000000a9400000, 0x00000000a9400000|100%| O|  |TAMS 0x00000000a9400000| PB 0x00000000a9400000| Untracked 
| 128|0x00000000a9400000, 0x00000000a9500000, 0x00000000a9500000|100%| O|  |TAMS 0x00000000a9500000| PB 0x00000000a9500000| Untracked 
| 129|0x00000000a9500000, 0x00000000a9600000, 0x00000000a9600000|100%| O|  |TAMS 0x00000000a9600000| PB 0x00000000a9600000| Untracked 
| 130|0x00000000a9600000, 0x00000000a9700000, 0x00000000a9700000|100%| O|  |TAMS 0x00000000a9700000| PB 0x00000000a9700000| Untracked 
| 131|0x00000000a9700000, 0x00000000a9800000, 0x00000000a9800000|100%| O|  |TAMS 0x00000000a9800000| PB 0x00000000a9800000| Untracked 
| 132|0x00000000a9800000, 0x00000000a9900000, 0x00000000a9900000|100%| O|  |TAMS 0x00000000a9900000| PB 0x00000000a9900000| Untracked 
| 133|0x00000000a9900000, 0x00000000a9a00000, 0x00000000a9a00000|100%| O|  |TAMS 0x00000000a9a00000| PB 0x00000000a9a00000| Untracked 
| 134|0x00000000a9a00000, 0x00000000a9b00000, 0x00000000a9b00000|100%| O|  |TAMS 0x00000000a9b00000| PB 0x00000000a9b00000| Untracked 
| 135|0x00000000a9b00000, 0x00000000a9c00000, 0x00000000a9c00000|100%| O|  |TAMS 0x00000000a9c00000| PB 0x00000000a9c00000| Untracked 
| 136|0x00000000a9c00000, 0x00000000a9d00000, 0x00000000a9d00000|100%| O|  |TAMS 0x00000000a9d00000| PB 0x00000000a9d00000| Untracked 
| 137|0x00000000a9d00000, 0x00000000a9e00000, 0x00000000a9e00000|100%| O|  |TAMS 0x00000000a9e00000| PB 0x00000000a9e00000| Untracked 
| 138|0x00000000a9e00000, 0x00000000a9f00000, 0x00000000a9f00000|100%| O|  |TAMS 0x00000000a9f00000| PB 0x00000000a9f00000| Untracked 
| 139|0x00000000a9f00000, 0x00000000aa000000, 0x00000000aa000000|100%| O|  |TAMS 0x00000000aa000000| PB 0x00000000aa000000| Updating 
| 140|0x00000000aa000000, 0x00000000aa100000, 0x00000000aa100000|100%| O|  |TAMS 0x00000000aa100000| PB 0x00000000aa100000| Updating 
| 141|0x00000000aa100000, 0x00000000aa200000, 0x00000000aa200000|100%| O|  |TAMS 0x00000000aa200000| PB 0x00000000aa200000| Untracked 
| 142|0x00000000aa200000, 0x00000000aa300000, 0x00000000aa300000|100%| O|  |TAMS 0x00000000aa300000| PB 0x00000000aa300000| Untracked 
| 143|0x00000000aa300000, 0x00000000aa400000, 0x00000000aa400000|100%| O|  |TAMS 0x00000000aa400000| PB 0x00000000aa400000| Untracked 
| 144|0x00000000aa400000, 0x00000000aa500000, 0x00000000aa500000|100%| O|  |TAMS 0x00000000aa500000| PB 0x00000000aa500000| Untracked 
| 145|0x00000000aa500000, 0x00000000aa600000, 0x00000000aa600000|100%| O|  |TAMS 0x00000000aa600000| PB 0x00000000aa600000| Updating 
| 146|0x00000000aa600000, 0x00000000aa700000, 0x00000000aa700000|100%| O|  |TAMS 0x00000000aa700000| PB 0x00000000aa700000| Untracked 
| 147|0x00000000aa700000, 0x00000000aa800000, 0x00000000aa800000|100%| O|  |TAMS 0x00000000aa800000| PB 0x00000000aa800000| Untracked 
| 148|0x00000000aa800000, 0x00000000aa900000, 0x00000000aa900000|100%| O|  |TAMS 0x00000000aa900000| PB 0x00000000aa900000| Untracked 
| 149|0x00000000aa900000, 0x00000000aaa00000, 0x00000000aaa00000|100%| O|  |TAMS 0x00000000aaa00000| PB 0x00000000aaa00000| Untracked 
| 150|0x00000000aaa00000, 0x00000000aab00000, 0x00000000aab00000|100%| O|  |TAMS 0x00000000aab00000| PB 0x00000000aab00000| Untracked 
| 151|0x00000000aab00000, 0x00000000aac00000, 0x00000000aac00000|100%| O|  |TAMS 0x00000000aac00000| PB 0x00000000aac00000| Untracked 
| 152|0x00000000aac00000, 0x00000000aad00000, 0x00000000aad00000|100%| O|  |TAMS 0x00000000aad00000| PB 0x00000000aad00000| Updating 
| 153|0x00000000aad00000, 0x00000000aae00000, 0x00000000aae00000|100%| O|  |TAMS 0x00000000aae00000| PB 0x00000000aae00000| Untracked 
| 154|0x00000000aae00000, 0x00000000aaf00000, 0x00000000aaf00000|100%| O|  |TAMS 0x00000000aaf00000| PB 0x00000000aaf00000| Untracked 
| 155|0x00000000aaf00000, 0x00000000ab000000, 0x00000000ab000000|100%| O|  |TAMS 0x00000000ab000000| PB 0x00000000ab000000| Untracked 
| 156|0x00000000ab000000, 0x00000000ab100000, 0x00000000ab100000|100%| O|  |TAMS 0x00000000ab100000| PB 0x00000000ab100000| Untracked 
| 157|0x00000000ab100000, 0x00000000ab200000, 0x00000000ab200000|100%| O|  |TAMS 0x00000000ab200000| PB 0x00000000ab200000| Untracked 
| 158|0x00000000ab200000, 0x00000000ab300000, 0x00000000ab300000|100%| O|  |TAMS 0x00000000ab300000| PB 0x00000000ab300000| Untracked 
| 159|0x00000000ab300000, 0x00000000ab400000, 0x00000000ab400000|100%| O|  |TAMS 0x00000000ab400000| PB 0x00000000ab400000| Untracked 
| 160|0x00000000ab400000, 0x00000000ab500000, 0x00000000ab500000|100%| O|  |TAMS 0x00000000ab500000| PB 0x00000000ab500000| Untracked 
| 161|0x00000000ab500000, 0x00000000ab600000, 0x00000000ab600000|100%| O|  |TAMS 0x00000000ab600000| PB 0x00000000ab600000| Untracked 
| 162|0x00000000ab600000, 0x00000000ab700000, 0x00000000ab700000|100%| O|  |TAMS 0x00000000ab700000| PB 0x00000000ab700000| Untracked 
| 163|0x00000000ab700000, 0x00000000ab800000, 0x00000000ab800000|100%| O|  |TAMS 0x00000000ab800000| PB 0x00000000ab800000| Untracked 
| 164|0x00000000ab800000, 0x00000000ab900000, 0x00000000ab900000|100%| O|  |TAMS 0x00000000ab900000| PB 0x00000000ab900000| Untracked 
| 165|0x00000000ab900000, 0x00000000aba00000, 0x00000000aba00000|100%| O|  |TAMS 0x00000000aba00000| PB 0x00000000aba00000| Untracked 
| 166|0x00000000aba00000, 0x00000000abb00000, 0x00000000abb00000|100%| O|  |TAMS 0x00000000abb00000| PB 0x00000000abb00000| Updating 
| 167|0x00000000abb00000, 0x00000000abc00000, 0x00000000abc00000|100%| O|  |TAMS 0x00000000abc00000| PB 0x00000000abc00000| Updating 
| 168|0x00000000abc00000, 0x00000000abd00000, 0x00000000abd00000|100%| O|  |TAMS 0x00000000abcdda68| PB 0x00000000abcdda68| Updating 
| 169|0x00000000abd00000, 0x00000000abe00000, 0x00000000abe00000|100%| O|  |TAMS 0x00000000abd00000| PB 0x00000000abd00000| Untracked 
| 170|0x00000000abe00000, 0x00000000abf00000, 0x00000000abf00000|100%| O|  |TAMS 0x00000000abe00000| PB 0x00000000abe00000| Untracked 
| 171|0x00000000abf00000, 0x00000000ac000000, 0x00000000ac000000|100%| O|  |TAMS 0x00000000abf00000| PB 0x00000000abf00000| Untracked 
| 172|0x00000000ac000000, 0x00000000ac100000, 0x00000000ac100000|100%| O|  |TAMS 0x00000000ac000000| PB 0x00000000ac000000| Untracked 
| 173|0x00000000ac100000, 0x00000000ac200000, 0x00000000ac200000|100%| O|  |TAMS 0x00000000ac100000| PB 0x00000000ac100000| Untracked 
| 174|0x00000000ac200000, 0x00000000ac300000, 0x00000000ac300000|100%| O|  |TAMS 0x00000000ac200000| PB 0x00000000ac200000| Untracked 
| 175|0x00000000ac300000, 0x00000000ac400000, 0x00000000ac400000|100%| O|  |TAMS 0x00000000ac300000| PB 0x00000000ac300000| Untracked 
| 176|0x00000000ac400000, 0x00000000ac500000, 0x00000000ac500000|100%| O|  |TAMS 0x00000000ac400000| PB 0x00000000ac400000| Untracked 
| 177|0x00000000ac500000, 0x00000000ac600000, 0x00000000ac600000|100%| O|  |TAMS 0x00000000ac500000| PB 0x00000000ac500000| Untracked 
| 178|0x00000000ac600000, 0x00000000ac600000, 0x00000000ac700000|  0%| F|  |TAMS 0x00000000ac600000| PB 0x00000000ac600000| Untracked 
| 179|0x00000000ac700000, 0x00000000ac700000, 0x00000000ac800000|  0%| F|  |TAMS 0x00000000ac700000| PB 0x00000000ac700000| Untracked 
| 180|0x00000000ac800000, 0x00000000ac800000, 0x00000000ac900000|  0%| F|  |TAMS 0x00000000ac800000| PB 0x00000000ac800000| Untracked 
| 181|0x00000000ac900000, 0x00000000ac900000, 0x00000000aca00000|  0%| F|  |TAMS 0x00000000ac900000| PB 0x00000000ac900000| Untracked 
| 182|0x00000000aca00000, 0x00000000aca00000, 0x00000000acb00000|  0%| F|  |TAMS 0x00000000aca00000| PB 0x00000000aca00000| Untracked 
| 183|0x00000000acb00000, 0x00000000acb00000, 0x00000000acc00000|  0%| F|  |TAMS 0x00000000acb00000| PB 0x00000000acb00000| Untracked 
| 184|0x00000000acc00000, 0x00000000acc00000, 0x00000000acd00000|  0%| F|  |TAMS 0x00000000acc00000| PB 0x00000000acc00000| Untracked 
| 185|0x00000000acd00000, 0x00000000acd00000, 0x00000000ace00000|  0%| F|  |TAMS 0x00000000acd00000| PB 0x00000000acd00000| Untracked 
| 186|0x00000000ace00000, 0x00000000ace00000, 0x00000000acf00000|  0%| F|  |TAMS 0x00000000ace00000| PB 0x00000000ace00000| Untracked 
| 187|0x00000000acf00000, 0x00000000acf00000, 0x00000000ad000000|  0%| F|  |TAMS 0x00000000acf00000| PB 0x00000000acf00000| Untracked 
| 188|0x00000000ad000000, 0x00000000ad000000, 0x00000000ad100000|  0%| F|  |TAMS 0x00000000ad000000| PB 0x00000000ad000000| Untracked 
| 189|0x00000000ad100000, 0x00000000ad100000, 0x00000000ad200000|  0%| F|  |TAMS 0x00000000ad100000| PB 0x00000000ad100000| Untracked 
| 190|0x00000000ad200000, 0x00000000ad200000, 0x00000000ad300000|  0%| F|  |TAMS 0x00000000ad200000| PB 0x00000000ad200000| Untracked 
| 191|0x00000000ad300000, 0x00000000ad300000, 0x00000000ad400000|  0%| F|  |TAMS 0x00000000ad300000| PB 0x00000000ad300000| Untracked 
| 192|0x00000000ad400000, 0x00000000ad400000, 0x00000000ad500000|  0%| F|  |TAMS 0x00000000ad400000| PB 0x00000000ad400000| Untracked 
| 193|0x00000000ad500000, 0x00000000ad500000, 0x00000000ad600000|  0%| F|  |TAMS 0x00000000ad500000| PB 0x00000000ad500000| Untracked 
| 194|0x00000000ad600000, 0x00000000ad600000, 0x00000000ad700000|  0%| F|  |TAMS 0x00000000ad600000| PB 0x00000000ad600000| Untracked 
| 195|0x00000000ad700000, 0x00000000ad700000, 0x00000000ad800000|  0%| F|  |TAMS 0x00000000ad700000| PB 0x00000000ad700000| Untracked 
| 196|0x00000000ad800000, 0x00000000ad800000, 0x00000000ad900000|  0%| F|  |TAMS 0x00000000ad800000| PB 0x00000000ad800000| Untracked 
| 197|0x00000000ad900000, 0x00000000ad900000, 0x00000000ada00000|  0%| F|  |TAMS 0x00000000ad900000| PB 0x00000000ad900000| Untracked 
| 198|0x00000000ada00000, 0x00000000ada00000, 0x00000000adb00000|  0%| F|  |TAMS 0x00000000ada00000| PB 0x00000000ada00000| Untracked 
| 199|0x00000000adb00000, 0x00000000adb00000, 0x00000000adc00000|  0%| F|  |TAMS 0x00000000adb00000| PB 0x00000000adb00000| Untracked 
| 200|0x00000000adc00000, 0x00000000adc00000, 0x00000000add00000|  0%| F|  |TAMS 0x00000000adc00000| PB 0x00000000adc00000| Untracked 
| 201|0x00000000add00000, 0x00000000add00000, 0x00000000ade00000|  0%| F|  |TAMS 0x00000000add00000| PB 0x00000000add00000| Untracked 
| 202|0x00000000ade00000, 0x00000000ade00000, 0x00000000adf00000|  0%| F|  |TAMS 0x00000000ade00000| PB 0x00000000ade00000| Untracked 
| 203|0x00000000adf00000, 0x00000000adf00000, 0x00000000ae000000|  0%| F|  |TAMS 0x00000000adf00000| PB 0x00000000adf00000| Untracked 
| 204|0x00000000ae000000, 0x00000000ae000000, 0x00000000ae100000|  0%| F|  |TAMS 0x00000000ae000000| PB 0x00000000ae000000| Untracked 
| 205|0x00000000ae100000, 0x00000000ae1b8890, 0x00000000ae200000| 72%| S|CS|TAMS 0x00000000ae100000| PB 0x00000000ae100000| Complete 
| 206|0x00000000ae200000, 0x00000000ae300000, 0x00000000ae300000|100%| S|CS|TAMS 0x00000000ae200000| PB 0x00000000ae200000| Complete 
| 207|0x00000000ae300000, 0x00000000ae400000, 0x00000000ae400000|100%| S|CS|TAMS 0x00000000ae300000| PB 0x00000000ae300000| Complete 
| 208|0x00000000ae400000, 0x00000000ae500000, 0x00000000ae500000|100%| S|CS|TAMS 0x00000000ae400000| PB 0x00000000ae400000| Complete 
| 209|0x00000000ae500000, 0x00000000ae600000, 0x00000000ae600000|100%| S|CS|TAMS 0x00000000ae500000| PB 0x00000000ae500000| Complete 
| 210|0x00000000ae600000, 0x00000000ae700000, 0x00000000ae700000|100%| S|CS|TAMS 0x00000000ae600000| PB 0x00000000ae600000| Complete 
| 211|0x00000000ae700000, 0x00000000ae800000, 0x00000000ae800000|100%| S|CS|TAMS 0x00000000ae700000| PB 0x00000000ae700000| Complete 
| 212|0x00000000ae800000, 0x00000000ae900000, 0x00000000ae900000|100%| S|CS|TAMS 0x00000000ae800000| PB 0x00000000ae800000| Complete 
| 213|0x00000000ae900000, 0x00000000ae900000, 0x00000000aea00000|  0%| F|  |TAMS 0x00000000ae900000| PB 0x00000000ae900000| Untracked 
| 214|0x00000000aea00000, 0x00000000aea00000, 0x00000000aeb00000|  0%| F|  |TAMS 0x00000000aea00000| PB 0x00000000aea00000| Untracked 
| 215|0x00000000aeb00000, 0x00000000aeb00000, 0x00000000aec00000|  0%| F|  |TAMS 0x00000000aeb00000| PB 0x00000000aeb00000| Untracked 
| 216|0x00000000aec00000, 0x00000000aec00000, 0x00000000aed00000|  0%| F|  |TAMS 0x00000000aec00000| PB 0x00000000aec00000| Untracked 
| 217|0x00000000aed00000, 0x00000000aed00000, 0x00000000aee00000|  0%| F|  |TAMS 0x00000000aed00000| PB 0x00000000aed00000| Untracked 
| 218|0x00000000aee00000, 0x00000000aee00000, 0x00000000aef00000|  0%| F|  |TAMS 0x00000000aee00000| PB 0x00000000aee00000| Untracked 
| 219|0x00000000aef00000, 0x00000000aef00000, 0x00000000af000000|  0%| F|  |TAMS 0x00000000aef00000| PB 0x00000000aef00000| Untracked 
| 220|0x00000000af000000, 0x00000000af000000, 0x00000000af100000|  0%| F|  |TAMS 0x00000000af000000| PB 0x00000000af000000| Untracked 
| 221|0x00000000af100000, 0x00000000af100000, 0x00000000af200000|  0%| F|  |TAMS 0x00000000af100000| PB 0x00000000af100000| Untracked 
| 222|0x00000000af200000, 0x00000000af200000, 0x00000000af300000|  0%| F|  |TAMS 0x00000000af200000| PB 0x00000000af200000| Untracked 
| 223|0x00000000af300000, 0x00000000af300000, 0x00000000af400000|  0%| F|  |TAMS 0x00000000af300000| PB 0x00000000af300000| Untracked 
| 224|0x00000000af400000, 0x00000000af400000, 0x00000000af500000|  0%| F|  |TAMS 0x00000000af400000| PB 0x00000000af400000| Untracked 
| 225|0x00000000af500000, 0x00000000af500000, 0x00000000af600000|  0%| F|  |TAMS 0x00000000af500000| PB 0x00000000af500000| Untracked 
| 226|0x00000000af600000, 0x00000000af600000, 0x00000000af700000|  0%| F|  |TAMS 0x00000000af600000| PB 0x00000000af600000| Untracked 
| 227|0x00000000af700000, 0x00000000af700000, 0x00000000af800000|  0%| F|  |TAMS 0x00000000af700000| PB 0x00000000af700000| Untracked 
| 228|0x00000000af800000, 0x00000000af800000, 0x00000000af900000|  0%| F|  |TAMS 0x00000000af800000| PB 0x00000000af800000| Untracked 
| 229|0x00000000af900000, 0x00000000af900000, 0x00000000afa00000|  0%| F|  |TAMS 0x00000000af900000| PB 0x00000000af900000| Untracked 
| 230|0x00000000afa00000, 0x00000000afa00000, 0x00000000afb00000|  0%| F|  |TAMS 0x00000000afa00000| PB 0x00000000afa00000| Untracked 
| 231|0x00000000afb00000, 0x00000000afb00000, 0x00000000afc00000|  0%| F|  |TAMS 0x00000000afb00000| PB 0x00000000afb00000| Untracked 
| 232|0x00000000afc00000, 0x00000000afc00000, 0x00000000afd00000|  0%| F|  |TAMS 0x00000000afc00000| PB 0x00000000afc00000| Untracked 
| 233|0x00000000afd00000, 0x00000000afd00000, 0x00000000afe00000|  0%| F|  |TAMS 0x00000000afd00000| PB 0x00000000afd00000| Untracked 
| 234|0x00000000afe00000, 0x00000000afe00000, 0x00000000aff00000|  0%| F|  |TAMS 0x00000000afe00000| PB 0x00000000afe00000| Untracked 
| 235|0x00000000aff00000, 0x00000000aff00000, 0x00000000b0000000|  0%| F|  |TAMS 0x00000000aff00000| PB 0x00000000aff00000| Untracked 
| 236|0x00000000b0000000, 0x00000000b0000000, 0x00000000b0100000|  0%| F|  |TAMS 0x00000000b0000000| PB 0x00000000b0000000| Untracked 
| 237|0x00000000b0100000, 0x00000000b0100000, 0x00000000b0200000|  0%| F|  |TAMS 0x00000000b0100000| PB 0x00000000b0100000| Untracked 
| 238|0x00000000b0200000, 0x00000000b0200000, 0x00000000b0300000|  0%| F|  |TAMS 0x00000000b0200000| PB 0x00000000b0200000| Untracked 
| 239|0x00000000b0300000, 0x00000000b0300000, 0x00000000b0400000|  0%| F|  |TAMS 0x00000000b0300000| PB 0x00000000b0300000| Untracked 
| 240|0x00000000b0400000, 0x00000000b0400000, 0x00000000b0500000|  0%| F|  |TAMS 0x00000000b0400000| PB 0x00000000b0400000| Untracked 
| 241|0x00000000b0500000, 0x00000000b0500000, 0x00000000b0600000|  0%| F|  |TAMS 0x00000000b0500000| PB 0x00000000b0500000| Untracked 
| 242|0x00000000b0600000, 0x00000000b0600000, 0x00000000b0700000|  0%| F|  |TAMS 0x00000000b0600000| PB 0x00000000b0600000| Untracked 
| 243|0x00000000b0700000, 0x00000000b0700000, 0x00000000b0800000|  0%| F|  |TAMS 0x00000000b0700000| PB 0x00000000b0700000| Untracked 
| 244|0x00000000b0800000, 0x00000000b0800000, 0x00000000b0900000|  0%| F|  |TAMS 0x00000000b0800000| PB 0x00000000b0800000| Untracked 
| 245|0x00000000b0900000, 0x00000000b0900000, 0x00000000b0a00000|  0%| F|  |TAMS 0x00000000b0900000| PB 0x00000000b0900000| Untracked 
| 246|0x00000000b0a00000, 0x00000000b0a00000, 0x00000000b0b00000|  0%| F|  |TAMS 0x00000000b0a00000| PB 0x00000000b0a00000| Untracked 
| 247|0x00000000b0b00000, 0x00000000b0b00000, 0x00000000b0c00000|  0%| F|  |TAMS 0x00000000b0b00000| PB 0x00000000b0b00000| Untracked 
| 248|0x00000000b0c00000, 0x00000000b0c00000, 0x00000000b0d00000|  0%| F|  |TAMS 0x00000000b0c00000| PB 0x00000000b0c00000| Untracked 
| 249|0x00000000b0d00000, 0x00000000b0d00000, 0x00000000b0e00000|  0%| F|  |TAMS 0x00000000b0d00000| PB 0x00000000b0d00000| Untracked 
| 250|0x00000000b0e00000, 0x00000000b0e00000, 0x00000000b0f00000|  0%| F|  |TAMS 0x00000000b0e00000| PB 0x00000000b0e00000| Untracked 
| 251|0x00000000b0f00000, 0x00000000b0f00000, 0x00000000b1000000|  0%| F|  |TAMS 0x00000000b0f00000| PB 0x00000000b0f00000| Untracked 
| 252|0x00000000b1000000, 0x00000000b1000000, 0x00000000b1100000|  0%| F|  |TAMS 0x00000000b1000000| PB 0x00000000b1000000| Untracked 
| 253|0x00000000b1100000, 0x00000000b1100000, 0x00000000b1200000|  0%| F|  |TAMS 0x00000000b1100000| PB 0x00000000b1100000| Untracked 
| 254|0x00000000b1200000, 0x00000000b1200000, 0x00000000b1300000|  0%| F|  |TAMS 0x00000000b1200000| PB 0x00000000b1200000| Untracked 
| 255|0x00000000b1300000, 0x00000000b1300000, 0x00000000b1400000|  0%| F|  |TAMS 0x00000000b1300000| PB 0x00000000b1300000| Untracked 
| 256|0x00000000b1400000, 0x00000000b1400000, 0x00000000b1500000|  0%| F|  |TAMS 0x00000000b1400000| PB 0x00000000b1400000| Untracked 
| 257|0x00000000b1500000, 0x00000000b1500000, 0x00000000b1600000|  0%| F|  |TAMS 0x00000000b1500000| PB 0x00000000b1500000| Untracked 
| 258|0x00000000b1600000, 0x00000000b1600000, 0x00000000b1700000|  0%| F|  |TAMS 0x00000000b1600000| PB 0x00000000b1600000| Untracked 
| 259|0x00000000b1700000, 0x00000000b1700000, 0x00000000b1800000|  0%| F|  |TAMS 0x00000000b1700000| PB 0x00000000b1700000| Untracked 
| 260|0x00000000b1800000, 0x00000000b1800000, 0x00000000b1900000|  0%| F|  |TAMS 0x00000000b1800000| PB 0x00000000b1800000| Untracked 
| 261|0x00000000b1900000, 0x00000000b1900000, 0x00000000b1a00000|  0%| F|  |TAMS 0x00000000b1900000| PB 0x00000000b1900000| Untracked 
| 262|0x00000000b1a00000, 0x00000000b1a00000, 0x00000000b1b00000|  0%| F|  |TAMS 0x00000000b1a00000| PB 0x00000000b1a00000| Untracked 
| 263|0x00000000b1b00000, 0x00000000b1b80800, 0x00000000b1c00000| 50%| E|  |TAMS 0x00000000b1b00000| PB 0x00000000b1b00000| Complete 
| 264|0x00000000b1c00000, 0x00000000b1d00000, 0x00000000b1d00000|100%| E|CS|TAMS 0x00000000b1c00000| PB 0x00000000b1c00000| Complete 
| 265|0x00000000b1d00000, 0x00000000b1e00000, 0x00000000b1e00000|100%| E|CS|TAMS 0x00000000b1d00000| PB 0x00000000b1d00000| Complete 
| 266|0x00000000b1e00000, 0x00000000b1f00000, 0x00000000b1f00000|100%| E|CS|TAMS 0x00000000b1e00000| PB 0x00000000b1e00000| Complete 
| 267|0x00000000b1f00000, 0x00000000b2000000, 0x00000000b2000000|100%| E|CS|TAMS 0x00000000b1f00000| PB 0x00000000b1f00000| Complete 
| 268|0x00000000b2000000, 0x00000000b2100000, 0x00000000b2100000|100%| E|CS|TAMS 0x00000000b2000000| PB 0x00000000b2000000| Complete 
| 269|0x00000000b2100000, 0x00000000b2200000, 0x00000000b2200000|100%| E|CS|TAMS 0x00000000b2100000| PB 0x00000000b2100000| Complete 
| 270|0x00000000b2200000, 0x00000000b2300000, 0x00000000b2300000|100%| E|CS|TAMS 0x00000000b2200000| PB 0x00000000b2200000| Complete 
| 271|0x00000000b2300000, 0x00000000b2400000, 0x00000000b2400000|100%| E|CS|TAMS 0x00000000b2300000| PB 0x00000000b2300000| Complete 
| 272|0x00000000b2400000, 0x00000000b2500000, 0x00000000b2500000|100%| E|CS|TAMS 0x00000000b2400000| PB 0x00000000b2400000| Complete 
| 273|0x00000000b2500000, 0x00000000b2600000, 0x00000000b2600000|100%| E|CS|TAMS 0x00000000b2500000| PB 0x00000000b2500000| Complete 
| 274|0x00000000b2600000, 0x00000000b2700000, 0x00000000b2700000|100%| E|CS|TAMS 0x00000000b2600000| PB 0x00000000b2600000| Complete 
| 275|0x00000000b2700000, 0x00000000b2800000, 0x00000000b2800000|100%| E|CS|TAMS 0x00000000b2700000| PB 0x00000000b2700000| Complete 
|1513|0x00000000ffd00000, 0x00000000ffe00000, 0x00000000ffe00000|100%| O|  |TAMS 0x00000000ffe00000| PB 0x00000000ffe00000| Updating 
|1514|0x00000000ffe00000, 0x00000000fff00000, 0x00000000fff00000|100%| O|  |TAMS 0x00000000fff00000| PB 0x00000000fff00000| Untracked 
|1515|0x00000000fff00000, 0x0000000100000000, 0x0000000100000000|100%| O|  |TAMS 0x0000000100000000| PB 0x0000000100000000| Untracked 

Card table byte_map: [0x000001bc964e0000,0x000001bc967e0000] _byte_map_base: 0x000001bc95fd6000

Marking Bits: (CMBitMap*) 0x000001bc81ea2190
 Bits: [0x000001bc967e0000, 0x000001bc97f90000)

Polling page: 0x000001bc81d20000

Metaspace:

Usage:
  Non-class:     55.07 MB used.
      Class:      6.82 MB used.
       Both:     61.89 MB used.

Virtual space:
  Non-class space:       64.00 MB reserved,      55.25 MB ( 86%) committed,  1 nodes.
      Class space:        1.00 GB reserved,       7.00 MB ( <1%) committed,  1 nodes.
             Both:        1.06 GB reserved,      62.25 MB (  6%) committed. 

Chunk freelists:
   Non-Class:  8.56 MB
       Class:  8.98 MB
        Both:  17.55 MB

MaxMetaspaceSize: unlimited
CompressedClassSpaceSize: 1.00 GB
Initial GC threshold: 21.00 MB
Current GC threshold: 101.50 MB
CDS: off
 - commit_granule_bytes: 65536.
 - commit_granule_words: 8192.
 - virtual_space_node_default_size: 8388608.
 - enlarge_chunks_in_place: 1.
 - use_allocation_guard: 0.


Internal statistics:

num_allocs_failed_limit: 6.
num_arena_births: 340.
num_arena_deaths: 0.
num_vsnodes_births: 2.
num_vsnodes_deaths: 0.
num_space_committed: 994.
num_space_uncommitted: 0.
num_chunks_returned_to_freelist: 6.
num_chunks_taken_from_freelist: 2332.
num_chunk_merges: 6.
num_chunk_splits: 1869.
num_chunks_enlarged: 1671.
num_inconsistent_stats: 0.

CodeHeap 'non-profiled nmethods': size=120000Kb used=5436Kb max_used=5437Kb free=114563Kb
 bounds [0x000001bc8e250000, 0x000001bc8e7a0000, 0x000001bc95780000]
CodeHeap 'profiled nmethods': size=120000Kb used=27508Kb max_used=27754Kb free=92491Kb
 bounds [0x000001bc86780000, 0x000001bc882a0000, 0x000001bc8dcb0000]
CodeHeap 'non-nmethods': size=5760Kb used=1638Kb max_used=1726Kb free=4121Kb
 bounds [0x000001bc8dcb0000, 0x000001bc8df20000, 0x000001bc8e250000]
 total_blobs=9243 nmethods=8558 adapters=588
 compilation: enabled
              stopped_count=0, restarted_count=0
 full_count=0

Compilation events (20 events):
Event: 26.228 Thread 0x000001bc9f04eb80 nmethod 9895 0x000001bc88294c90 code [0x000001bc88294f40, 0x000001bc88295bd8]
Event: 26.228 Thread 0x000001bc9f04eb80 9896       3       org.jetbrains.kotlin.fir.expressions.impl.FirRegularWhenBranch::setCondition (12 bytes)
Event: 26.229 Thread 0x000001bc9f04eb80 nmethod 9896 0x000001bc88296010 code [0x000001bc88296220, 0x000001bc88296810]
Event: 26.229 Thread 0x000001bc9f04eb80 9897       3       org.jetbrains.kotlin.fir.expressions.impl.FirRegularWhenBranch::transformResult (24 bytes)
Event: 26.230 Thread 0x000001bc9f04eb80 nmethod 9897 0x000001bc88296a90 code [0x000001bc88296e40, 0x000001bc88298518]
Event: 26.230 Thread 0x000001bc9f04eb80 9898       3       org.jetbrains.kotlin.fir.expressions.impl.FirRegularWhenBranch::setResult (12 bytes)
Event: 26.231 Thread 0x000001bc9f04eb80 nmethod 9898 0x000001bc88298d10 code [0x000001bc88298f20, 0x000001bc88299510]
Event: 26.233 Thread 0x000001bc9f04eb80 9899       3       org.jetbrains.kotlin.fir.resolve.dfa.Statement::<init> (5 bytes)
Event: 26.234 Thread 0x000001bc9f04eb80 nmethod 9899 0x000001bc88299790 code [0x000001bc88299940, 0x000001bc88299b08]
Event: 26.234 Thread 0x000001bc9f04eb80 9900       3       org.jetbrains.kotlin.fir.resolve.dfa.Statement::<init> (5 bytes)
Event: 26.234 Thread 0x000001bc9f04eb80 nmethod 9900 0x000001bc88299c10 code [0x000001bc88299da0, 0x000001bc88299f08]
Event: 26.234 Thread 0x000001bc9f04eb80 9901       1       org.jetbrains.kotlin.kotlinx.collections.immutable.implementations.persistentOrderedSet.Links::getNext (5 bytes)
Event: 26.234 Thread 0x000001bc9f04eb80 nmethod 9901 0x000001bc8e79f090 code [0x000001bc8e79f220, 0x000001bc8e79f2e8]
Event: 26.237 Thread 0x000001bc9f04eb80 9902       1       org.jetbrains.kotlin.fir.declarations.impl.FirErrorFunctionImpl::getValueParameters (5 bytes)
Event: 26.237 Thread 0x000001bc9f04eb80 nmethod 9902 0x000001bc8e79f390 code [0x000001bc8e79f520, 0x000001bc8e79f5e8]
Event: 26.254 Thread 0x000001bc9f04eb80 9903       3       org.jetbrains.kotlin.fir.resolve.calls.stages.CheckDslScopeViolation::check$checkReceiver (77 bytes)
Event: 26.257 Thread 0x000001bc9f04eb80 nmethod 9903 0x000001bc8829a010 code [0x000001bc8829a3c0, 0x000001bc8829bd00]
Event: 26.284 Thread 0x000001bc9f04eb80 9904       3       org.jetbrains.kotlin.fir.resolve.calls.tower.MemberScopeTowerLevel$$Lambda/0x000000010060aaa8::<init> (26 bytes)
Event: 26.285 Thread 0x000001bc9f04eb80 nmethod 9904 0x000001bc8829c590 code [0x000001bc8829c740, 0x000001bc8829ca18]
Event: 26.293 Thread 0x000001bc9f04eb80 9905       3       org.jetbrains.kotlin.fir.resolve.calls.tower.MemberScopeTowerLevel::processMembers (695 bytes)

GC Heap History (20 events):
Event: 14.326 GC heap before
{Heap before GC invocations=21 (full 0):
 garbage-first heap   total 176128K, used 141720K [0x00000000a1400000, 0x0000000100000000)
  region size 1024K, 69 young (70656K), 3 survivors (3072K)
 Metaspace       used 54777K, committed 55104K, reserved 1114112K
  class space    used 6128K, committed 6272K, reserved 1048576K
}
Event: 14.348 GC heap after
{Heap after GC invocations=22 (full 0):
 garbage-first heap   total 176128K, used 91542K [0x00000000a1400000, 0x0000000100000000)
  region size 1024K, 9 young (9216K), 9 survivors (9216K)
 Metaspace       used 54777K, committed 55104K, reserved 1114112K
  class space    used 6128K, committed 6272K, reserved 1048576K
}
Event: 15.418 GC heap before
{Heap before GC invocations=22 (full 0):
 garbage-first heap   total 176128K, used 139670K [0x00000000a1400000, 0x0000000100000000)
  region size 1024K, 56 young (57344K), 9 survivors (9216K)
 Metaspace       used 55950K, committed 56256K, reserved 1114112K
  class space    used 6246K, committed 6400K, reserved 1048576K
}
Event: 15.439 GC heap after
{Heap after GC invocations=23 (full 0):
 garbage-first heap   total 176128K, used 102912K [0x00000000a1400000, 0x0000000100000000)
  region size 1024K, 7 young (7168K), 7 survivors (7168K)
 Metaspace       used 55950K, committed 56256K, reserved 1114112K
  class space    used 6246K, committed 6400K, reserved 1048576K
}
Event: 17.267 GC heap before
{Heap before GC invocations=23 (full 0):
 garbage-first heap   total 176128K, used 145920K [0x00000000a1400000, 0x0000000100000000)
  region size 1024K, 49 young (50176K), 7 survivors (7168K)
 Metaspace       used 57806K, committed 58176K, reserved 1114112K
  class space    used 6354K, committed 6528K, reserved 1048576K
}
Event: 17.289 GC heap after
{Heap after GC invocations=24 (full 0):
 garbage-first heap   total 176128K, used 111616K [0x00000000a1400000, 0x0000000100000000)
  region size 1024K, 7 young (7168K), 7 survivors (7168K)
 Metaspace       used 57806K, committed 58176K, reserved 1114112K
  class space    used 6354K, committed 6528K, reserved 1048576K
}
Event: 18.792 GC heap before
{Heap before GC invocations=24 (full 0):
 garbage-first heap   total 176128K, used 151552K [0x00000000a1400000, 0x0000000100000000)
  region size 1024K, 46 young (47104K), 7 survivors (7168K)
 Metaspace       used 61871K, committed 62208K, reserved 1114112K
  class space    used 6884K, committed 7040K, reserved 1048576K
}
Event: 18.810 GC heap after
{Heap after GC invocations=25 (full 0):
 garbage-first heap   total 176128K, used 118613K [0x00000000a1400000, 0x0000000100000000)
  region size 1024K, 6 young (6144K), 6 survivors (6144K)
 Metaspace       used 61871K, committed 62208K, reserved 1114112K
  class space    used 6884K, committed 7040K, reserved 1048576K
}
Event: 19.425 GC heap before
{Heap before GC invocations=26 (full 0):
 garbage-first heap   total 196608K, used 154453K [0x00000000a1400000, 0x0000000100000000)
  region size 1024K, 42 young (43008K), 6 survivors (6144K)
 Metaspace       used 62052K, committed 62336K, reserved 1114112K
  class space    used 6899K, committed 7040K, reserved 1048576K
}
Event: 19.445 GC heap after
{Heap after GC invocations=27 (full 0):
 garbage-first heap   total 196608K, used 125300K [0x00000000a1400000, 0x0000000100000000)
  region size 1024K, 6 young (6144K), 6 survivors (6144K)
 Metaspace       used 62052K, committed 62336K, reserved 1114112K
  class space    used 6899K, committed 7040K, reserved 1048576K
}
Event: 19.598 GC heap before
{Heap before GC invocations=27 (full 0):
 garbage-first heap   total 196608K, used 171380K [0x00000000a1400000, 0x0000000100000000)
  region size 1024K, 51 young (52224K), 6 survivors (6144K)
 Metaspace       used 62052K, committed 62336K, reserved 1114112K
  class space    used 6899K, committed 7040K, reserved 1048576K
}
Event: 19.618 GC heap after
{Heap after GC invocations=28 (full 0):
 garbage-first heap   total 196608K, used 136192K [0x00000000a1400000, 0x0000000100000000)
  region size 1024K, 7 young (7168K), 7 survivors (7168K)
 Metaspace       used 62052K, committed 62336K, reserved 1114112K
  class space    used 6899K, committed 7040K, reserved 1048576K
}
Event: 19.818 GC heap before
{Heap before GC invocations=28 (full 0):
 garbage-first heap   total 196608K, used 174080K [0x00000000a1400000, 0x0000000100000000)
  region size 1024K, 44 young (45056K), 7 survivors (7168K)
 Metaspace       used 62052K, committed 62336K, reserved 1114112K
  class space    used 6899K, committed 7040K, reserved 1048576K
}
Event: 19.835 GC heap after
{Heap after GC invocations=29 (full 0):
 garbage-first heap   total 285696K, used 146415K [0x00000000a1400000, 0x0000000100000000)
  region size 1024K, 6 young (6144K), 6 survivors (6144K)
 Metaspace       used 62052K, committed 62336K, reserved 1114112K
  class space    used 6899K, committed 7040K, reserved 1048576K
}
Event: 22.646 GC heap before
{Heap before GC invocations=30 (full 0):
 garbage-first heap   total 285696K, used 237551K [0x00000000a1400000, 0x0000000100000000)
  region size 1024K, 95 young (97280K), 6 survivors (6144K)
 Metaspace       used 62671K, committed 62976K, reserved 1114112K
  class space    used 6938K, committed 7104K, reserved 1048576K
}
Event: 22.702 GC heap after
{Heap after GC invocations=31 (full 0):
 garbage-first heap   total 285696K, used 165209K [0x00000000a1400000, 0x0000000100000000)
  region size 1024K, 12 young (12288K), 12 survivors (12288K)
 Metaspace       used 62671K, committed 62976K, reserved 1114112K
  class space    used 6938K, committed 7104K, reserved 1048576K
}
Event: 23.180 GC heap before
{Heap before GC invocations=31 (full 0):
 garbage-first heap   total 285696K, used 242009K [0x00000000a1400000, 0x0000000100000000)
  region size 1024K, 87 young (89088K), 12 survivors (12288K)
 Metaspace       used 62681K, committed 63040K, reserved 1114112K
  class space    used 6938K, committed 7104K, reserved 1048576K
}
Event: 23.210 GC heap after
{Heap after GC invocations=32 (full 0):
 garbage-first heap   total 285696K, used 184182K [0x00000000a1400000, 0x0000000100000000)
  region size 1024K, 11 young (11264K), 11 survivors (11264K)
 Metaspace       used 62681K, committed 63040K, reserved 1114112K
  class space    used 6938K, committed 7104K, reserved 1048576K
}
Event: 25.858 GC heap before
{Heap before GC invocations=32 (full 0):
 garbage-first heap   total 285696K, used 248694K [0x00000000a1400000, 0x0000000100000000)
  region size 1024K, 74 young (75776K), 11 survivors (11264K)
 Metaspace       used 63326K, committed 63744K, reserved 1114112K
  class space    used 6979K, committed 7168K, reserved 1048576K
}
Event: 25.881 GC heap after
{Heap after GC invocations=33 (full 0):
 garbage-first heap   total 285696K, used 193250K [0x00000000a1400000, 0x0000000100000000)
  region size 1024K, 8 young (8192K), 8 survivors (8192K)
 Metaspace       used 63326K, committed 63744K, reserved 1114112K
  class space    used 6979K, committed 7168K, reserved 1048576K
}

Dll operation events (3 events):
Event: 0.029 Loaded shared library D:\Aplikasi\Android Studio 2024\Setup\jbr\bin\java.dll
Event: 0.049 Loaded shared library D:\Aplikasi\Android Studio 2024\Setup\jbr\bin\zip.dll
Event: 2.961 Loaded shared library D:\Aplikasi\Android Studio 2024\Setup\jbr\bin\verify.dll

Deoptimization events (20 events):
Event: 25.971 Thread 0x000001bc81d5b110 Uncommon trap: trap_request=0xffffff45 fr.pc=0x000001bc8e2c6ab0 relative=0x0000000000000210
Event: 25.971 Thread 0x000001bc81d5b110 Uncommon trap: reason=unstable_if action=reinterpret pc=0x000001bc8e2c6ab0 method=java.lang.StringUTF16.compress([CII)[B @ 13 c2
Event: 25.971 Thread 0x000001bc81d5b110 DEOPT PACKING pc=0x000001bc8e2c6ab0 sp=0x00000077db6f2ee0
Event: 25.971 Thread 0x000001bc81d5b110 DEOPT UNPACKING pc=0x000001bc8dd046a2 sp=0x00000077db6f2e68 mode 2
Event: 26.165 Thread 0x000001bc81d5b110 Uncommon trap: trap_request=0xffffff45 fr.pc=0x000001bc8e3149c8 relative=0x0000000000000588
Event: 26.165 Thread 0x000001bc81d5b110 Uncommon trap: reason=unstable_if action=reinterpret pc=0x000001bc8e3149c8 method=kotlin.ranges.RangesKt___RangesKt.coerceAtMost(II)I @ 2 c2
Event: 26.165 Thread 0x000001bc81d5b110 DEOPT PACKING pc=0x000001bc8e3149c8 sp=0x00000077db6f9580
Event: 26.165 Thread 0x000001bc81d5b110 DEOPT UNPACKING pc=0x000001bc8dd046a2 sp=0x00000077db6f94b0 mode 2
Event: 26.170 Thread 0x000001bc81d5b110 Uncommon trap: trap_request=0xffffff45 fr.pc=0x000001bc8e793448 relative=0x0000000000003528
Event: 26.170 Thread 0x000001bc81d5b110 Uncommon trap: reason=unstable_if action=reinterpret pc=0x000001bc8e793448 method=org.jetbrains.kotlin.fir.resolve.calls.tower.MemberScopeTowerLevel.getOriginalReceiverExpressionIfStableSmartCast()Lorg/jetbrains/kotlin/fir/expressions/FirExpression; @ 12 
Event: 26.170 Thread 0x000001bc81d5b110 DEOPT PACKING pc=0x000001bc8e793448 sp=0x00000077db6f8f00
Event: 26.170 Thread 0x000001bc81d5b110 DEOPT UNPACKING pc=0x000001bc8dd046a2 sp=0x00000077db6f8e00 mode 2
Event: 26.176 Thread 0x000001bc81d5b110 Uncommon trap: trap_request=0xffffff45 fr.pc=0x000001bc8e78cb28 relative=0x0000000000000328
Event: 26.177 Thread 0x000001bc81d5b110 Uncommon trap: reason=unstable_if action=reinterpret pc=0x000001bc8e78cb28 method=org.jetbrains.kotlin.fir.expressions.ReferenceUtilsKt.toReferenceImpl(Lorg/jetbrains/kotlin/fir/expressions/FirExpression;Lorg/jetbrains/kotlin/fir/FirSession;)Lorg/jetbrain
Event: 26.177 Thread 0x000001bc81d5b110 DEOPT PACKING pc=0x000001bc8e78cb28 sp=0x00000077db6f8710
Event: 26.177 Thread 0x000001bc81d5b110 DEOPT UNPACKING pc=0x000001bc8dd046a2 sp=0x00000077db6f85d0 mode 2
Event: 26.178 Thread 0x000001bc81d5b110 Uncommon trap: trap_request=0xffffff45 fr.pc=0x000001bc8e574298 relative=0x00000000000000f8
Event: 26.178 Thread 0x000001bc81d5b110 Uncommon trap: reason=unstable_if action=reinterpret pc=0x000001bc8e574298 method=org.jetbrains.kotlin.fir.types.ConeTypeContext.asDefinitelyNotNullType(Lorg/jetbrains/kotlin/types/model/RigidTypeMarker;)Lorg/jetbrains/kotlin/types/model/DefinitelyNotNull
Event: 26.178 Thread 0x000001bc81d5b110 DEOPT PACKING pc=0x000001bc8e574298 sp=0x00000077db6fa2e0
Event: 26.178 Thread 0x000001bc81d5b110 DEOPT UNPACKING pc=0x000001bc8dd046a2 sp=0x00000077db6fa1a0 mode 2

Classes loaded (20 events):
Event: 17.632 Loading class java/util/stream/Sink$ChainedReference done
Event: 17.632 Loading class java/util/stream/ReferencePipeline$2$1 done
Event: 17.632 Loading class java/util/stream/ReferencePipeline$3$1
Event: 17.632 Loading class java/util/stream/ReferencePipeline$3$1 done
Event: 17.699 Loading class java/util/regex/Pattern$StartS
Event: 17.699 Loading class java/util/regex/Pattern$StartS done
Event: 17.704 Loading class java/util/Collections$SynchronizedSet
Event: 17.705 Loading class java/util/Collections$SynchronizedCollection
Event: 17.705 Loading class java/util/Collections$SynchronizedCollection done
Event: 17.705 Loading class java/util/Collections$SynchronizedSet done
Event: 17.736 Loading class java/util/EnumMap$EntrySet
Event: 17.737 Loading class java/util/EnumMap$EntrySet done
Event: 17.737 Loading class java/util/EnumMap$EntryIterator
Event: 17.737 Loading class java/util/EnumMap$EnumMapIterator
Event: 17.737 Loading class java/util/EnumMap$EnumMapIterator done
Event: 17.737 Loading class java/util/EnumMap$EntryIterator done
Event: 17.737 Loading class java/util/EnumMap$EntryIterator$Entry
Event: 17.738 Loading class java/util/EnumMap$EntryIterator$Entry done
Event: 20.613 Loading class java/lang/Short$ShortCache
Event: 20.614 Loading class java/lang/Short$ShortCache done

Classes unloaded (0 events):
No events

Classes redefined (0 events):
No events

Internal exceptions (20 events):
Event: 10.713 Thread 0x000001bc81d5b110 Implicit null exception at 0x000001bc8e433309 to 0x000001bc8e433b8a
Event: 10.714 Thread 0x000001bc81d5b110 Implicit null exception at 0x000001bc8e2df346 to 0x000001bc8e2df608
Event: 10.718 Thread 0x000001bc81d5b110 Implicit null exception at 0x000001bc8e28bbbd to 0x000001bc8e28bc39
Event: 11.272 Thread 0x000001bc81d5b110 Exception <a 'java/lang/NoSuchMethodError'{0x00000000a58698b8}: 'java.lang.Object java.lang.invoke.DirectMethodHandle$Holder.newInvokeSpecial(java.lang.Object, java.lang.Object, java.lang.Object, java.lang.Object, java.lang.Object, java.lang.Object)'> (0x00000000a58698b8) 
thrown [s\src\hotspot\share\interpreter\linkResolver.cpp, line 784]
Event: 13.168 Thread 0x000001bc81d5b110 Exception <a 'java/lang/NoSuchMethodError'{0x00000000a638a330}: 'java.lang.Object java.lang.invoke.DirectMethodHandle$Holder.newInvokeSpecial(java.lang.Object, java.lang.Object, java.lang.Object, java.lang.Object, int, java.lang.Object, java.lang.Object)'> (0x00000000a638a330) 
thrown [s\src\hotspot\share\interpreter\linkResolver.cpp, line 784]
Event: 13.170 Thread 0x000001bc81d5b110 Exception <a 'java/lang/NoSuchMethodError'{0x00000000a6392550}: 'java.lang.Object java.lang.invoke.Invokers$Holder.linkToTargetMethod(java.lang.Object, java.lang.Object, java.lang.Object, int, java.lang.Object, java.lang.Object, java.lang.Object)'> (0x00000000a6392550) 
thrown [s\src\hotspot\share\interpreter\linkResolver.cpp, line 784]
Event: 14.637 Thread 0x000001bc81d5b110 Exception <a 'java/lang/NoSuchMethodError'{0x00000000aa22bd58}: 'java.lang.Object java.lang.invoke.DirectMethodHandle$Holder.invokeSpecial(java.lang.Object, java.lang.Object, int, java.lang.Object, java.lang.Object)'> (0x00000000aa22bd58) 
thrown [s\src\hotspot\share\interpreter\linkResolver.cpp, line 784]
Event: 14.790 Thread 0x000001bc81d5b110 Exception <a 'java/lang/NoSuchMethodError'{0x00000000aa072608}: 'java.lang.Object java.lang.invoke.DirectMethodHandle$Holder.invokeStatic(java.lang.Object, int, java.lang.Object, java.lang.Object)'> (0x00000000aa072608) 
thrown [s\src\hotspot\share\interpreter\linkResolver.cpp, line 784]
Event: 14.791 Thread 0x000001bc81d5b110 Exception <a 'java/lang/NoSuchMethodError'{0x00000000aa079c28}: 'java.lang.Object java.lang.invoke.DirectMethodHandle$Holder.newInvokeSpecial(java.lang.Object, int, java.lang.Object)'> (0x00000000aa079c28) 
thrown [s\src\hotspot\share\interpreter\linkResolver.cpp, line 784]
Event: 15.639 Thread 0x000001bc81d5b110 Exception <a 'java/lang/NoSuchMethodError'{0x00000000ab556890}: 'java.lang.Object java.lang.invoke.DirectMethodHandle$Holder.invokeStatic(java.lang.Object, java.lang.Object, java.lang.Object, int, java.lang.Object, java.lang.Object)'> (0x00000000ab556890) 
thrown [s\src\hotspot\share\interpreter\linkResolver.cpp, line 784]
Event: 17.342 Thread 0x000001bc81d5b110 Exception <a 'java/lang/NoSuchMethodError'{0x00000000abcf6c58}: 'java.lang.Object java.lang.invoke.DirectMethodHandle$Holder.newInvokeSpecial(java.lang.Object, java.lang.Object, java.lang.Object, java.lang.Object, java.lang.Object, java.lang.Object, java.lang.Object, java.lang.Object, java.lang.Object)'> (0x00000000abcf6c58) 
thrown [s\src\hotspot\share\interpreter\linkResolver.cpp, line 784]
Event: 17.661 Thread 0x000001bc81d5b110 Exception <a 'java/lang/NoSuchMethodError'{0x00000000ab4176b0}: 'java.lang.Object java.lang.invoke.Invokers$Holder.invokeExact_MT(java.lang.Object, java.lang.Object, long, java.lang.Object)'> (0x00000000ab4176b0) 
thrown [s\src\hotspot\share\interpreter\linkResolver.cpp, line 784]
Event: 17.735 Thread 0x000001bc81d5b110 Implicit null exception at 0x000001bc8e599f65 to 0x000001bc8e59a7cc
Event: 18.488 Thread 0x000001bc81d5b110 Exception <a 'java/lang/NoSuchMethodError'{0x00000000a9dc14f8}: 'java.lang.Object java.lang.invoke.DirectMethodHandle$Holder.newInvokeSpecial(java.lang.Object, int, java.lang.Object, java.lang.Object, java.lang.Object)'> (0x00000000a9dc14f8) 
thrown [s\src\hotspot\share\interpreter\linkResolver.cpp, line 784]
Event: 18.491 Thread 0x000001bc81d5b110 Exception <a 'java/lang/NoSuchMethodError'{0x00000000a9dc9c38}: 'java.lang.Object java.lang.invoke.Invokers$Holder.linkToTargetMethod(int, java.lang.Object, java.lang.Object, java.lang.Object, java.lang.Object)'> (0x00000000a9dc9c38) 
thrown [s\src\hotspot\share\interpreter\linkResolver.cpp, line 784]
Event: 18.580 Thread 0x000001bc81d5b110 Exception <a 'java/lang/NoSuchMethodError'{0x00000000a9905808}: 'java.lang.Object java.lang.invoke.DirectMethodHandle$Holder.invokeStatic(java.lang.Object, int, java.lang.Object)'> (0x00000000a9905808) 
thrown [s\src\hotspot\share\interpreter\linkResolver.cpp, line 784]
Event: 18.669 Thread 0x000001bc81d5b110 Exception <a 'java/lang/NoSuchMethodError'{0x00000000a98361e0}: 'java.lang.Object java.lang.invoke.DirectMethodHandle$Holder.newInvokeSpecial(java.lang.Object, java.lang.Object, java.lang.Object, java.lang.Object, java.lang.Object, int)'> (0x00000000a98361e0) 
thrown [s\src\hotspot\share\interpreter\linkResolver.cpp, line 784]
Event: 18.670 Thread 0x000001bc81d5b110 Exception <a 'java/lang/NoSuchMethodError'{0x00000000a983b1d8}: 'java.lang.Object java.lang.invoke.DirectMethodHandle$Holder.invokeSpecial(java.lang.Object, java.lang.Object, java.lang.Object, java.lang.Object, java.lang.Object, java.lang.Object, int)'> (0x00000000a983b1d8) 
thrown [s\src\hotspot\share\interpreter\linkResolver.cpp, line 784]
Event: 18.671 Thread 0x000001bc81d5b110 Exception <a 'java/lang/NoSuchMethodError'{0x00000000a983fad0}: 'java.lang.Object java.lang.invoke.Invokers$Holder.linkToTargetMethod(java.lang.Object, java.lang.Object, java.lang.Object, java.lang.Object, int, java.lang.Object)'> (0x00000000a983fad0) 
thrown [s\src\hotspot\share\interpreter\linkResolver.cpp, line 784]
Event: 25.433 Thread 0x000001bc81d5b110 Implicit null exception at 0x000001bc8e6bb6ff to 0x000001bc8e6bc48c

ZGC Phase Switch (0 events):
No events

VM Operations (20 events):
Event: 22.117 Executing VM operation: ICBufferFull done
Event: 22.646 Executing VM operation: G1CollectForAllocation (G1 Evacuation Pause)
Event: 22.702 Executing VM operation: G1CollectForAllocation (G1 Evacuation Pause) done
Event: 23.180 Executing VM operation: G1CollectForAllocation (G1 Evacuation Pause)
Event: 23.210 Executing VM operation: G1CollectForAllocation (G1 Evacuation Pause) done
Event: 24.010 Executing VM operation: HandshakeAllThreads (Deoptimize)
Event: 24.010 Executing VM operation: HandshakeAllThreads (Deoptimize) done
Event: 24.039 Executing VM operation: ICBufferFull
Event: 24.040 Executing VM operation: ICBufferFull done
Event: 24.387 Executing VM operation: HandshakeAllThreads (Deoptimize)
Event: 24.387 Executing VM operation: HandshakeAllThreads (Deoptimize) done
Event: 24.540 Executing VM operation: ICBufferFull
Event: 24.540 Executing VM operation: ICBufferFull done
Event: 25.183 Executing VM operation: ICBufferFull
Event: 25.183 Executing VM operation: ICBufferFull done
Event: 25.746 Executing VM operation: ICBufferFull
Event: 25.747 Executing VM operation: ICBufferFull done
Event: 25.857 Executing VM operation: G1CollectForAllocation (G1 Evacuation Pause)
Event: 25.881 Executing VM operation: G1CollectForAllocation (G1 Evacuation Pause) done
Event: 26.302 Executing VM operation: G1PauseRemark

Memory protections (0 events):
No events

Nmethod flushes (20 events):
Event: 26.326 Thread 0x000001bc9a9c9760 flushing  nmethod 0x000001bc87308410
Event: 26.326 Thread 0x000001bc9a9c9760 flushing  nmethod 0x000001bc8746ed90
Event: 26.326 Thread 0x000001bc9a9c9760 flushing  nmethod 0x000001bc87b6e790
Event: 26.326 Thread 0x000001bc9a9c9760 flushing  nmethod 0x000001bc86d24990
Event: 26.326 Thread 0x000001bc9a9c9760 flushing  nmethod 0x000001bc86ee1390
Event: 26.326 Thread 0x000001bc9a9c9760 flushing  nmethod 0x000001bc87006610
Event: 26.326 Thread 0x000001bc9a9c9760 flushing  nmethod 0x000001bc8709d090
Event: 26.326 Thread 0x000001bc9a9c9760 flushing  nmethod 0x000001bc8681f110
Event: 26.326 Thread 0x000001bc9a9c9760 flushing  nmethod 0x000001bc8685bd90
Event: 26.326 Thread 0x000001bc9a9c9760 flushing  nmethod 0x000001bc86b0ad90
Event: 26.326 Thread 0x000001bc9a9c9760 flushing  nmethod 0x000001bc86ef4090
Event: 26.326 Thread 0x000001bc9a9c9760 flushing  nmethod 0x000001bc86efbe10
Event: 26.326 Thread 0x000001bc9a9c9760 flushing  nmethod 0x000001bc871b9410
Event: 26.326 Thread 0x000001bc9a9c9760 flushing  nmethod 0x000001bc871c1310
Event: 26.326 Thread 0x000001bc9a9c9760 flushing  nmethod 0x000001bc86a26d90
Event: 26.326 Thread 0x000001bc9a9c9760 flushing  nmethod 0x000001bc8717a910
Event: 26.326 Thread 0x000001bc9a9c9760 flushing  nmethod 0x000001bc87b8bf90
Event: 26.326 Thread 0x000001bc9a9c9760 flushing  nmethod 0x000001bc87b8cd90
Event: 26.326 Thread 0x000001bc9a9c9760 flushing  nmethod 0x000001bc87b9a390
Event: 26.326 Thread 0x000001bc9a9c9760 flushing  nmethod 0x000001bc87ba4410

Events (20 events):
Event: 0.194 Thread 0x000001bc81d5b110 Thread added: 0x000001bc9f028fe0
Event: 0.194 Thread 0x000001bc81d5b110 Thread added: 0x000001bc9f039b80
Event: 0.194 Thread 0x000001bc81d5b110 Thread added: 0x000001bc9f03a5e0
Event: 0.194 Thread 0x000001bc81d5b110 Thread added: 0x000001bc9f03b370
Event: 0.194 Thread 0x000001bc81d5b110 Thread added: 0x000001bc9f04eb80
Event: 0.287 Thread 0x000001bc81d5b110 Thread added: 0x000001bc9f21e800
Event: 0.303 Thread 0x000001bc81d5b110 Thread added: 0x000001bc9f221040
Event: 0.320 Loaded shared library D:\Aplikasi\Android Studio 2024\Setup\jbr\bin\net.dll
Event: 0.326 Loaded shared library D:\Aplikasi\Android Studio 2024\Setup\jbr\bin\nio.dll
Event: 0.384 Loaded shared library D:\Aplikasi\Android Studio 2024\Setup\jbr\bin\zip.dll
Event: 0.454 Loaded shared library D:\Aplikasi\Android Studio 2024\Setup\jbr\bin\jimage.dll
Event: 5.176 Thread 0x000001bc9f04eb80 Thread added: 0x000001bca240ec00
Event: 5.947 Thread 0x000001bca240ec00 Thread exited: 0x000001bca240ec00
Event: 6.422 Thread 0x000001bc9f04eb80 Thread added: 0x000001bc9f436800
Event: 8.071 Thread 0x000001bc9f436800 Thread exited: 0x000001bc9f436800
Event: 9.058 Thread 0x000001bc9f04eb80 Thread added: 0x000001bca184f4d0
Event: 9.186 Thread 0x000001bca184f4d0 Thread exited: 0x000001bca184f4d0
Event: 9.612 Thread 0x000001bc9f04eb80 Thread added: 0x000001bca1f9b860
Event: 10.620 Thread 0x000001bca1f9b860 Thread exited: 0x000001bca1f9b860
Event: 11.908 Thread 0x000001bc9f04eb80 Thread added: 0x000001bca5807a80


Dynamic libraries:
0x00007ff618650000 - 0x00007ff61865a000 	D:\Aplikasi\Android Studio 2024\Setup\jbr\bin\java.exe
0x00007ffb6c2d0000 - 0x00007ffb6c4c8000 	C:\windows\SYSTEM32\ntdll.dll
0x00007ffb6c060000 - 0x00007ffb6c11d000 	C:\windows\System32\KERNEL32.DLL
0x00007ffb699b0000 - 0x00007ffb69ca6000 	C:\windows\System32\KERNELBASE.dll
0x00007ffb69ce0000 - 0x00007ffb69de0000 	C:\windows\System32\ucrtbase.dll
0x00007ffb47620000 - 0x00007ffb4763b000 	D:\Aplikasi\Android Studio 2024\Setup\jbr\bin\VCRUNTIME140.dll
0x00007ffb634e0000 - 0x00007ffb634f8000 	D:\Aplikasi\Android Studio 2024\Setup\jbr\bin\jli.dll
0x00007ffb6ba70000 - 0x00007ffb6bc0e000 	C:\windows\System32\USER32.dll
0x00007ffb4fc10000 - 0x00007ffb4feaa000 	C:\windows\WinSxS\amd64_microsoft.windows.common-controls_6595b64144ccf1df_6.0.19041.3636_none_60b6a03d71f818d5\COMCTL32.dll
0x00007ffb69980000 - 0x00007ffb699a2000 	C:\windows\System32\win32u.dll
0x00007ffb6a3c0000 - 0x00007ffb6a45e000 	C:\windows\System32\msvcrt.dll
0x00007ffb6a390000 - 0x00007ffb6a3bb000 	C:\windows\System32\GDI32.dll
0x00007ffb6a1e0000 - 0x00007ffb6a2f7000 	C:\windows\System32\gdi32full.dll
0x00007ffb6a080000 - 0x00007ffb6a11d000 	C:\windows\System32\msvcp_win.dll
0x00007ffb6bd00000 - 0x00007ffb6bd32000 	C:\windows\System32\IMM32.DLL
0x00007ffb476d0000 - 0x00007ffb476dc000 	D:\Aplikasi\Android Studio 2024\Setup\jbr\bin\vcruntime140_1.dll
0x00007ffb1c670000 - 0x00007ffb1c6fd000 	D:\Aplikasi\Android Studio 2024\Setup\jbr\bin\msvcp140.dll
0x00007ffad7820000 - 0x00007ffad84a3000 	D:\Aplikasi\Android Studio 2024\Setup\jbr\bin\server\jvm.dll
0x00007ffb6a810000 - 0x00007ffb6a8c0000 	C:\windows\System32\ADVAPI32.dll
0x00007ffb6c120000 - 0x00007ffb6c1c0000 	C:\windows\System32\sechost.dll
0x00007ffb6bdf0000 - 0x00007ffb6bf15000 	C:\windows\System32\RPCRT4.dll
0x00007ffb69cb0000 - 0x00007ffb69cd7000 	C:\windows\System32\bcrypt.dll
0x00007ffb6ad40000 - 0x00007ffb6adab000 	C:\windows\System32\WS2_32.dll
0x00007ffb697e0000 - 0x00007ffb6982b000 	C:\windows\SYSTEM32\POWRPROF.dll
0x00007ffb5e8d0000 - 0x00007ffb5e8f7000 	C:\windows\SYSTEM32\WINMM.dll
0x00007ffb67260000 - 0x00007ffb6726a000 	C:\windows\SYSTEM32\VERSION.dll
0x00007ffb697c0000 - 0x00007ffb697d2000 	C:\windows\SYSTEM32\UMPDC.dll
0x00007ffb67a10000 - 0x00007ffb67a22000 	C:\windows\SYSTEM32\kernel.appcore.dll
0x00007ffb472e0000 - 0x00007ffb472ea000 	D:\Aplikasi\Android Studio 2024\Setup\jbr\bin\jimage.dll
0x00007ffb60610000 - 0x00007ffb607f4000 	C:\windows\SYSTEM32\DBGHELP.DLL
0x00007ffb53f80000 - 0x00007ffb53fb4000 	C:\windows\SYSTEM32\dbgcore.DLL
0x00007ffb69e90000 - 0x00007ffb69f12000 	C:\windows\System32\bcryptPrimitives.dll
0x00007ffb43470000 - 0x00007ffb43490000 	D:\Aplikasi\Android Studio 2024\Setup\jbr\bin\java.dll
0x00007ffb420d0000 - 0x00007ffb420e8000 	D:\Aplikasi\Android Studio 2024\Setup\jbr\bin\zip.dll
0x00007ffb6b300000 - 0x00007ffb6ba6b000 	C:\windows\System32\SHELL32.dll
0x00007ffb67a30000 - 0x00007ffb681ce000 	C:\windows\SYSTEM32\windows.storage.dll
0x00007ffb6af40000 - 0x00007ffb6b293000 	C:\windows\System32\combase.dll
0x00007ffb692e0000 - 0x00007ffb6930e000 	C:\windows\SYSTEM32\Wldp.dll
0x00007ffb6c1c0000 - 0x00007ffb6c28d000 	C:\windows\System32\OLEAUT32.dll
0x00007ffb6ae90000 - 0x00007ffb6af3d000 	C:\windows\System32\SHCORE.dll
0x00007ffb6bc10000 - 0x00007ffb6bc65000 	C:\windows\System32\shlwapi.dll
0x00007ffb698b0000 - 0x00007ffb698d5000 	C:\windows\SYSTEM32\profapi.dll
0x00007ffb42a70000 - 0x00007ffb42a80000 	D:\Aplikasi\Android Studio 2024\Setup\jbr\bin\net.dll
0x00007ffb5eae0000 - 0x00007ffb5ebea000 	C:\windows\SYSTEM32\WINHTTP.dll
0x00007ffb69040000 - 0x00007ffb690aa000 	C:\windows\system32\mswsock.dll
0x00007ffb41ea0000 - 0x00007ffb41eb6000 	D:\Aplikasi\Android Studio 2024\Setup\jbr\bin\nio.dll
0x00007ffb63f10000 - 0x00007ffb63f20000 	D:\Aplikasi\Android Studio 2024\Setup\jbr\bin\verify.dll

dbghelp: loaded successfully - version: 4.0.5 - missing functions: none
symbol engine: initialized successfully - sym options: 0x614 - pdb path: .;D:\Aplikasi\Android Studio 2024\Setup\jbr\bin;C:\windows\SYSTEM32;C:\windows\WinSxS\amd64_microsoft.windows.common-controls_6595b64144ccf1df_6.0.19041.3636_none_60b6a03d71f818d5;D:\Aplikasi\Android Studio 2024\Setup\jbr\bin\server

VM Arguments:
java_command: org.jetbrains.kotlin.cli.jvm.K2JVMCompiler @D:\Rifqi Irfansyah\KULIAH\Semester 4\PROYEK4\compose-samples-main\Jetsnack\app\build\20250307_9147070200936255469.compiler.options
java_class_path (initial): D:\Aplikasi\Android Studio 2024\.gradle\caches\modules-2\files-2.1\org.jetbrains.kotlin\kotlin-compiler-embeddable\2.1.10\ee3e5c806617c52ce167bdf96933efef9593853e\kotlin-compiler-embeddable-2.1.10.jar;D:\Aplikasi\Android Studio 2024\.gradle\caches\modules-2\files-2.1\org.jetbrains.kotlin\kotlin-stdlib\2.1.10\d3028429e7151d7a7c1a0d63a4f60eac86a87b91\kotlin-stdlib-2.1.10.jar;D:\Aplikasi\Android Studio 2024\.gradle\caches\modules-2\files-2.1\org.jetbrains.kotlin\kotlin-script-runtime\2.1.10\70000e6ef453308e55d42ea4ace5b8c32325ce75\kotlin-script-runtime-2.1.10.jar;D:\Aplikasi\Android Studio 2024\.gradle\caches\modules-2\files-2.1\org.jetbrains.kotlin\kotlin-reflect\1.6.10\1cbe9c92c12a94eea200d23c2bbaedaf3daf5132\kotlin-reflect-1.6.10.jar;D:\Aplikasi\Android Studio 2024\.gradle\caches\modules-2\files-2.1\org.jetbrains.kotlin\kotlin-daemon-embeddable\2.1.10\58b88d47cdc057f09a8ea603ece5fd1993c7cb64\kotlin-daemon-embeddable-2.1.10.jar;D:\Aplikasi\Android Studio 2024\.gradle\caches\modules-2\files-2.1\org.jetbrains.intellij.deps\trove4j\1.0.20200330\3afb14d5f9ceb459d724e907a21145e8ff394f02\trove4j-1.0.20200330.jar;D:\Aplikasi\Android Studio 2024\.gradle\caches\modules-2\files-2.1\org.jetbrains.kotlinx\kotlinx-coroutines-core-jvm\1.6.4\2c997cd1c0ef33f3e751d3831929aeff1390cb30\kotlinx-coroutines-core-jvm-1.6.4.jar;D:\Aplikasi\Android Studio 2024\.gradle\caches\modules-2\files-2.1\org.jetbrains\annotations\13.0\919f0dfe192fb4e063e7dacadee7f8bb9a2672a9\annotations-13.0.jar
Launcher Type: SUN_STANDARD

[Global flags]
     intx CICompilerCount                          = 4                                         {product} {ergonomic}
     uint ConcGCThreads                            = 2                                         {product} {ergonomic}
     uint G1ConcRefinementThreads                  = 8                                         {product} {ergonomic}
   size_t G1HeapRegionSize                         = 1048576                                   {product} {ergonomic}
    uintx GCDrainStackTargetSize                   = 64                                        {product} {ergonomic}
   size_t InitialHeapSize                          = 100663296                                 {product} {ergonomic}
   size_t MarkStackSize                            = 4194304                                   {product} {ergonomic}
   size_t MaxHeapSize                              = 1589641216                                {product} {ergonomic}
   size_t MaxNewSize                               = 953155584                                 {product} {ergonomic}
   size_t MinHeapDeltaBytes                        = 1048576                                   {product} {ergonomic}
   size_t MinHeapSize                              = 8388608                                   {product} {ergonomic}
    uintx NonNMethodCodeHeapSize                   = 5839372                                {pd product} {ergonomic}
    uintx NonProfiledCodeHeapSize                  = 122909434                              {pd product} {ergonomic}
     bool PerfDisableSharedMem                     = true                                      {product} {ergonomic}
    uintx ProfiledCodeHeapSize                     = 122909434                              {pd product} {ergonomic}
    uintx ReservedCodeCacheSize                    = 251658240                              {pd product} {ergonomic}
     bool SegmentedCodeCache                       = true                                      {product} {ergonomic}
   size_t SoftMaxHeapSize                          = 1589641216                             {manageable} {ergonomic}
     bool UseCompressedOops                        = true                           {product lp64_product} {ergonomic}
     bool UseG1GC                                  = true                                      {product} {ergonomic}
     bool UseLargePagesIndividualAllocation        = false                                  {pd product} {ergonomic}

Logging:
Log output configuration:
 #0: stdout all=warning uptime,level,tags foldmultilines=false
 #1: stderr all=off uptime,level,tags foldmultilines=false

Environment Variables:
JAVA_HOME=D:\Aplikasi\jdk-22.0.2
PATH=C:\windows\system32;C:\windows;C:\windows\System32\Wbem;C:\windows\System32\WindowsPowerShell\v1.0\;C:\windows\System32\OpenSSH\;C:\xampp\php;C:\ProgramData\ComposerSetup\bin;C:\Program Files\Git\cmd;C:\Program Files\dotnet\;C:\TDM-GCC-64\bin;D:\Aplikasi\node js\;D:\Aplikasi\sonar-scanner-6.2.1.4610-windows-x64\bin;D:\Aplikasi\jdk-17\bin;D:\Aplikasi\jdk-22.0.2\bin;C:\Users\HP\AppData\Local\Microsoft\WindowsApps;C:\Users\HP\AppData\Local\Programs\Microsoft VS Code\bin;C:\Users\HP\AppData\Roaming\Composer\vendor\bin;C:\Program Files\nodejs\;C:\Users\HP\AppData\Roaming\npm;D:\Rifqi Irfansyah\BELAJAR\flutter\bin;D:\Aplikasi\jdk-22.0.2;D:\Aplikasi\sonar-scanner-4.5.0.2216-windows\bin;
USERNAME=HP
OS=Windows_NT
PROCESSOR_IDENTIFIER=AMD64 Family 23 Model 24 Stepping 1, AuthenticAMD
TMP=C:\Users\HP\AppData\Local\Temp
TEMP=C:\Users\HP\AppData\Local\Temp




Periodic native trim disabled

JNI global refs:
JNI global refs: 13, weak refs: 8

JNI global refs memory usage: 835, weak refs: 833

Process memory usage:
Resident Set Size: 469312K (7% of 6203232K total physical memory with 331604K free physical memory)

OOME stack traces (most recent first):
Classloader memory used:
Loader jdk.internal.loader.ClassLoaders$AppClassLoader                                 : 52104K
Loader bootstrap                                                                       : 10845K
Loader java.net.URLClassLoader                                                         : 421K

---------------  S Y S T E M  ---------------

OS:
 Windows 10 , 64 bit Build 19041 (10.0.19041.3636)
OS uptime: 0 days 0:53 hours

CPU: total 8 (initial active 8) (8 cores per cpu, 2 threads per core) family 23 model 24 stepping 1 microcode 0x0, cx8, cmov, fxsr, ht, mmx, 3dnowpref, sse, sse2, sse3, ssse3, sse4a, sse4.1, sse4.2, popcnt, lzcnt, tsc, tscinvbit, avx, avx2, aes, clmul, bmi1, bmi2, adx, sha, fma, vzeroupper, clflush, clflushopt, rdtscp, f16c
Processor Information for all 8 processors :
  Max Mhz: 2100, Current Mhz: 2100, Mhz Limit: 2100

Memory: 4k page, system-wide physical 6057M (324M free)
TotalPageFile size 12096M (AvailPageFile size 34M)
current process WorkingSet (physical memory assigned to process): 459M, peak: 467M
current process commit charge ("private bytes"): 514M, peak: 561M

vm_info: OpenJDK 64-Bit Server VM (21.0.4+-12508038-b607.1) for windows-amd64 JRE (21.0.4+-12508038-b607.1), built on 2024-10-16T17:23:34Z by "builder" with MS VC++ 16.10 / 16.11 (VS2019)

END.
