#
# There is insufficient memory for the Java Runtime Environment to continue.
# Native memory allocation (malloc) failed to allocate 1028816 bytes. Error detail: Chunk::new
# Possible reasons:
#   The system is out of physical RAM or swap space
#   This process is running with CompressedOops enabled, and the Java Heap may be blocking the growth of the native heap
# Possible solutions:
#   Reduce memory load on the system
#   Increase physical memory or swap space
#   Check if swap backing store is full
#   Decrease Java heap size (-Xmx/-Xms)
#   Decrease number of Java threads
#   Decrease Java thread stack sizes (-Xss)
#   Set larger code cache with -XX:ReservedCodeCacheSize=
#   JVM is running with Unscaled Compressed Oops mode in which the Java heap is
#     placed in the first 4GB address space. The Java Heap base address is the
#     maximum limit for the native heap growth. Please use -XX:HeapBaseMinAddress
#     to set the Java Heap base and to place the Java Heap above 4GB virtual address.
# This output file may be truncated or incomplete.
#
#  Out of Memory Error (arena.cpp:150), pid=16560, tid=10292
#
# JRE version: OpenJDK Runtime Environment (22.0.2+9) (build 22.0.2+9-70)
# Java VM: OpenJDK 64-Bit Server VM (22.0.2+9-70, mixed mode, sharing, tiered, compressed oops, compressed class ptrs, g1 gc, windows-amd64)
# No core dump will be written. Minidumps are not enabled by default on client versions of Windows
#

---------------  S U M M A R Y ------------

Command Line: --add-opens=java.base/java.util=ALL-UNNAMED --add-opens=java.base/java.lang=ALL-UNNAMED --add-opens=java.base/java.lang.invoke=ALL-UNNAMED --add-opens=java.prefs/java.util.prefs=ALL-UNNAMED --add-exports=jdk.compiler/com.sun.tools.javac.api=ALL-UNNAMED --add-exports=jdk.compiler/com.sun.tools.javac.util=ALL-UNNAMED --add-opens=java.base/java.nio.charset=ALL-UNNAMED --add-opens=java.base/java.net=ALL-UNNAMED --add-opens=java.base/java.util.concurrent.atomic=ALL-UNNAMED -Xmx2048m -Dfile.encoding=UTF-8 -Duser.country=ID -Duser.language=en -Duser.variant -javaagent:C:\Users\HP\.gradle\wrapper\dists\gradle-8.10.2-bin\a04bxjujx95o3nb99gddekhwo\gradle-8.10.2\lib\agents\gradle-instrumentation-agent-8.10.2.jar org.gradle.launcher.daemon.bootstrap.GradleDaemon 8.10.2

Host: AMD Ryzen 5 3500U with Radeon Vega Mobile Gfx  , 8 cores, 5G,  Windows 10 , 64 bit Build 19041 (10.0.19041.3636)
Time: Sat Mar  8 13:47:00 2025 SE Asia Standard Time elapsed time: 46.945734 seconds (0d 0h 0m 46s)

---------------  T H R E A D  ---------------

Current thread (0x000001e620bf17b0):  JavaThread "C2 CompilerThread2" daemon [_thread_in_native, id=10292, stack(0x000000d18f900000,0x000000d18fa00000) (1024K)]


Current CompileTask:
C2:46945 15647       4       org.gradle.internal.serialize.HierarchicalNameSerializer::readName (51 bytes)

Stack: [0x000000d18f900000,0x000000d18fa00000]
Native frames: (J=compiled Java code, j=interpreted, Vv=VM code, C=native code)
V  [jvm.dll+0x6e26e9]  (no source info available)
V  [jvm.dll+0x875753]  (no source info available)
V  [jvm.dll+0x877b7e]  (no source info available)
V  [jvm.dll+0x878253]  (no source info available)
V  [jvm.dll+0x27fc86]  (no source info available)
V  [jvm.dll+0xc3d0f]  (no source info available)
V  [jvm.dll+0xc3f6b]  (no source info available)
V  [jvm.dll+0x2f3c7f]  (no source info available)
V  [jvm.dll+0x60c0fa]  (no source info available)
V  [jvm.dll+0x249915]  (no source info available)
V  [jvm.dll+0x246da6]  (no source info available)
V  [jvm.dll+0x1c4e80]  (no source info available)
V  [jvm.dll+0x2568f3]  (no source info available)
V  [jvm.dll+0x254baa]  (no source info available)
V  [jvm.dll+0x3f57a6]  (no source info available)
V  [jvm.dll+0x81dc0b]  (no source info available)
V  [jvm.dll+0x6e0d85]  (no source info available)
C  [ucrtbase.dll+0x21bb2]  (no source info available)
C  [KERNEL32.DLL+0x17344]  (no source info available)
C  [ntdll.dll+0x526b1]  (no source info available)


---------------  P R O C E S S  ---------------

Threads class SMR info:
_java_thread_list=0x000001e674282910, length=58, elements={
0x000001e603f181a0, 0x000001e6207936f0, 0x000001e620794410, 0x000001e620799450,
0x000001e62079a210, 0x000001e62079d420, 0x000001e6207a0630, 0x000001e6207a5060,
0x000001e6207a62b0, 0x000001e620762190, 0x000001e620b33c90, 0x000001e667404430,
0x000001e66760b210, 0x000001e667693fd0, 0x000001e667737a80, 0x000001e667733d40,
0x000001e66770f7b0, 0x000001e6679048d0, 0x000001e667902e90, 0x000001e667905c80,
0x000001e667904f60, 0x000001e667903520, 0x000001e667903bb0, 0x000001e667904240,
0x000001e667906310, 0x000001e66a843bd0, 0x000001e66a842190, 0x000001e66a842820,
0x000001e66a843540, 0x000001e66a844260, 0x000001e66a8448f0, 0x000001e66a841470,
0x000001e66b887ed0, 0x000001e66b88d420, 0x000001e66b88dab0, 0x000001e66b88e140,
0x000001e66b88b9e0, 0x000001e66b88b350, 0x000001e66b889280, 0x000001e66b88ee60,
0x000001e66b88e7d0, 0x000001e66b888bf0, 0x000001e620c0f530, 0x000001e620c0fbc0,
0x000001e620c10250, 0x000001e620c108e0, 0x000001e620c0a670, 0x000001e620c0c740,
0x000001e674996f50, 0x000001e620c0e810, 0x000001e620c09950, 0x000001e620c0e180,
0x000001e620c092c0, 0x000001e620c0ba20, 0x000001e620c0c0b0, 0x000001e620c0d460,
0x000001e666d0d170, 0x000001e620bf17b0
}

Java Threads: ( => current thread )
  0x000001e603f181a0 JavaThread "main"                              [_thread_blocked, id=11204, stack(0x000000d18b000000,0x000000d18b100000) (1024K)]
  0x000001e6207936f0 JavaThread "Reference Handler"          daemon [_thread_blocked, id=11136, stack(0x000000d18b800000,0x000000d18b900000) (1024K)]
  0x000001e620794410 JavaThread "Finalizer"                  daemon [_thread_blocked, id=3544, stack(0x000000d18b900000,0x000000d18ba00000) (1024K)]
  0x000001e620799450 JavaThread "Signal Dispatcher"          daemon [_thread_blocked, id=20696, stack(0x000000d18ba00000,0x000000d18bb00000) (1024K)]
  0x000001e62079a210 JavaThread "Attach Listener"            daemon [_thread_blocked, id=19984, stack(0x000000d18bb00000,0x000000d18bc00000) (1024K)]
  0x000001e62079d420 JavaThread "Service Thread"             daemon [_thread_blocked, id=16112, stack(0x000000d18bc00000,0x000000d18bd00000) (1024K)]
  0x000001e6207a0630 JavaThread "Monitor Deflation Thread"   daemon [_thread_blocked, id=18520, stack(0x000000d18bd00000,0x000000d18be00000) (1024K)]
  0x000001e6207a5060 JavaThread "C2 CompilerThread0"         daemon [_thread_in_native, id=2992, stack(0x000000d18be00000,0x000000d18bf00000) (1024K)]
  0x000001e6207a62b0 JavaThread "C1 CompilerThread0"         daemon [_thread_blocked, id=5504, stack(0x000000d18bf00000,0x000000d18c000000) (1024K)]
  0x000001e620762190 JavaThread "Common-Cleaner"             daemon [_thread_blocked, id=13452, stack(0x000000d18c000000,0x000000d18c100000) (1024K)]
  0x000001e620b33c90 JavaThread "Notification Thread"        daemon [_thread_blocked, id=13128, stack(0x000000d18c200000,0x000000d18c300000) (1024K)]
  0x000001e667404430 JavaThread "Daemon health stats"               [_thread_blocked, id=9392, stack(0x000000d18c700000,0x000000d18c800000) (1024K)]
  0x000001e66760b210 JavaThread "Incoming local TCP Connector on port 63126"        [_thread_in_native, id=1260, stack(0x000000d18c100000,0x000000d18c200000) (1024K)]
  0x000001e667693fd0 JavaThread "Daemon periodic checks"            [_thread_blocked, id=20328, stack(0x000000d18cb00000,0x000000d18cc00000) (1024K)]
  0x000001e667737a80 JavaThread "Daemon"                            [_thread_blocked, id=3916, stack(0x000000d18cc00000,0x000000d18cd00000) (1024K)]
  0x000001e667733d40 JavaThread "Handler for socket connection from /127.0.0.1:63126 to /127.0.0.1:63127"        [_thread_in_native, id=16596, stack(0x000000d18cd00000,0x000000d18ce00000) (1024K)]
  0x000001e66770f7b0 JavaThread "Cancel handler"                    [_thread_blocked, id=5032, stack(0x000000d18ce00000,0x000000d18cf00000) (1024K)]
  0x000001e6679048d0 JavaThread "Daemon worker"                     [_thread_blocked, id=10580, stack(0x000000d18cf00000,0x000000d18d000000) (1024K)]
  0x000001e667902e90 JavaThread "Asynchronous log dispatcher for DefaultDaemonConnection: socket connection from /127.0.0.1:63126 to /127.0.0.1:63127"        [_thread_blocked, id=13776, stack(0x000000d18d000000,0x000000d18d100000) (1024K)]
  0x000001e667905c80 JavaThread "Stdin handler"                     [_thread_blocked, id=18016, stack(0x000000d18d100000,0x000000d18d200000) (1024K)]
  0x000001e667904f60 JavaThread "Daemon client event forwarder"        [_thread_blocked, id=5820, stack(0x000000d18d200000,0x000000d18d300000) (1024K)]
  0x000001e667903520 JavaThread "Cache worker for journal cache (C:\Users\HP\.gradle\caches\journal-1)"        [_thread_blocked, id=4440, stack(0x000000d18d300000,0x000000d18d400000) (1024K)]
  0x000001e667903bb0 JavaThread "File lock request listener"        [_thread_in_native, id=11316, stack(0x000000d18d400000,0x000000d18d500000) (1024K)]
  0x000001e667904240 JavaThread "Cache worker for file hash cache (C:\Users\HP\.gradle\caches\8.10.2\fileHashes)"        [_thread_blocked, id=16764, stack(0x000000d18d500000,0x000000d18d600000) (1024K)]
  0x000001e667906310 JavaThread "Cache worker for file hash cache (D:\Rifqi Irfansyah\KULIAH\Semester 4\PROYEK4\compose-samples-main\Jetsnack\.gradle\8.10.2\fileHashes)"        [_thread_blocked, id=19944, stack(0x000000d18d700000,0x000000d18d800000) (1024K)]
  0x000001e66a843bd0 JavaThread "Cache worker for Build Output Cleanup Cache (D:\Rifqi Irfansyah\KULIAH\Semester 4\PROYEK4\compose-samples-main\Jetsnack\.gradle\buildOutputCleanup)"        [_thread_blocked, id=14168, stack(0x000000d18d800000,0x000000d18d900000) (1024K)]
  0x000001e66a842190 JavaThread "File watcher server"        daemon [_thread_in_native, id=11124, stack(0x000000d18da00000,0x000000d18db00000) (1024K)]
  0x000001e66a842820 JavaThread "File watcher consumer"      daemon [_thread_blocked, id=13548, stack(0x000000d18db00000,0x000000d18dc00000) (1024K)]
  0x000001e66a843540 JavaThread "Cache worker for checksums cache (D:\Rifqi Irfansyah\KULIAH\Semester 4\PROYEK4\compose-samples-main\Jetsnack\.gradle\8.10.2\checksums)"        [_thread_blocked, id=5800, stack(0x000000d18dc00000,0x000000d18dd00000) (1024K)]
  0x000001e66a844260 JavaThread "Cache worker for file content cache (C:\Users\HP\.gradle\caches\8.10.2\fileContent)"        [_thread_blocked, id=18160, stack(0x000000d18dd00000,0x000000d18de00000) (1024K)]
  0x000001e66a8448f0 JavaThread "Cache worker for cache directory md-rule (C:\Users\HP\.gradle\caches\8.10.2\md-rule)"        [_thread_blocked, id=18220, stack(0x000000d18de00000,0x000000d18df00000) (1024K)]
  0x000001e66a841470 JavaThread "Cache worker for cache directory md-supplier (C:\Users\HP\.gradle\caches\8.10.2\md-supplier)"        [_thread_blocked, id=19980, stack(0x000000d18df00000,0x000000d18e000000) (1024K)]
  0x000001e66b887ed0 JavaThread "Kotlin DSL Writer"                 [_thread_blocked, id=5332, stack(0x000000d18d600000,0x000000d18d700000) (1024K)]
  0x000001e66b88d420 JavaThread "Unconstrained build operations"        [_thread_blocked, id=2068, stack(0x000000d18e100000,0x000000d18e200000) (1024K)]
  0x000001e66b88dab0 JavaThread "Unconstrained build operations Thread 2"        [_thread_blocked, id=4432, stack(0x000000d18e200000,0x000000d18e300000) (1024K)]
  0x000001e66b88e140 JavaThread "Unconstrained build operations Thread 3"        [_thread_blocked, id=16712, stack(0x000000d18e300000,0x000000d18e400000) (1024K)]
  0x000001e66b88b9e0 JavaThread "Unconstrained build operations Thread 4"        [_thread_blocked, id=19656, stack(0x000000d18e400000,0x000000d18e500000) (1024K)]
  0x000001e66b88b350 JavaThread "Unconstrained build operations Thread 5"        [_thread_blocked, id=11952, stack(0x000000d18e500000,0x000000d18e600000) (1024K)]
  0x000001e66b889280 JavaThread "Unconstrained build operations Thread 6"        [_thread_blocked, id=17148, stack(0x000000d18e600000,0x000000d18e700000) (1024K)]
  0x000001e66b88ee60 JavaThread "Unconstrained build operations Thread 7"        [_thread_blocked, id=13512, stack(0x000000d18e700000,0x000000d18e800000) (1024K)]
  0x000001e66b88e7d0 JavaThread "Unconstrained build operations Thread 8"        [_thread_blocked, id=16248, stack(0x000000d18e800000,0x000000d18e900000) (1024K)]
  0x000001e66b888bf0 JavaThread "Unconstrained build operations Thread 9"        [_thread_blocked, id=9580, stack(0x000000d18e900000,0x000000d18ea00000) (1024K)]
  0x000001e620c0f530 JavaThread "Unconstrained build operations Thread 10"        [_thread_blocked, id=15380, stack(0x000000d18ea00000,0x000000d18eb00000) (1024K)]
  0x000001e620c0fbc0 JavaThread "Unconstrained build operations Thread 11"        [_thread_blocked, id=11896, stack(0x000000d18eb00000,0x000000d18ec00000) (1024K)]
  0x000001e620c10250 JavaThread "Unconstrained build operations Thread 12"        [_thread_blocked, id=9340, stack(0x000000d18ec00000,0x000000d18ed00000) (1024K)]
  0x000001e620c108e0 JavaThread "Unconstrained build operations Thread 13"        [_thread_blocked, id=8208, stack(0x000000d18ee00000,0x000000d18ef00000) (1024K)]
  0x000001e620c0a670 JavaThread "Unconstrained build operations Thread 14"        [_thread_blocked, id=1188, stack(0x000000d18ef00000,0x000000d18f000000) (1024K)]
  0x000001e620c0c740 JavaThread "Unconstrained build operations Thread 15"        [_thread_blocked, id=7260, stack(0x000000d18f000000,0x000000d18f100000) (1024K)]
  0x000001e674996f50 JavaThread "Unconstrained build operations Thread 16"        [_thread_blocked, id=5540, stack(0x000000d18f100000,0x000000d18f200000) (1024K)]
  0x000001e620c0e810 JavaThread "Unconstrained build operations Thread 17"        [_thread_blocked, id=13596, stack(0x000000d18ed00000,0x000000d18ee00000) (1024K)]
  0x000001e620c09950 JavaThread "Unconstrained build operations Thread 18"        [_thread_blocked, id=17572, stack(0x000000d18f200000,0x000000d18f300000) (1024K)]
  0x000001e620c0e180 JavaThread "Unconstrained build operations Thread 19"        [_thread_blocked, id=18308, stack(0x000000d18f300000,0x000000d18f400000) (1024K)]
  0x000001e620c092c0 JavaThread "Unconstrained build operations Thread 20"        [_thread_blocked, id=4908, stack(0x000000d18f400000,0x000000d18f500000) (1024K)]
  0x000001e620c0ba20 JavaThread "Unconstrained build operations Thread 21"        [_thread_blocked, id=19928, stack(0x000000d18f500000,0x000000d18f600000) (1024K)]
  0x000001e620c0c0b0 JavaThread "Unconstrained build operations Thread 22"        [_thread_blocked, id=2672, stack(0x000000d18f600000,0x000000d18f700000) (1024K)]
  0x000001e620c0d460 JavaThread "Unconstrained build operations Thread 23"        [_thread_in_Java, id=11160, stack(0x000000d18f700000,0x000000d18f800000) (1024K)]
  0x000001e666d0d170 JavaThread "C2 CompilerThread1"         daemon [_thread_in_native, id=18048, stack(0x000000d18f800000,0x000000d18f900000) (1024K)]
=>0x000001e620bf17b0 JavaThread "C2 CompilerThread2"         daemon [_thread_in_native, id=10292, stack(0x000000d18f900000,0x000000d18fa00000) (1024K)]
Total: 58

Other Threads:
  0x000001e620776980 VMThread "VM Thread"                           [id=10920, stack(0x000000d18b700000,0x000000d18b800000) (1024K)]
  0x000001e620761590 WatcherThread "VM Periodic Task Thread"        [id=18084, stack(0x000000d18b600000,0x000000d18b700000) (1024K)]
  0x000001e601dee060 WorkerThread "GC Thread#0"                     [id=11696, stack(0x000000d18b100000,0x000000d18b200000) (1024K)]
  0x000001e6666cf260 WorkerThread "GC Thread#1"                     [id=19372, stack(0x000000d18c300000,0x000000d18c400000) (1024K)]
  0x000001e6661ef8d0 WorkerThread "GC Thread#2"                     [id=20416, stack(0x000000d18c400000,0x000000d18c500000) (1024K)]
  0x000001e6666e18c0 WorkerThread "GC Thread#3"                     [id=12792, stack(0x000000d18c500000,0x000000d18c600000) (1024K)]
  0x000001e6669c6950 WorkerThread "GC Thread#4"                     [id=12348, stack(0x000000d18c600000,0x000000d18c700000) (1024K)]
  0x000001e667636e70 WorkerThread "GC Thread#5"                     [id=19508, stack(0x000000d18c800000,0x000000d18c900000) (1024K)]
  0x000001e6676a2780 WorkerThread "GC Thread#6"                     [id=16084, stack(0x000000d18c900000,0x000000d18ca00000) (1024K)]
  0x000001e6676a2b30 WorkerThread "GC Thread#7"                     [id=19884, stack(0x000000d18ca00000,0x000000d18cb00000) (1024K)]
  0x000001e603f7fb90 ConcurrentGCThread "G1 Main Marker"            [id=13828, stack(0x000000d18b200000,0x000000d18b300000) (1024K)]
  0x000001e603f80c50 WorkerThread "G1 Conc#0"                       [id=964, stack(0x000000d18b300000,0x000000d18b400000) (1024K)]
  0x000001e6683447e0 WorkerThread "G1 Conc#1"                       [id=552, stack(0x000000d18d900000,0x000000d18da00000) (1024K)]
  0x000001e603fde230 ConcurrentGCThread "G1 Refine#0"               [id=14324, stack(0x000000d18b400000,0x000000d18b500000) (1024K)]
  0x000001e6206370e0 ConcurrentGCThread "G1 Service"                [id=18264, stack(0x000000d18b500000,0x000000d18b600000) (1024K)]
Total: 15

Threads with active compile tasks:
C2 CompilerThread0  46993 15656       4       org.gradle.internal.serialize.HierarchicalNameSerializer::readFirstOccurrenceOfName (60 bytes)
C2 CompilerThread1  46993 15695       4       org.gradle.internal.serialize.AbstractCollectionSerializer::read (47 bytes)
C2 CompilerThread2  46993 15647       4       org.gradle.internal.serialize.HierarchicalNameSerializer::readName (51 bytes)
Total: 3

VM state: not at safepoint (normal execution)

VM Mutex/Monitor currently owned by a thread: None

Heap address: 0x0000000080000000, size: 2048 MB, Compressed Oops mode: 32-bit

CDS archive(s) mapped at: [0x000001e621000000-0x000001e621c60000-0x000001e621c60000), size 12976128, SharedBaseAddress: 0x000001e621000000, ArchiveRelocationMode: 1.
Compressed class space mapped at: 0x000001e622000000-0x000001e662000000, reserved size: 1073741824
Narrow klass base: 0x000001e621000000, Narrow klass shift: 0, Narrow klass range: 0x41000000

GC Precious Log:
 CardTable entry size: 512
 Card Set container configuration: InlinePtr #cards 5 size 8 Array Of Cards #cards 12 size 40 Howl #buckets 4 coarsen threshold 1843 Howl Bitmap #cards 512 size 80 coarsen threshold 460 Card regions per heap region 1 cards per card region 2048
 CPUs: 8 total, 8 available
 Memory: 6057M
 Large Page Support: Disabled
 NUMA Support: Disabled
 Compressed Oops: Enabled (32-bit)
 Heap Region Size: 1M
 Heap Min Capacity: 8M
 Heap Initial Capacity: 96M
 Heap Max Capacity: 2G
 Pre-touch: Disabled
 Parallel Workers: 8
 Concurrent Workers: 2
 Concurrent Refinement Workers: 8
 Periodic GC: Disabled

Heap:
 garbage-first heap   total reserved 2097152K, committed 289792K, used 136505K [0x0000000080000000, 0x0000000100000000)
  region size 1024K, 36 young (36864K), 20 survivors (20480K)
 Metaspace       used 126284K, committed 128576K, reserved 1179648K
  class space    used 16517K, committed 17600K, reserved 1048576K

Heap Regions: E=young(eden), S=young(survivor), O=old, HS=humongous(starts), HC=humongous(continues), CS=collection set, F=free, TAMS=top-at-mark-start, PB=parsable bottom
|   0|0x0000000080000000, 0x0000000080100000, 0x0000000080100000|100%|HS|  |TAMS 0x0000000080000000| PB 0x0000000080000000| Complete |  0
|   1|0x0000000080100000, 0x0000000080200000, 0x0000000080200000|100%|HC|  |TAMS 0x0000000080100000| PB 0x0000000080100000| Complete |  0
|   2|0x0000000080200000, 0x0000000080300000, 0x0000000080300000|100%|HC|  |TAMS 0x0000000080200000| PB 0x0000000080200000| Complete |  0
|   3|0x0000000080300000, 0x0000000080400000, 0x0000000080400000|100%|HC|  |TAMS 0x0000000080300000| PB 0x0000000080300000| Complete |  0
|   4|0x0000000080400000, 0x0000000080500000, 0x0000000080500000|100%| O|  |TAMS 0x0000000080400000| PB 0x0000000080400000| Untracked |  0
|   5|0x0000000080500000, 0x0000000080600000, 0x0000000080600000|100%| O|  |TAMS 0x0000000080500000| PB 0x0000000080500000| Untracked |  0
|   6|0x0000000080600000, 0x0000000080700000, 0x0000000080700000|100%| O|  |TAMS 0x0000000080600000| PB 0x0000000080600000| Untracked |  0
|   7|0x0000000080700000, 0x0000000080800000, 0x0000000080800000|100%| O|  |TAMS 0x0000000080700000| PB 0x0000000080700000| Untracked |  0
|   8|0x0000000080800000, 0x0000000080900000, 0x0000000080900000|100%| O|  |TAMS 0x0000000080800000| PB 0x0000000080800000| Untracked |  0
|   9|0x0000000080900000, 0x0000000080a00000, 0x0000000080a00000|100%| O|  |TAMS 0x0000000080900000| PB 0x0000000080900000| Untracked |  0
|  10|0x0000000080a00000, 0x0000000080b00000, 0x0000000080b00000|100%| O|  |TAMS 0x0000000080a00000| PB 0x0000000080a00000| Untracked |  0
|  11|0x0000000080b00000, 0x0000000080c00000, 0x0000000080c00000|100%|HS|  |TAMS 0x0000000080b00000| PB 0x0000000080b00000| Complete |  0
|  12|0x0000000080c00000, 0x0000000080d00000, 0x0000000080d00000|100%| O|  |TAMS 0x0000000080c00000| PB 0x0000000080c00000| Untracked |  0
|  13|0x0000000080d00000, 0x0000000080e00000, 0x0000000080e00000|100%| O|  |TAMS 0x0000000080d00000| PB 0x0000000080d00000| Untracked |  0
|  14|0x0000000080e00000, 0x0000000080f00000, 0x0000000080f00000|100%| O|  |TAMS 0x0000000080e00000| PB 0x0000000080e00000| Untracked |  0
|  15|0x0000000080f00000, 0x0000000081000000, 0x0000000081000000|100%| O|  |TAMS 0x0000000080f00000| PB 0x0000000080f00000| Untracked |  0
|  16|0x0000000081000000, 0x0000000081100000, 0x0000000081100000|100%| O|  |TAMS 0x0000000081000000| PB 0x0000000081000000| Untracked |  0
|  17|0x0000000081100000, 0x0000000081200000, 0x0000000081200000|100%| O|  |TAMS 0x0000000081100000| PB 0x0000000081100000| Untracked |  0
|  18|0x0000000081200000, 0x0000000081300000, 0x0000000081300000|100%| O|  |TAMS 0x0000000081200000| PB 0x0000000081200000| Untracked |  0
|  19|0x0000000081300000, 0x0000000081400000, 0x0000000081400000|100%| O|  |TAMS 0x0000000081300000| PB 0x0000000081300000| Untracked |  0
|  20|0x0000000081400000, 0x0000000081500000, 0x0000000081500000|100%| O|  |TAMS 0x0000000081400000| PB 0x0000000081400000| Untracked |  0
|  21|0x0000000081500000, 0x0000000081600000, 0x0000000081600000|100%| O|  |TAMS 0x0000000081500000| PB 0x0000000081500000| Untracked |  0
|  22|0x0000000081600000, 0x0000000081700000, 0x0000000081700000|100%| O|  |TAMS 0x0000000081600000| PB 0x0000000081600000| Untracked |  0
|  23|0x0000000081700000, 0x0000000081800000, 0x0000000081800000|100%| O|  |TAMS 0x0000000081700000| PB 0x0000000081700000| Untracked |  0
|  24|0x0000000081800000, 0x0000000081900000, 0x0000000081900000|100%| O|  |TAMS 0x0000000081800000| PB 0x0000000081800000| Untracked |  0
|  25|0x0000000081900000, 0x0000000081a00000, 0x0000000081a00000|100%| O|  |TAMS 0x0000000081900000| PB 0x0000000081900000| Untracked |  0
|  26|0x0000000081a00000, 0x0000000081b00000, 0x0000000081b00000|100%| O|  |TAMS 0x0000000081a00000| PB 0x0000000081a00000| Untracked |  0
|  27|0x0000000081b00000, 0x0000000081c00000, 0x0000000081c00000|100%| O|  |TAMS 0x0000000081b00000| PB 0x0000000081b00000| Untracked |  0
|  28|0x0000000081c00000, 0x0000000081d00000, 0x0000000081d00000|100%| O|  |TAMS 0x0000000081c00000| PB 0x0000000081c00000| Untracked |  0
|  29|0x0000000081d00000, 0x0000000081e00000, 0x0000000081e00000|100%|HS|  |TAMS 0x0000000081d00000| PB 0x0000000081d00000| Complete |  0
|  30|0x0000000081e00000, 0x0000000081f00000, 0x0000000081f00000|100%| O|  |TAMS 0x0000000081e00000| PB 0x0000000081e00000| Untracked |  0
|  31|0x0000000081f00000, 0x0000000082000000, 0x0000000082000000|100%| O|  |TAMS 0x0000000081f00000| PB 0x0000000081f00000| Untracked |  0
|  32|0x0000000082000000, 0x0000000082100000, 0x0000000082100000|100%| O|  |TAMS 0x0000000082000000| PB 0x0000000082000000| Untracked |  0
|  33|0x0000000082100000, 0x0000000082200000, 0x0000000082200000|100%| O|  |TAMS 0x0000000082100000| PB 0x0000000082100000| Untracked |  0
|  34|0x0000000082200000, 0x0000000082300000, 0x0000000082300000|100%| O|  |TAMS 0x0000000082200000| PB 0x0000000082200000| Untracked |  0
|  35|0x0000000082300000, 0x0000000082400000, 0x0000000082400000|100%| O|  |TAMS 0x0000000082300000| PB 0x0000000082300000| Untracked |  0
|  36|0x0000000082400000, 0x0000000082500000, 0x0000000082500000|100%| O|  |TAMS 0x0000000082400000| PB 0x0000000082400000| Untracked |  0
|  37|0x0000000082500000, 0x0000000082600000, 0x0000000082600000|100%| O|  |TAMS 0x0000000082500000| PB 0x0000000082500000| Untracked |  0
|  38|0x0000000082600000, 0x0000000082700000, 0x0000000082700000|100%| O|  |TAMS 0x0000000082600000| PB 0x0000000082600000| Untracked |  0
|  39|0x0000000082700000, 0x0000000082800000, 0x0000000082800000|100%| O|  |TAMS 0x0000000082700000| PB 0x0000000082700000| Untracked |  0
|  40|0x0000000082800000, 0x0000000082900000, 0x0000000082900000|100%| O|  |TAMS 0x0000000082800000| PB 0x0000000082800000| Untracked |  0
|  41|0x0000000082900000, 0x0000000082a00000, 0x0000000082a00000|100%| O|  |TAMS 0x0000000082900000| PB 0x0000000082900000| Untracked |  0
|  42|0x0000000082a00000, 0x0000000082b00000, 0x0000000082b00000|100%| O|  |TAMS 0x0000000082a00000| PB 0x0000000082a00000| Untracked |  0
|  43|0x0000000082b00000, 0x0000000082c00000, 0x0000000082c00000|100%| O|  |TAMS 0x0000000082b00000| PB 0x0000000082b00000| Untracked |  0
|  44|0x0000000082c00000, 0x0000000082d00000, 0x0000000082d00000|100%| O|  |TAMS 0x0000000082c00000| PB 0x0000000082c00000| Untracked |  0
|  45|0x0000000082d00000, 0x0000000082e00000, 0x0000000082e00000|100%| O|  |TAMS 0x0000000082d00000| PB 0x0000000082d00000| Untracked |  0
|  46|0x0000000082e00000, 0x0000000082f00000, 0x0000000082f00000|100%| O|  |TAMS 0x0000000082e00000| PB 0x0000000082e00000| Untracked |  0
|  47|0x0000000082f00000, 0x0000000083000000, 0x0000000083000000|100%| O|  |TAMS 0x0000000082f00000| PB 0x0000000082f00000| Untracked |  0
|  48|0x0000000083000000, 0x0000000083100000, 0x0000000083100000|100%| O|  |TAMS 0x0000000083000000| PB 0x0000000083000000| Untracked |  0
|  49|0x0000000083100000, 0x0000000083200000, 0x0000000083200000|100%|HS|  |TAMS 0x0000000083100000| PB 0x0000000083100000| Complete |  0
|  50|0x0000000083200000, 0x0000000083300000, 0x0000000083300000|100%|HC|  |TAMS 0x0000000083200000| PB 0x0000000083200000| Complete |  0
|  51|0x0000000083300000, 0x0000000083400000, 0x0000000083400000|100%|HC|  |TAMS 0x0000000083300000| PB 0x0000000083300000| Complete |  0
|  52|0x0000000083400000, 0x0000000083500000, 0x0000000083500000|100%|HC|  |TAMS 0x0000000083400000| PB 0x0000000083400000| Complete |  0
|  53|0x0000000083500000, 0x0000000083600000, 0x0000000083600000|100%|HC|  |TAMS 0x0000000083500000| PB 0x0000000083500000| Complete |  0
|  54|0x0000000083600000, 0x0000000083700000, 0x0000000083700000|100%|HC|  |TAMS 0x0000000083600000| PB 0x0000000083600000| Complete |  0
|  55|0x0000000083700000, 0x0000000083800000, 0x0000000083800000|100%| O|  |TAMS 0x0000000083700000| PB 0x0000000083700000| Untracked |  0
|  56|0x0000000083800000, 0x0000000083900000, 0x0000000083900000|100%| O|  |TAMS 0x0000000083800000| PB 0x0000000083800000| Untracked |  0
|  57|0x0000000083900000, 0x0000000083a00000, 0x0000000083a00000|100%| O|  |TAMS 0x0000000083900000| PB 0x0000000083900000| Untracked |  0
|  58|0x0000000083a00000, 0x0000000083b00000, 0x0000000083b00000|100%| O|  |TAMS 0x0000000083a00000| PB 0x0000000083a00000| Untracked |  0
|  59|0x0000000083b00000, 0x0000000083c00000, 0x0000000083c00000|100%| O|  |TAMS 0x0000000083b00000| PB 0x0000000083b00000| Untracked |  0
|  60|0x0000000083c00000, 0x0000000083d00000, 0x0000000083d00000|100%| O|  |TAMS 0x0000000083c00000| PB 0x0000000083c00000| Untracked |  0
|  61|0x0000000083d00000, 0x0000000083e00000, 0x0000000083e00000|100%| O|  |TAMS 0x0000000083d00000| PB 0x0000000083d00000| Untracked |  0
|  62|0x0000000083e00000, 0x0000000083f00000, 0x0000000083f00000|100%| O|  |TAMS 0x0000000083e00000| PB 0x0000000083e00000| Untracked |  0
|  63|0x0000000083f00000, 0x0000000084000000, 0x0000000084000000|100%| O|  |TAMS 0x0000000083f00000| PB 0x0000000083f00000| Untracked |  0
|  64|0x0000000084000000, 0x0000000084100000, 0x0000000084100000|100%| O|  |TAMS 0x0000000084000000| PB 0x0000000084000000| Untracked |  0
|  65|0x0000000084100000, 0x0000000084200000, 0x0000000084200000|100%| O|Cm|TAMS 0x0000000084100000| PB 0x0000000084100000| Complete |  0
|  66|0x0000000084200000, 0x0000000084300000, 0x0000000084300000|100%| O|  |TAMS 0x0000000084200000| PB 0x0000000084200000| Untracked |  0
|  67|0x0000000084300000, 0x0000000084400000, 0x0000000084400000|100%| O|Cm|TAMS 0x0000000084300000| PB 0x0000000084300000| Complete |  0
|  68|0x0000000084400000, 0x0000000084500000, 0x0000000084500000|100%| O|  |TAMS 0x0000000084400000| PB 0x0000000084400000| Untracked |  0
|  69|0x0000000084500000, 0x0000000084600000, 0x0000000084600000|100%| O|  |TAMS 0x0000000084500000| PB 0x0000000084500000| Untracked |  0
|  70|0x0000000084600000, 0x0000000084700000, 0x0000000084700000|100%| O|  |TAMS 0x0000000084600000| PB 0x0000000084600000| Untracked |  0
|  71|0x0000000084700000, 0x0000000084800000, 0x0000000084800000|100%| O|  |TAMS 0x0000000084700000| PB 0x0000000084700000| Untracked |  0
|  72|0x0000000084800000, 0x0000000084900000, 0x0000000084900000|100%| O|  |TAMS 0x0000000084800000| PB 0x0000000084800000| Untracked |  0
|  73|0x0000000084900000, 0x0000000084a00000, 0x0000000084a00000|100%| O|Cm|TAMS 0x0000000084900000| PB 0x0000000084900000| Complete |  0
|  74|0x0000000084a00000, 0x0000000084b00000, 0x0000000084b00000|100%| O|  |TAMS 0x0000000084a00000| PB 0x0000000084a00000| Untracked |  0
|  75|0x0000000084b00000, 0x0000000084c00000, 0x0000000084c00000|100%| O|  |TAMS 0x0000000084b00000| PB 0x0000000084b00000| Untracked |  0
|  76|0x0000000084c00000, 0x0000000084d00000, 0x0000000084d00000|100%| O|  |TAMS 0x0000000084c00000| PB 0x0000000084c00000| Untracked |  0
|  77|0x0000000084d00000, 0x0000000084e00000, 0x0000000084e00000|100%| O|  |TAMS 0x0000000084d00000| PB 0x0000000084d00000| Untracked |  0
|  78|0x0000000084e00000, 0x0000000084f00000, 0x0000000084f00000|100%| O|  |TAMS 0x0000000084e00000| PB 0x0000000084e00000| Untracked |  0
|  79|0x0000000084f00000, 0x0000000085000000, 0x0000000085000000|100%| O|  |TAMS 0x0000000084f00000| PB 0x0000000084f00000| Untracked |  0
|  80|0x0000000085000000, 0x0000000085100000, 0x0000000085100000|100%| O|  |TAMS 0x0000000085000000| PB 0x0000000085000000| Untracked |  0
|  81|0x0000000085100000, 0x0000000085200000, 0x0000000085200000|100%| O|  |TAMS 0x0000000085100000| PB 0x0000000085100000| Untracked |  0
|  82|0x0000000085200000, 0x0000000085300000, 0x0000000085300000|100%| O|  |TAMS 0x0000000085200000| PB 0x0000000085200000| Untracked |  0
|  83|0x0000000085300000, 0x0000000085400000, 0x0000000085400000|100%| O|  |TAMS 0x0000000085300000| PB 0x0000000085300000| Untracked |  0
|  84|0x0000000085400000, 0x0000000085500000, 0x0000000085500000|100%| O|  |TAMS 0x0000000085400000| PB 0x0000000085400000| Untracked |  0
|  85|0x0000000085500000, 0x0000000085600000, 0x0000000085600000|100%| O|  |TAMS 0x0000000085500000| PB 0x0000000085500000| Untracked |  0
|  86|0x0000000085600000, 0x0000000085700000, 0x0000000085700000|100%| O|  |TAMS 0x0000000085600000| PB 0x0000000085600000| Untracked |  0
|  87|0x0000000085700000, 0x0000000085800000, 0x0000000085800000|100%| O|  |TAMS 0x0000000085700000| PB 0x0000000085700000| Untracked |  0
|  88|0x0000000085800000, 0x0000000085900000, 0x0000000085900000|100%| O|  |TAMS 0x0000000085800000| PB 0x0000000085800000| Untracked |  0
|  89|0x0000000085900000, 0x0000000085a00000, 0x0000000085a00000|100%| O|Cm|TAMS 0x0000000085900000| PB 0x0000000085900000| Complete |  0
|  90|0x0000000085a00000, 0x0000000085b00000, 0x0000000085b00000|100%| O|  |TAMS 0x0000000085a00000| PB 0x0000000085a00000| Untracked |  0
|  91|0x0000000085b00000, 0x0000000085c00000, 0x0000000085c00000|100%| O|  |TAMS 0x0000000085b00000| PB 0x0000000085b00000| Untracked |  0
|  92|0x0000000085c00000, 0x0000000085d00000, 0x0000000085d00000|100%| O|  |TAMS 0x0000000085c00000| PB 0x0000000085c00000| Untracked |  0
|  93|0x0000000085d00000, 0x0000000085d00000, 0x0000000085e00000|  0%| F|  |TAMS 0x0000000085d00000| PB 0x0000000085d00000| Untracked |  0
|  94|0x0000000085e00000, 0x0000000085e00000, 0x0000000085f00000|  0%| F|  |TAMS 0x0000000085e00000| PB 0x0000000085e00000| Untracked |  0
|  95|0x0000000085f00000, 0x0000000085f4e720, 0x0000000086000000| 30%| O|  |TAMS 0x0000000085f00000| PB 0x0000000085f00000| Untracked |  0
|  96|0x0000000086000000, 0x0000000086100000, 0x0000000086100000|100%| O|  |TAMS 0x0000000086000000| PB 0x0000000086000000| Untracked |  0
|  97|0x0000000086100000, 0x0000000086200000, 0x0000000086200000|100%| O|Cm|TAMS 0x0000000086100000| PB 0x0000000086100000| Complete |  0
|  98|0x0000000086200000, 0x0000000086200000, 0x0000000086300000|  0%| F|  |TAMS 0x0000000086200000| PB 0x0000000086200000| Untracked |  0
|  99|0x0000000086300000, 0x0000000086300000, 0x0000000086400000|  0%| F|  |TAMS 0x0000000086300000| PB 0x0000000086300000| Untracked |  0
| 100|0x0000000086400000, 0x0000000086500000, 0x0000000086500000|100%| S|CS|TAMS 0x0000000086400000| PB 0x0000000086400000| Complete |  0
| 101|0x0000000086500000, 0x0000000086600000, 0x0000000086600000|100%| S|CS|TAMS 0x0000000086500000| PB 0x0000000086500000| Complete |  0
| 102|0x0000000086600000, 0x0000000086700000, 0x0000000086700000|100%| S|CS|TAMS 0x0000000086600000| PB 0x0000000086600000| Complete |  0
| 103|0x0000000086700000, 0x0000000086700000, 0x0000000086800000|  0%| F|  |TAMS 0x0000000086700000| PB 0x0000000086700000| Untracked |  0
| 104|0x0000000086800000, 0x0000000086800000, 0x0000000086900000|  0%| F|  |TAMS 0x0000000086800000| PB 0x0000000086800000| Untracked |  0
| 105|0x0000000086900000, 0x0000000086a00000, 0x0000000086a00000|100%| S|CS|TAMS 0x0000000086900000| PB 0x0000000086900000| Complete |  0
| 106|0x0000000086a00000, 0x0000000086b00000, 0x0000000086b00000|100%| S|CS|TAMS 0x0000000086a00000| PB 0x0000000086a00000| Complete |  0
| 107|0x0000000086b00000, 0x0000000086c00000, 0x0000000086c00000|100%| S|CS|TAMS 0x0000000086b00000| PB 0x0000000086b00000| Complete |  0
| 108|0x0000000086c00000, 0x0000000086d00000, 0x0000000086d00000|100%| S|CS|TAMS 0x0000000086c00000| PB 0x0000000086c00000| Complete |  0
| 109|0x0000000086d00000, 0x0000000086e00000, 0x0000000086e00000|100%| S|CS|TAMS 0x0000000086d00000| PB 0x0000000086d00000| Complete |  0
| 110|0x0000000086e00000, 0x0000000086f00000, 0x0000000086f00000|100%| S|CS|TAMS 0x0000000086e00000| PB 0x0000000086e00000| Complete |  0
| 111|0x0000000086f00000, 0x0000000087000000, 0x0000000087000000|100%| S|CS|TAMS 0x0000000086f00000| PB 0x0000000086f00000| Complete |  0
| 112|0x0000000087000000, 0x0000000087100000, 0x0000000087100000|100%| S|CS|TAMS 0x0000000087000000| PB 0x0000000087000000| Complete |  0
| 113|0x0000000087100000, 0x0000000087200000, 0x0000000087200000|100%| S|CS|TAMS 0x0000000087100000| PB 0x0000000087100000| Complete |  0
| 114|0x0000000087200000, 0x0000000087300000, 0x0000000087300000|100%| S|CS|TAMS 0x0000000087200000| PB 0x0000000087200000| Complete |  0
| 115|0x0000000087300000, 0x0000000087400000, 0x0000000087400000|100%| S|CS|TAMS 0x0000000087300000| PB 0x0000000087300000| Complete |  0
| 116|0x0000000087400000, 0x0000000087500000, 0x0000000087500000|100%| S|CS|TAMS 0x0000000087400000| PB 0x0000000087400000| Complete |  0
| 117|0x0000000087500000, 0x0000000087600000, 0x0000000087600000|100%| S|CS|TAMS 0x0000000087500000| PB 0x0000000087500000| Complete |  0
| 118|0x0000000087600000, 0x0000000087700000, 0x0000000087700000|100%| S|CS|TAMS 0x0000000087600000| PB 0x0000000087600000| Complete |  0
| 119|0x0000000087700000, 0x0000000087700000, 0x0000000087800000|  0%| F|  |TAMS 0x0000000087700000| PB 0x0000000087700000| Untracked |  0
| 120|0x0000000087800000, 0x0000000087800000, 0x0000000087900000|  0%| F|  |TAMS 0x0000000087800000| PB 0x0000000087800000| Untracked |  0
| 121|0x0000000087900000, 0x0000000087900000, 0x0000000087a00000|  0%| F|  |TAMS 0x0000000087900000| PB 0x0000000087900000| Untracked |  0
| 122|0x0000000087a00000, 0x0000000087a00000, 0x0000000087b00000|  0%| F|  |TAMS 0x0000000087a00000| PB 0x0000000087a00000| Untracked |  0
| 123|0x0000000087b00000, 0x0000000087b00000, 0x0000000087c00000|  0%| F|  |TAMS 0x0000000087b00000| PB 0x0000000087b00000| Untracked |  0
| 124|0x0000000087c00000, 0x0000000087c00000, 0x0000000087d00000|  0%| F|  |TAMS 0x0000000087c00000| PB 0x0000000087c00000| Untracked |  0
| 125|0x0000000087d00000, 0x0000000087d00000, 0x0000000087e00000|  0%| F|  |TAMS 0x0000000087d00000| PB 0x0000000087d00000| Untracked |  0
| 126|0x0000000087e00000, 0x0000000087e00000, 0x0000000087f00000|  0%| F|  |TAMS 0x0000000087e00000| PB 0x0000000087e00000| Untracked |  0
| 127|0x0000000087f00000, 0x0000000087f00000, 0x0000000088000000|  0%| F|  |TAMS 0x0000000087f00000| PB 0x0000000087f00000| Untracked |  0
| 128|0x0000000088000000, 0x0000000088000000, 0x0000000088100000|  0%| F|  |TAMS 0x0000000088000000| PB 0x0000000088000000| Untracked |  0
| 129|0x0000000088100000, 0x0000000088100000, 0x0000000088200000|  0%| F|  |TAMS 0x0000000088100000| PB 0x0000000088100000| Untracked |  0
| 130|0x0000000088200000, 0x0000000088200000, 0x0000000088300000|  0%| F|  |TAMS 0x0000000088200000| PB 0x0000000088200000| Untracked |  0
| 131|0x0000000088300000, 0x0000000088400000, 0x0000000088400000|100%| S|CS|TAMS 0x0000000088300000| PB 0x0000000088300000| Complete |  0
| 132|0x0000000088400000, 0x0000000088500000, 0x0000000088500000|100%| S|CS|TAMS 0x0000000088400000| PB 0x0000000088400000| Complete |  0
| 133|0x0000000088500000, 0x0000000088600000, 0x0000000088600000|100%| S|CS|TAMS 0x0000000088500000| PB 0x0000000088500000| Complete |  0
| 134|0x0000000088600000, 0x0000000088600000, 0x0000000088700000|  0%| F|  |TAMS 0x0000000088600000| PB 0x0000000088600000| Untracked |  0
| 135|0x0000000088700000, 0x0000000088700000, 0x0000000088800000|  0%| F|  |TAMS 0x0000000088700000| PB 0x0000000088700000| Untracked |  0
| 136|0x0000000088800000, 0x0000000088800000, 0x0000000088900000|  0%| F|  |TAMS 0x0000000088800000| PB 0x0000000088800000| Untracked |  0
| 137|0x0000000088900000, 0x0000000088900000, 0x0000000088a00000|  0%| F|  |TAMS 0x0000000088900000| PB 0x0000000088900000| Untracked |  0
| 138|0x0000000088a00000, 0x0000000088a00000, 0x0000000088b00000|  0%| F|  |TAMS 0x0000000088a00000| PB 0x0000000088a00000| Untracked |  0
| 139|0x0000000088b00000, 0x0000000088b00000, 0x0000000088c00000|  0%| F|  |TAMS 0x0000000088b00000| PB 0x0000000088b00000| Untracked |  0
| 140|0x0000000088c00000, 0x0000000088c00000, 0x0000000088d00000|  0%| F|  |TAMS 0x0000000088c00000| PB 0x0000000088c00000| Untracked |  0
| 141|0x0000000088d00000, 0x0000000088d00000, 0x0000000088e00000|  0%| F|  |TAMS 0x0000000088d00000| PB 0x0000000088d00000| Untracked |  0
| 142|0x0000000088e00000, 0x0000000088e00000, 0x0000000088f00000|  0%| F|  |TAMS 0x0000000088e00000| PB 0x0000000088e00000| Untracked |  0
| 143|0x0000000088f00000, 0x0000000088f00000, 0x0000000089000000|  0%| F|  |TAMS 0x0000000088f00000| PB 0x0000000088f00000| Untracked |  0
| 144|0x0000000089000000, 0x0000000089000000, 0x0000000089100000|  0%| F|  |TAMS 0x0000000089000000| PB 0x0000000089000000| Untracked |  0
| 145|0x0000000089100000, 0x0000000089100000, 0x0000000089200000|  0%| F|  |TAMS 0x0000000089100000| PB 0x0000000089100000| Untracked |  0
| 146|0x0000000089200000, 0x0000000089200000, 0x0000000089300000|  0%| F|  |TAMS 0x0000000089200000| PB 0x0000000089200000| Untracked |  0
| 147|0x0000000089300000, 0x0000000089300000, 0x0000000089400000|  0%| F|  |TAMS 0x0000000089300000| PB 0x0000000089300000| Untracked |  0
| 148|0x0000000089400000, 0x0000000089400000, 0x0000000089500000|  0%| F|  |TAMS 0x0000000089400000| PB 0x0000000089400000| Untracked |  0
| 149|0x0000000089500000, 0x0000000089500000, 0x0000000089600000|  0%| F|  |TAMS 0x0000000089500000| PB 0x0000000089500000| Untracked |  0
| 150|0x0000000089600000, 0x0000000089600000, 0x0000000089700000|  0%| F|  |TAMS 0x0000000089600000| PB 0x0000000089600000| Untracked |  0
| 151|0x0000000089700000, 0x0000000089700000, 0x0000000089800000|  0%| F|  |TAMS 0x0000000089700000| PB 0x0000000089700000| Untracked |  0
| 152|0x0000000089800000, 0x0000000089800000, 0x0000000089900000|  0%| F|  |TAMS 0x0000000089800000| PB 0x0000000089800000| Untracked |  0
| 153|0x0000000089900000, 0x0000000089900000, 0x0000000089a00000|  0%| F|  |TAMS 0x0000000089900000| PB 0x0000000089900000| Untracked |  0
| 154|0x0000000089a00000, 0x0000000089a00000, 0x0000000089b00000|  0%| F|  |TAMS 0x0000000089a00000| PB 0x0000000089a00000| Untracked |  0
| 155|0x0000000089b00000, 0x0000000089b00000, 0x0000000089c00000|  0%| F|  |TAMS 0x0000000089b00000| PB 0x0000000089b00000| Untracked |  0
| 156|0x0000000089c00000, 0x0000000089c00000, 0x0000000089d00000|  0%| F|  |TAMS 0x0000000089c00000| PB 0x0000000089c00000| Untracked |  0
| 157|0x0000000089d00000, 0x0000000089d00000, 0x0000000089e00000|  0%| F|  |TAMS 0x0000000089d00000| PB 0x0000000089d00000| Untracked |  0
| 158|0x0000000089e00000, 0x0000000089e00000, 0x0000000089f00000|  0%| F|  |TAMS 0x0000000089e00000| PB 0x0000000089e00000| Untracked |  0
| 159|0x0000000089f00000, 0x0000000089f00000, 0x000000008a000000|  0%| F|  |TAMS 0x0000000089f00000| PB 0x0000000089f00000| Untracked |  0
| 160|0x000000008a000000, 0x000000008a000000, 0x000000008a100000|  0%| F|  |TAMS 0x000000008a000000| PB 0x000000008a000000| Untracked |  0
| 161|0x000000008a100000, 0x000000008a100000, 0x000000008a200000|  0%| F|  |TAMS 0x000000008a100000| PB 0x000000008a100000| Untracked |  0
| 162|0x000000008a200000, 0x000000008a200000, 0x000000008a300000|  0%| F|  |TAMS 0x000000008a200000| PB 0x000000008a200000| Untracked |  0
| 163|0x000000008a300000, 0x000000008a300000, 0x000000008a400000|  0%| F|  |TAMS 0x000000008a300000| PB 0x000000008a300000| Untracked |  0
| 164|0x000000008a400000, 0x000000008a400000, 0x000000008a500000|  0%| F|  |TAMS 0x000000008a400000| PB 0x000000008a400000| Untracked |  0
| 165|0x000000008a500000, 0x000000008a500000, 0x000000008a600000|  0%| F|  |TAMS 0x000000008a500000| PB 0x000000008a500000| Untracked |  0
| 166|0x000000008a600000, 0x000000008a600000, 0x000000008a700000|  0%| F|  |TAMS 0x000000008a600000| PB 0x000000008a600000| Untracked |  0
| 167|0x000000008a700000, 0x000000008a700000, 0x000000008a800000|  0%| F|  |TAMS 0x000000008a700000| PB 0x000000008a700000| Untracked |  0
| 168|0x000000008a800000, 0x000000008a800000, 0x000000008a900000|  0%| F|  |TAMS 0x000000008a800000| PB 0x000000008a800000| Untracked |  0
| 169|0x000000008a900000, 0x000000008a900000, 0x000000008aa00000|  0%| F|  |TAMS 0x000000008a900000| PB 0x000000008a900000| Untracked |  0
| 170|0x000000008aa00000, 0x000000008aa00000, 0x000000008ab00000|  0%| F|  |TAMS 0x000000008aa00000| PB 0x000000008aa00000| Untracked |  0
| 171|0x000000008ab00000, 0x000000008ab00000, 0x000000008ac00000|  0%| F|  |TAMS 0x000000008ab00000| PB 0x000000008ab00000| Untracked |  0
| 172|0x000000008ac00000, 0x000000008ac00000, 0x000000008ad00000|  0%| F|  |TAMS 0x000000008ac00000| PB 0x000000008ac00000| Untracked |  0
| 173|0x000000008ad00000, 0x000000008ad00000, 0x000000008ae00000|  0%| F|  |TAMS 0x000000008ad00000| PB 0x000000008ad00000| Untracked |  0
| 174|0x000000008ae00000, 0x000000008ae00000, 0x000000008af00000|  0%| F|  |TAMS 0x000000008ae00000| PB 0x000000008ae00000| Untracked |  0
| 175|0x000000008af00000, 0x000000008af00000, 0x000000008b000000|  0%| F|  |TAMS 0x000000008af00000| PB 0x000000008af00000| Untracked |  0
| 176|0x000000008b000000, 0x000000008b000000, 0x000000008b100000|  0%| F|  |TAMS 0x000000008b000000| PB 0x000000008b000000| Untracked |  0
| 177|0x000000008b100000, 0x000000008b100000, 0x000000008b200000|  0%| F|  |TAMS 0x000000008b100000| PB 0x000000008b100000| Untracked |  0
| 178|0x000000008b200000, 0x000000008b200000, 0x000000008b300000|  0%| F|  |TAMS 0x000000008b200000| PB 0x000000008b200000| Untracked |  0
| 179|0x000000008b300000, 0x000000008b300000, 0x000000008b400000|  0%| F|  |TAMS 0x000000008b300000| PB 0x000000008b300000| Untracked |  0
| 180|0x000000008b400000, 0x000000008b400000, 0x000000008b500000|  0%| F|  |TAMS 0x000000008b400000| PB 0x000000008b400000| Untracked |  0
| 181|0x000000008b500000, 0x000000008b500000, 0x000000008b600000|  0%| F|  |TAMS 0x000000008b500000| PB 0x000000008b500000| Untracked |  0
| 182|0x000000008b600000, 0x000000008b600000, 0x000000008b700000|  0%| F|  |TAMS 0x000000008b600000| PB 0x000000008b600000| Untracked |  0
| 183|0x000000008b700000, 0x000000008b700000, 0x000000008b800000|  0%| F|  |TAMS 0x000000008b700000| PB 0x000000008b700000| Untracked |  0
| 184|0x000000008b800000, 0x000000008b800000, 0x000000008b900000|  0%| F|  |TAMS 0x000000008b800000| PB 0x000000008b800000| Untracked |  0
| 185|0x000000008b900000, 0x000000008b900000, 0x000000008ba00000|  0%| F|  |TAMS 0x000000008b900000| PB 0x000000008b900000| Untracked |  0
| 186|0x000000008ba00000, 0x000000008ba00000, 0x000000008bb00000|  0%| F|  |TAMS 0x000000008ba00000| PB 0x000000008ba00000| Untracked |  0
| 187|0x000000008bb00000, 0x000000008bb00000, 0x000000008bc00000|  0%| F|  |TAMS 0x000000008bb00000| PB 0x000000008bb00000| Untracked |  0
| 188|0x000000008bc00000, 0x000000008bc00000, 0x000000008bd00000|  0%| F|  |TAMS 0x000000008bc00000| PB 0x000000008bc00000| Untracked |  0
| 189|0x000000008bd00000, 0x000000008bd00000, 0x000000008be00000|  0%| F|  |TAMS 0x000000008bd00000| PB 0x000000008bd00000| Untracked |  0
| 190|0x000000008be00000, 0x000000008be00000, 0x000000008bf00000|  0%| F|  |TAMS 0x000000008be00000| PB 0x000000008be00000| Untracked |  0
| 191|0x000000008bf00000, 0x000000008bf00000, 0x000000008c000000|  0%| F|  |TAMS 0x000000008bf00000| PB 0x000000008bf00000| Untracked |  0
| 192|0x000000008c000000, 0x000000008c000000, 0x000000008c100000|  0%| F|  |TAMS 0x000000008c000000| PB 0x000000008c000000| Untracked |  0
| 193|0x000000008c100000, 0x000000008c100000, 0x000000008c200000|  0%| F|  |TAMS 0x000000008c100000| PB 0x000000008c100000| Untracked |  0
| 194|0x000000008c200000, 0x000000008c200000, 0x000000008c300000|  0%| F|  |TAMS 0x000000008c200000| PB 0x000000008c200000| Untracked |  0
| 195|0x000000008c300000, 0x000000008c300000, 0x000000008c400000|  0%| F|  |TAMS 0x000000008c300000| PB 0x000000008c300000| Untracked |  0
| 196|0x000000008c400000, 0x000000008c400000, 0x000000008c500000|  0%| F|  |TAMS 0x000000008c400000| PB 0x000000008c400000| Untracked |  0
| 197|0x000000008c500000, 0x000000008c500000, 0x000000008c600000|  0%| F|  |TAMS 0x000000008c500000| PB 0x000000008c500000| Untracked |  0
| 198|0x000000008c600000, 0x000000008c600000, 0x000000008c700000|  0%| F|  |TAMS 0x000000008c600000| PB 0x000000008c600000| Untracked |  0
| 199|0x000000008c700000, 0x000000008c700000, 0x000000008c800000|  0%| F|  |TAMS 0x000000008c700000| PB 0x000000008c700000| Untracked |  0
| 200|0x000000008c800000, 0x000000008c800000, 0x000000008c900000|  0%| F|  |TAMS 0x000000008c800000| PB 0x000000008c800000| Untracked |  0
| 201|0x000000008c900000, 0x000000008c900000, 0x000000008ca00000|  0%| F|  |TAMS 0x000000008c900000| PB 0x000000008c900000| Untracked |  0
| 202|0x000000008ca00000, 0x000000008ca00000, 0x000000008cb00000|  0%| F|  |TAMS 0x000000008ca00000| PB 0x000000008ca00000| Untracked |  0
| 203|0x000000008cb00000, 0x000000008cb00000, 0x000000008cc00000|  0%| F|  |TAMS 0x000000008cb00000| PB 0x000000008cb00000| Untracked |  0
| 204|0x000000008cc00000, 0x000000008cc00000, 0x000000008cd00000|  0%| F|  |TAMS 0x000000008cc00000| PB 0x000000008cc00000| Untracked |  0
| 205|0x000000008cd00000, 0x000000008cd00000, 0x000000008ce00000|  0%| F|  |TAMS 0x000000008cd00000| PB 0x000000008cd00000| Untracked |  0
| 206|0x000000008ce00000, 0x000000008ce00000, 0x000000008cf00000|  0%| F|  |TAMS 0x000000008ce00000| PB 0x000000008ce00000| Untracked |  0
| 207|0x000000008cf00000, 0x000000008cf00000, 0x000000008d000000|  0%| F|  |TAMS 0x000000008cf00000| PB 0x000000008cf00000| Untracked |  0
| 208|0x000000008d000000, 0x000000008d000000, 0x000000008d100000|  0%| F|  |TAMS 0x000000008d000000| PB 0x000000008d000000| Untracked |  0
| 209|0x000000008d100000, 0x000000008d100000, 0x000000008d200000|  0%| F|  |TAMS 0x000000008d100000| PB 0x000000008d100000| Untracked |  0
| 210|0x000000008d200000, 0x000000008d200000, 0x000000008d300000|  0%| F|  |TAMS 0x000000008d200000| PB 0x000000008d200000| Untracked |  0
| 211|0x000000008d300000, 0x000000008d300000, 0x000000008d400000|  0%| F|  |TAMS 0x000000008d300000| PB 0x000000008d300000| Untracked |  0
| 212|0x000000008d400000, 0x000000008d400000, 0x000000008d500000|  0%| F|  |TAMS 0x000000008d400000| PB 0x000000008d400000| Untracked |  0
| 213|0x000000008d500000, 0x000000008d500000, 0x000000008d600000|  0%| F|  |TAMS 0x000000008d500000| PB 0x000000008d500000| Untracked |  0
| 214|0x000000008d600000, 0x000000008d600000, 0x000000008d700000|  0%| F|  |TAMS 0x000000008d600000| PB 0x000000008d600000| Untracked |  0
| 215|0x000000008d700000, 0x000000008d700000, 0x000000008d800000|  0%| F|  |TAMS 0x000000008d700000| PB 0x000000008d700000| Untracked |  0
| 216|0x000000008d800000, 0x000000008d800000, 0x000000008d900000|  0%| F|  |TAMS 0x000000008d800000| PB 0x000000008d800000| Untracked |  0
| 217|0x000000008d900000, 0x000000008d900000, 0x000000008da00000|  0%| F|  |TAMS 0x000000008d900000| PB 0x000000008d900000| Untracked |  0
| 218|0x000000008da00000, 0x000000008da00000, 0x000000008db00000|  0%| F|  |TAMS 0x000000008da00000| PB 0x000000008da00000| Untracked |  0
| 219|0x000000008db00000, 0x000000008db00000, 0x000000008dc00000|  0%| F|  |TAMS 0x000000008db00000| PB 0x000000008db00000| Untracked |  0
| 220|0x000000008dc00000, 0x000000008dc00000, 0x000000008dd00000|  0%| F|  |TAMS 0x000000008dc00000| PB 0x000000008dc00000| Untracked |  0
| 221|0x000000008dd00000, 0x000000008dd00000, 0x000000008de00000|  0%| F|  |TAMS 0x000000008dd00000| PB 0x000000008dd00000| Untracked |  0
| 222|0x000000008de00000, 0x000000008de00000, 0x000000008df00000|  0%| F|  |TAMS 0x000000008de00000| PB 0x000000008de00000| Untracked |  0
| 223|0x000000008df00000, 0x000000008df00000, 0x000000008e000000|  0%| F|  |TAMS 0x000000008df00000| PB 0x000000008df00000| Untracked |  0
| 224|0x000000008e000000, 0x000000008e000000, 0x000000008e100000|  0%| F|  |TAMS 0x000000008e000000| PB 0x000000008e000000| Untracked |  0
| 225|0x000000008e100000, 0x000000008e100000, 0x000000008e200000|  0%| F|  |TAMS 0x000000008e100000| PB 0x000000008e100000| Untracked |  0
| 226|0x000000008e200000, 0x000000008e200000, 0x000000008e300000|  0%| F|  |TAMS 0x000000008e200000| PB 0x000000008e200000| Untracked |  0
| 227|0x000000008e300000, 0x000000008e300000, 0x000000008e400000|  0%| F|  |TAMS 0x000000008e300000| PB 0x000000008e300000| Untracked |  0
| 228|0x000000008e400000, 0x000000008e400000, 0x000000008e500000|  0%| F|  |TAMS 0x000000008e400000| PB 0x000000008e400000| Untracked |  0
| 229|0x000000008e500000, 0x000000008e500000, 0x000000008e600000|  0%| F|  |TAMS 0x000000008e500000| PB 0x000000008e500000| Untracked |  0
| 230|0x000000008e600000, 0x000000008e600000, 0x000000008e700000|  0%| F|  |TAMS 0x000000008e600000| PB 0x000000008e600000| Untracked |  0
| 231|0x000000008e700000, 0x000000008e700000, 0x000000008e800000|  0%| F|  |TAMS 0x000000008e700000| PB 0x000000008e700000| Untracked |  0
| 232|0x000000008e800000, 0x000000008e800000, 0x000000008e900000|  0%| F|  |TAMS 0x000000008e800000| PB 0x000000008e800000| Untracked |  0
| 233|0x000000008e900000, 0x000000008e900000, 0x000000008ea00000|  0%| F|  |TAMS 0x000000008e900000| PB 0x000000008e900000| Untracked |  0
| 234|0x000000008ea00000, 0x000000008ea00000, 0x000000008eb00000|  0%| F|  |TAMS 0x000000008ea00000| PB 0x000000008ea00000| Untracked |  0
| 235|0x000000008eb00000, 0x000000008eb00000, 0x000000008ec00000|  0%| F|  |TAMS 0x000000008eb00000| PB 0x000000008eb00000| Untracked |  0
| 236|0x000000008ec00000, 0x000000008ec00000, 0x000000008ed00000|  0%| F|  |TAMS 0x000000008ec00000| PB 0x000000008ec00000| Untracked |  0
| 237|0x000000008ed00000, 0x000000008ed00000, 0x000000008ee00000|  0%| F|  |TAMS 0x000000008ed00000| PB 0x000000008ed00000| Untracked |  0
| 238|0x000000008ee00000, 0x000000008ee00000, 0x000000008ef00000|  0%| F|  |TAMS 0x000000008ee00000| PB 0x000000008ee00000| Untracked |  0
| 239|0x000000008ef00000, 0x000000008ef00000, 0x000000008f000000|  0%| F|  |TAMS 0x000000008ef00000| PB 0x000000008ef00000| Untracked |  0
| 240|0x000000008f000000, 0x000000008f000000, 0x000000008f100000|  0%| F|  |TAMS 0x000000008f000000| PB 0x000000008f000000| Untracked |  0
| 241|0x000000008f100000, 0x000000008f100000, 0x000000008f200000|  0%| F|  |TAMS 0x000000008f100000| PB 0x000000008f100000| Untracked |  0
| 242|0x000000008f200000, 0x000000008f200000, 0x000000008f300000|  0%| F|  |TAMS 0x000000008f200000| PB 0x000000008f200000| Untracked |  0
| 243|0x000000008f300000, 0x000000008f300000, 0x000000008f400000|  0%| F|  |TAMS 0x000000008f300000| PB 0x000000008f300000| Untracked |  0
| 244|0x000000008f400000, 0x000000008f400000, 0x000000008f500000|  0%| F|  |TAMS 0x000000008f400000| PB 0x000000008f400000| Untracked |  0
| 245|0x000000008f500000, 0x000000008f500000, 0x000000008f600000|  0%| F|  |TAMS 0x000000008f500000| PB 0x000000008f500000| Untracked |  0
| 246|0x000000008f600000, 0x000000008f600000, 0x000000008f700000|  0%| F|  |TAMS 0x000000008f600000| PB 0x000000008f600000| Untracked |  0
| 247|0x000000008f700000, 0x000000008f700000, 0x000000008f800000|  0%| F|  |TAMS 0x000000008f700000| PB 0x000000008f700000| Untracked |  0
| 248|0x000000008f800000, 0x000000008f800000, 0x000000008f900000|  0%| F|  |TAMS 0x000000008f800000| PB 0x000000008f800000| Untracked |  0
| 249|0x000000008f900000, 0x000000008f900000, 0x000000008fa00000|  0%| F|  |TAMS 0x000000008f900000| PB 0x000000008f900000| Untracked |  0
| 250|0x000000008fa00000, 0x000000008fa00000, 0x000000008fb00000|  0%| F|  |TAMS 0x000000008fa00000| PB 0x000000008fa00000| Untracked |  0
| 251|0x000000008fb00000, 0x000000008fb00000, 0x000000008fc00000|  0%| F|  |TAMS 0x000000008fb00000| PB 0x000000008fb00000| Untracked |  0
| 252|0x000000008fc00000, 0x000000008fc00000, 0x000000008fd00000|  0%| F|  |TAMS 0x000000008fc00000| PB 0x000000008fc00000| Untracked |  0
| 253|0x000000008fd00000, 0x000000008fd00000, 0x000000008fe00000|  0%| F|  |TAMS 0x000000008fd00000| PB 0x000000008fd00000| Untracked |  0
| 254|0x000000008fe00000, 0x000000008fe00000, 0x000000008ff00000|  0%| F|  |TAMS 0x000000008fe00000| PB 0x000000008fe00000| Untracked |  0
| 255|0x000000008ff00000, 0x000000008ff00000, 0x0000000090000000|  0%| F|  |TAMS 0x000000008ff00000| PB 0x000000008ff00000| Untracked |  0
| 256|0x0000000090000000, 0x0000000090000000, 0x0000000090100000|  0%| F|  |TAMS 0x0000000090000000| PB 0x0000000090000000| Untracked |  0
| 257|0x0000000090100000, 0x0000000090100000, 0x0000000090200000|  0%| F|  |TAMS 0x0000000090100000| PB 0x0000000090100000| Untracked |  0
| 258|0x0000000090200000, 0x0000000090200000, 0x0000000090300000|  0%| F|  |TAMS 0x0000000090200000| PB 0x0000000090200000| Untracked |  0
| 259|0x0000000090300000, 0x0000000090300000, 0x0000000090400000|  0%| F|  |TAMS 0x0000000090300000| PB 0x0000000090300000| Untracked |  0
| 260|0x0000000090400000, 0x0000000090400000, 0x0000000090500000|  0%| F|  |TAMS 0x0000000090400000| PB 0x0000000090400000| Untracked |  0
| 261|0x0000000090500000, 0x0000000090574b00, 0x0000000090600000| 45%| E|  |TAMS 0x0000000090500000| PB 0x0000000090500000| Complete |  0
| 262|0x0000000090600000, 0x0000000090700000, 0x0000000090700000|100%| E|CS|TAMS 0x0000000090600000| PB 0x0000000090600000| Complete |  0
| 263|0x0000000090700000, 0x0000000090800000, 0x0000000090800000|100%| E|CS|TAMS 0x0000000090700000| PB 0x0000000090700000| Complete |  0
| 264|0x0000000090800000, 0x0000000090900000, 0x0000000090900000|100%| E|CS|TAMS 0x0000000090800000| PB 0x0000000090800000| Complete |  0
| 265|0x0000000090900000, 0x0000000090a00000, 0x0000000090a00000|100%| E|CS|TAMS 0x0000000090900000| PB 0x0000000090900000| Complete |  0
| 266|0x0000000090a00000, 0x0000000090b00000, 0x0000000090b00000|100%| E|CS|TAMS 0x0000000090a00000| PB 0x0000000090a00000| Complete |  0
| 267|0x0000000090b00000, 0x0000000090c00000, 0x0000000090c00000|100%| E|CS|TAMS 0x0000000090b00000| PB 0x0000000090b00000| Complete |  0
| 268|0x0000000090c00000, 0x0000000090d00000, 0x0000000090d00000|100%| E|CS|TAMS 0x0000000090c00000| PB 0x0000000090c00000| Complete |  0
| 269|0x0000000090d00000, 0x0000000090e00000, 0x0000000090e00000|100%| E|CS|TAMS 0x0000000090d00000| PB 0x0000000090d00000| Complete |  0
| 270|0x0000000090e00000, 0x0000000090f00000, 0x0000000090f00000|100%| E|  |TAMS 0x0000000090e00000| PB 0x0000000090e00000| Complete |  0
| 271|0x0000000090f00000, 0x0000000091000000, 0x0000000091000000|100%| E|CS|TAMS 0x0000000090f00000| PB 0x0000000090f00000| Complete |  0
| 272|0x0000000091000000, 0x0000000091100000, 0x0000000091100000|100%| E|CS|TAMS 0x0000000091000000| PB 0x0000000091000000| Complete |  0
| 273|0x0000000091100000, 0x0000000091200000, 0x0000000091200000|100%| E|CS|TAMS 0x0000000091100000| PB 0x0000000091100000| Complete |  0
| 274|0x0000000091200000, 0x0000000091300000, 0x0000000091300000|100%| E|CS|TAMS 0x0000000091200000| PB 0x0000000091200000| Complete |  0
| 275|0x0000000091300000, 0x0000000091400000, 0x0000000091400000|100%| E|CS|TAMS 0x0000000091300000| PB 0x0000000091300000| Complete |  0
| 276|0x0000000091400000, 0x0000000091500000, 0x0000000091500000|100%| E|CS|TAMS 0x0000000091400000| PB 0x0000000091400000| Complete |  0
| 277|0x0000000091500000, 0x0000000091600000, 0x0000000091600000|100%| E|CS|TAMS 0x0000000091500000| PB 0x0000000091500000| Complete |  0
|2043|0x00000000ffb00000, 0x00000000ffc00000, 0x00000000ffc00000|100%| E|CS|TAMS 0x00000000ffb00000| PB 0x00000000ffb00000| Complete |  0
|2044|0x00000000ffc00000, 0x00000000ffd00000, 0x00000000ffd00000|100%| O|  |TAMS 0x00000000ffc00000| PB 0x00000000ffc00000| Untracked |  0
|2045|0x00000000ffd00000, 0x00000000ffe00000, 0x00000000ffe00000|100%| O|  |TAMS 0x00000000ffd00000| PB 0x00000000ffd00000| Untracked |  0
|2046|0x00000000ffe00000, 0x00000000fff00000, 0x00000000fff00000|100%| O|  |TAMS 0x00000000ffe00000| PB 0x00000000ffe00000| Untracked |  0
|2047|0x00000000fff00000, 0x0000000100000000, 0x0000000100000000|100%| O|  |TAMS 0x00000000fff00000| PB 0x00000000fff00000| Untracked |  0

Card table byte_map: [0x000001e61b990000,0x000001e61bd90000] _byte_map_base: 0x000001e61b590000

Marking Bits: (CMBitMap*) 0x000001e601dee680
 Bits: [0x000001e61bd90000, 0x000001e61dd90000)

Polling page: 0x000001e601e80000

Metaspace:

Usage:
  Non-class:    107.19 MB used.
      Class:     16.13 MB used.
       Both:    123.33 MB used.

Virtual space:
  Non-class space:      128.00 MB reserved,     108.38 MB ( 85%) committed,  2 nodes.
      Class space:        1.00 GB reserved,      17.19 MB (  2%) committed,  1 nodes.
             Both:        1.12 GB reserved,     125.56 MB ( 11%) committed. 

Chunk freelists:
   Non-Class:  3.23 MB
       Class:  14.80 MB
        Both:  18.03 MB

MaxMetaspaceSize: unlimited
CompressedClassSpaceSize: 1.00 GB
Initial GC threshold: 21.00 MB
Current GC threshold: 208.88 MB
CDS: on
 - commit_granule_bytes: 65536.
 - commit_granule_words: 8192.
 - virtual_space_node_default_size: 8388608.
 - enlarge_chunks_in_place: 1.
 - use_allocation_guard: 0.


Internal statistics:

num_allocs_failed_limit: 6.
num_arena_births: 3974.
num_arena_deaths: 0.
num_vsnodes_births: 3.
num_vsnodes_deaths: 0.
num_space_committed: 2007.
num_space_uncommitted: 0.
num_chunks_returned_to_freelist: 6.
num_chunks_taken_from_freelist: 8720.
num_chunk_merges: 6.
num_chunk_splits: 6256.
num_chunks_enlarged: 4550.
num_inconsistent_stats: 0.

CodeHeap 'non-profiled nmethods': size=120000Kb used=6977Kb max_used=6977Kb free=113022Kb
 bounds [0x000001e613d30000, 0x000001e614410000, 0x000001e61b260000]
CodeHeap 'profiled nmethods': size=120000Kb used=26242Kb max_used=26406Kb free=93757Kb
 bounds [0x000001e60c260000, 0x000001e60dc30000, 0x000001e613790000]
CodeHeap 'non-nmethods': size=5760Kb used=2409Kb max_used=2473Kb free=3350Kb
 bounds [0x000001e613790000, 0x000001e613a10000, 0x000001e613d30000]
 total_blobs=14478 nmethods=13421 adapters=958
 compilation: enabled
              stopped_count=0, restarted_count=0
 full_count=0

Compilation events (20 events):
Event: 46.730 Thread 0x000001e6207a62b0 15682       3       com.google.common.collect.MapMakerInternalMap$Segment::expand (276 bytes)
Event: 46.740 Thread 0x000001e6207a62b0 nmethod 15682 0x000001e60d887d10 code [0x000001e60d888500, 0x000001e60d88d518]
Event: 46.753 Thread 0x000001e6207a62b0 15684       3       org.gradle.internal.serialize.kryo.KryoBackedDecoder::close (8 bytes)
Event: 46.754 Thread 0x000001e6207a62b0 nmethod 15684 0x000001e60db95210 code [0x000001e60db953c0, 0x000001e60db95690]
Event: 46.754 Thread 0x000001e6207a62b0 15685   !   3       com.esotericsoftware.kryo.io.Input::close (19 bytes)
Event: 46.754 Thread 0x000001e6207a62b0 nmethod 15685 0x000001e60d9bd990 code [0x000001e60d9bdb40, 0x000001e60d9bdd98]
Event: 46.757 Thread 0x000001e6207a62b0 15686       3       com.esotericsoftware.kryo.io.Input::readInt_slow (201 bytes)
Event: 46.758 Thread 0x000001e6207a62b0 nmethod 15686 0x000001e60db1ed90 code [0x000001e60db1ef80, 0x000001e60db1f488]
Event: 46.772 Thread 0x000001e6207a62b0 15689       2       sun.nio.fs.WindowsSecurityDescriptor::release (75 bytes)
Event: 46.773 Thread 0x000001e6207a62b0 nmethod 15689 0x000001e60db1e610 code [0x000001e60db1e800, 0x000001e60db1ead0]
Event: 46.779 Thread 0x000001e666d0d170 nmethod 15613 0x000001e613e8f690 code [0x000001e613e8fb60, 0x000001e613e92aa8]
Event: 46.780 Thread 0x000001e666d0d170 15668   !   4       org.gradle.internal.serialize.kryo.KryoBackedDecoder::readSmallInt (16 bytes)
Event: 46.789 Thread 0x000001e666d0d170 nmethod 15668 0x000001e613e8eb10 code [0x000001e613e8ece0, 0x000001e613e8f280]
Event: 46.789 Thread 0x000001e666d0d170 15669       4       com.esotericsoftware.kryo.io.Input::readVarInt (192 bytes)
Event: 46.799 Thread 0x000001e666d0d170 nmethod 15669 0x000001e613e8e110 code [0x000001e613e8e2e0, 0x000001e613e8e7d0]
Event: 46.799 Thread 0x000001e666d0d170 15688   !   4       com.google.common.collect.MapMakerInternalMap$Segment::put (298 bytes)
Event: 46.816 Thread 0x000001e6207a62b0 15691       3       com.google.common.cache.CacheBuilder$1::recordLoadSuccess (1 bytes)
Event: 46.816 Thread 0x000001e6207a62b0 nmethod 15691 0x000001e60d334d10 code [0x000001e60d334ea0, 0x000001e60d334fa8]
Event: 46.826 Thread 0x000001e6207a62b0 15694       2       sun.nio.fs.WindowsChannelFactory$Flags::toFlags (320 bytes)
Event: 46.827 Thread 0x000001e6207a62b0 nmethod 15694 0x000001e60d886390 code [0x000001e60d886680, 0x000001e60d887620]

GC Heap History (20 events):
Event: 23.758 GC heap before
{Heap before GC invocations=39 (full 0):
 garbage-first heap   total reserved 2097152K, committed 157696K, used 130355K [0x0000000080000000, 0x0000000100000000)
  region size 1024K, 39 young (39936K), 2 survivors (2048K)
 Metaspace       used 112234K, committed 114432K, reserved 1179648K
  class space    used 14947K, committed 16000K, reserved 1048576K
}
Event: 23.762 GC heap after
{Heap after GC invocations=40 (full 0):
 garbage-first heap   total reserved 2097152K, committed 157696K, used 93464K [0x0000000080000000, 0x0000000100000000)
  region size 1024K, 4 young (4096K), 4 survivors (4096K)
 Metaspace       used 112234K, committed 114432K, reserved 1179648K
  class space    used 14947K, committed 16000K, reserved 1048576K
}
Event: 24.944 GC heap before
{Heap before GC invocations=40 (full 0):
 garbage-first heap   total reserved 2097152K, committed 157696K, used 137496K [0x0000000080000000, 0x0000000100000000)
  region size 1024K, 48 young (49152K), 4 survivors (4096K)
 Metaspace       used 116639K, committed 118912K, reserved 1179648K
  class space    used 15429K, committed 16512K, reserved 1048576K
}
Event: 24.956 GC heap after
{Heap after GC invocations=41 (full 0):
 garbage-first heap   total reserved 2097152K, committed 157696K, used 88852K [0x0000000080000000, 0x0000000100000000)
  region size 1024K, 6 young (6144K), 6 survivors (6144K)
 Metaspace       used 116639K, committed 118912K, reserved 1179648K
  class space    used 15429K, committed 16512K, reserved 1048576K
}
Event: 37.021 GC heap before
{Heap before GC invocations=41 (full 0):
 garbage-first heap   total reserved 2097152K, committed 157696K, used 138004K [0x0000000080000000, 0x0000000100000000)
  region size 1024K, 54 young (55296K), 6 survivors (6144K)
 Metaspace       used 124568K, committed 126848K, reserved 1179648K
  class space    used 16370K, committed 17472K, reserved 1048576K
}
Event: 37.035 GC heap after
{Heap after GC invocations=42 (full 0):
 garbage-first heap   total reserved 2097152K, committed 157696K, used 96513K [0x0000000080000000, 0x0000000100000000)
  region size 1024K, 7 young (7168K), 7 survivors (7168K)
 Metaspace       used 124568K, committed 126848K, reserved 1179648K
  class space    used 16370K, committed 17472K, reserved 1048576K
}
Event: 42.874 GC heap before
{Heap before GC invocations=43 (full 0):
 garbage-first heap   total reserved 2097152K, committed 162816K, used 140545K [0x0000000080000000, 0x0000000100000000)
  region size 1024K, 50 young (51200K), 7 survivors (7168K)
 Metaspace       used 125710K, committed 127936K, reserved 1179648K
  class space    used 16485K, committed 17536K, reserved 1048576K
}
Event: 42.884 GC heap after
{Heap after GC invocations=44 (full 0):
 garbage-first heap   total reserved 2097152K, committed 162816K, used 100352K [0x0000000080000000, 0x0000000100000000)
  region size 1024K, 3 young (3072K), 3 survivors (3072K)
 Metaspace       used 125710K, committed 127936K, reserved 1179648K
  class space    used 16485K, committed 17536K, reserved 1048576K
}
Event: 43.220 GC heap before
{Heap before GC invocations=44 (full 0):
 garbage-first heap   total reserved 2097152K, committed 162816K, used 147456K [0x0000000080000000, 0x0000000100000000)
  region size 1024K, 49 young (50176K), 3 survivors (3072K)
 Metaspace       used 125737K, committed 127936K, reserved 1179648K
  class space    used 16485K, committed 17536K, reserved 1048576K
}
Event: 43.228 GC heap after
{Heap after GC invocations=45 (full 0):
 garbage-first heap   total reserved 2097152K, committed 162816K, used 101835K [0x0000000080000000, 0x0000000100000000)
  region size 1024K, 5 young (5120K), 5 survivors (5120K)
 Metaspace       used 125737K, committed 127936K, reserved 1179648K
  class space    used 16485K, committed 17536K, reserved 1048576K
}
Event: 43.523 GC heap before
{Heap before GC invocations=45 (full 0):
 garbage-first heap   total reserved 2097152K, committed 162816K, used 146891K [0x0000000080000000, 0x0000000100000000)
  region size 1024K, 49 young (50176K), 5 survivors (5120K)
 Metaspace       used 125738K, committed 127936K, reserved 1179648K
  class space    used 16485K, committed 17536K, reserved 1048576K
}
Event: 43.532 GC heap after
{Heap after GC invocations=46 (full 0):
 garbage-first heap   total reserved 2097152K, committed 289792K, used 102593K [0x0000000080000000, 0x0000000100000000)
  region size 1024K, 4 young (4096K), 4 survivors (4096K)
 Metaspace       used 125738K, committed 127936K, reserved 1179648K
  class space    used 16485K, committed 17536K, reserved 1048576K
}
Event: 44.387 GC heap before
{Heap before GC invocations=47 (full 0):
 garbage-first heap   total reserved 2097152K, committed 289792K, used 248001K [0x0000000080000000, 0x0000000100000000)
  region size 1024K, 147 young (150528K), 4 survivors (4096K)
 Metaspace       used 125847K, committed 128128K, reserved 1179648K
  class space    used 16486K, committed 17536K, reserved 1048576K
}
Event: 44.397 GC heap after
{Heap after GC invocations=48 (full 0):
 garbage-first heap   total reserved 2097152K, committed 289792K, used 106976K [0x0000000080000000, 0x0000000100000000)
  region size 1024K, 8 young (8192K), 8 survivors (8192K)
 Metaspace       used 125847K, committed 128128K, reserved 1179648K
  class space    used 16486K, committed 17536K, reserved 1048576K
}
Event: 45.288 GC heap before
{Heap before GC invocations=48 (full 0):
 garbage-first heap   total reserved 2097152K, committed 289792K, used 265696K [0x0000000080000000, 0x0000000100000000)
  region size 1024K, 161 young (164864K), 8 survivors (8192K)
 Metaspace       used 126047K, committed 128320K, reserved 1179648K
  class space    used 16486K, committed 17536K, reserved 1048576K
}
Event: 45.301 GC heap after
{Heap after GC invocations=49 (full 0):
 garbage-first heap   total reserved 2097152K, committed 289792K, used 108300K [0x0000000080000000, 0x0000000100000000)
  region size 1024K, 13 young (13312K), 13 survivors (13312K)
 Metaspace       used 126047K, committed 128320K, reserved 1179648K
  class space    used 16486K, committed 17536K, reserved 1048576K
}
Event: 45.869 GC heap before
{Heap before GC invocations=49 (full 0):
 garbage-first heap   total reserved 2097152K, committed 289792K, used 258828K [0x0000000080000000, 0x0000000100000000)
  region size 1024K, 161 young (164864K), 13 survivors (13312K)
 Metaspace       used 126074K, committed 128320K, reserved 1179648K
  class space    used 16486K, committed 17536K, reserved 1048576K
}
Event: 45.880 GC heap after
{Heap after GC invocations=50 (full 0):
 garbage-first heap   total reserved 2097152K, committed 289792K, used 110998K [0x0000000080000000, 0x0000000100000000)
  region size 1024K, 14 young (14336K), 14 survivors (14336K)
 Metaspace       used 126074K, committed 128320K, reserved 1179648K
  class space    used 16486K, committed 17536K, reserved 1048576K
}
Event: 46.887 GC heap before
{Heap before GC invocations=51 (full 0):
 garbage-first heap   total reserved 2097152K, committed 289792K, used 258454K [0x0000000080000000, 0x0000000100000000)
  region size 1024K, 159 young (162816K), 14 survivors (14336K)
 Metaspace       used 126284K, committed 128576K, reserved 1179648K
  class space    used 16517K, committed 17600K, reserved 1048576K
}
Event: 46.910 GC heap after
{Heap after GC invocations=52 (full 0):
 garbage-first heap   total reserved 2097152K, committed 289792K, used 122169K [0x0000000080000000, 0x0000000100000000)
  region size 1024K, 20 young (20480K), 20 survivors (20480K)
 Metaspace       used 126284K, committed 128576K, reserved 1179648K
  class space    used 16517K, committed 17600K, reserved 1048576K
}

Dll operation events (15 events):
Event: 0.070 Loaded shared library D:\Aplikasi\jdk-22.0.2\bin\java.dll
Event: 0.142 Loaded shared library D:\Aplikasi\jdk-22.0.2\bin\jsvml.dll
Event: 0.203 Loaded shared library D:\Aplikasi\jdk-22.0.2\bin\zip.dll
Event: 0.210 Loaded shared library D:\Aplikasi\jdk-22.0.2\bin\instrument.dll
Event: 0.217 Loaded shared library D:\Aplikasi\jdk-22.0.2\bin\net.dll
Event: 0.220 Loaded shared library D:\Aplikasi\jdk-22.0.2\bin\nio.dll
Event: 0.223 Loaded shared library D:\Aplikasi\jdk-22.0.2\bin\zip.dll
Event: 0.623 Loaded shared library D:\Aplikasi\jdk-22.0.2\bin\jimage.dll
Event: 0.863 Loaded shared library D:\Aplikasi\jdk-22.0.2\bin\verify.dll
Event: 1.114 Loaded shared library C:\Users\HP\.gradle\native\c067742578af261105cb4f569cf0c3c89f3d7b1fecec35dd04571415982c5e48\windows-amd64\native-platform.dll
Event: 1.136 Loaded shared library C:\Users\HP\.gradle\native\100fb08df4bc3b14c8652ba06237920a3bd2aa13389f12d3474272988ae205f9\windows-amd64\native-platform-file-events.dll
Event: 2.941 Loaded shared library D:\Aplikasi\jdk-22.0.2\bin\management.dll
Event: 2.943 Loaded shared library D:\Aplikasi\jdk-22.0.2\bin\management_ext.dll
Event: 3.285 Loaded shared library D:\Aplikasi\jdk-22.0.2\bin\extnet.dll
Event: 3.833 Loaded shared library D:\Aplikasi\jdk-22.0.2\bin\sunmscapi.dll

Deoptimization events (20 events):
Event: 46.606 Thread 0x000001e620c0d460 Uncommon trap: trap_request=0xffffff45 fr.pc=0x000001e6142be7d0 relative=0x0000000000000210
Event: 46.606 Thread 0x000001e620c0d460 Uncommon trap: reason=unstable_if action=reinterpret pc=0x000001e6142be7d0 method=com.esotericsoftware.kryo.io.Input.readVarInt(Z)I @ 42 c2
Event: 46.606 Thread 0x000001e620c0d460 DEOPT PACKING pc=0x000001e6142be7d0 sp=0x000000d18f7f9d20
Event: 46.607 Thread 0x000001e620c0d460 DEOPT UNPACKING pc=0x000001e6137e46a2 sp=0x000000d18f7f9cc8 mode 2
Event: 46.637 Thread 0x000001e620c0d460 Uncommon trap: trap_request=0xffffff45 fr.pc=0x000001e61427f7b0 relative=0x00000000000001f0
Event: 46.637 Thread 0x000001e620c0d460 Uncommon trap: reason=unstable_if action=reinterpret pc=0x000001e61427f7b0 method=com.esotericsoftware.kryo.io.Input.require(I)I @ 65 c2
Event: 46.637 Thread 0x000001e620c0d460 DEOPT PACKING pc=0x000001e61427f7b0 sp=0x000000d18f7f9ec0
Event: 46.637 Thread 0x000001e620c0d460 DEOPT UNPACKING pc=0x000001e6137e46a2 sp=0x000000d18f7f9e70 mode 2
Event: 46.674 Thread 0x000001e620c0d460 Uncommon trap: trap_request=0xffffff45 fr.pc=0x000001e613e9b204 relative=0x0000000000000324
Event: 46.674 Thread 0x000001e620c0d460 Uncommon trap: reason=unstable_if action=reinterpret pc=0x000001e613e9b204 method=com.esotericsoftware.kryo.io.Input.readVarInt(Z)I @ 81 c2
Event: 46.674 Thread 0x000001e620c0d460 DEOPT PACKING pc=0x000001e613e9b204 sp=0x000000d18f7f9ef0
Event: 46.674 Thread 0x000001e620c0d460 DEOPT UNPACKING pc=0x000001e6137e46a2 sp=0x000000d18f7f9dd8 mode 2
Event: 46.677 Thread 0x000001e620c0d460 Uncommon trap: trap_request=0xffffff45 fr.pc=0x000001e613e97a74 relative=0x0000000000000314
Event: 46.677 Thread 0x000001e620c0d460 Uncommon trap: reason=unstable_if action=reinterpret pc=0x000001e613e97a74 method=com.esotericsoftware.kryo.io.Input.readVarInt(Z)I @ 81 c2
Event: 46.677 Thread 0x000001e620c0d460 DEOPT PACKING pc=0x000001e613e97a74 sp=0x000000d18f7f9e10
Event: 46.677 Thread 0x000001e620c0d460 DEOPT UNPACKING pc=0x000001e6137e46a2 sp=0x000000d18f7f9db8 mode 2
Event: 46.715 Thread 0x000001e620c0d460 Uncommon trap: trap_request=0xffffff45 fr.pc=0x000001e6143d9184 relative=0x00000000000002a4
Event: 46.715 Thread 0x000001e620c0d460 Uncommon trap: reason=unstable_if action=reinterpret pc=0x000001e6143d9184 method=com.google.common.collect.MapMakerInternalMap$Segment.getEntry(Ljava/lang/Object;I)Lcom/google/common/collect/MapMakerInternalMap$InternalEntry; @ 63 c2
Event: 46.715 Thread 0x000001e620c0d460 DEOPT PACKING pc=0x000001e6143d9184 sp=0x000000d18f7f9e40
Event: 46.715 Thread 0x000001e620c0d460 DEOPT UNPACKING pc=0x000001e6137e46a2 sp=0x000000d18f7f9dd8 mode 2

Classes loaded (20 events):
Event: 36.940 Loading class sun/security/ssl/PreSharedKeyExtension$PartialClientHelloMessage
Event: 36.941 Loading class sun/security/ssl/PreSharedKeyExtension$PartialClientHelloMessage done
Event: 36.941 Loading class sun/security/ssl/SSLEngineOutputRecord
Event: 36.941 Loading class sun/security/ssl/SSLEngineOutputRecord done
Event: 36.941 Loading class sun/security/ssl/SSLEngineOutputRecord$HandshakeFragment
Event: 36.942 Loading class sun/security/ssl/SSLEngineOutputRecord$HandshakeFragment done
Event: 36.942 Loading class sun/security/ssl/SSLEngineOutputRecord$HandshakeMemo
Event: 36.942 Loading class sun/security/ssl/SSLEngineOutputRecord$RecordMemo
Event: 36.942 Loading class sun/security/ssl/SSLEngineOutputRecord$RecordMemo done
Event: 36.942 Loading class sun/security/ssl/SSLEngineOutputRecord$HandshakeMemo done
Event: 36.967 Loading class sun/security/ssl/PreSharedKeyExtension$SHPreSharedKeySpec
Event: 36.967 Loading class sun/security/ssl/PreSharedKeyExtension$SHPreSharedKeySpec done
Event: 37.037 Loading class sun/security/ssl/Alert
Event: 37.038 Loading class sun/security/ssl/Alert done
Event: 37.039 Loading class sun/security/ssl/Alert$AlertConsumer
Event: 37.039 Loading class sun/security/ssl/Alert$AlertConsumer done
Event: 37.039 Loading class sun/security/ssl/Alert$Level
Event: 37.040 Loading class sun/security/ssl/Alert$Level done
Event: 37.092 Loading class java/util/regex/Pattern$Pos
Event: 37.093 Loading class java/util/regex/Pattern$Pos done

Classes unloaded (0 events):
No events

Classes redefined (0 events):
No events

Internal exceptions (20 events):
Event: 24.455 Thread 0x000001e6679048d0 Exception <a 'java/lang/NoSuchMethodError'{0x0000000087bf66f8}: 'long java.lang.invoke.Invokers$Holder.invokeExact_MT(java.lang.Object, java.lang.Object)'> (0x0000000087bf66f8) 
thrown [s\open\src\hotspot\share\interpreter\linkResolver.cpp, line 774]
Event: 24.457 Thread 0x000001e6679048d0 Exception <a 'java/lang/NoSuchMethodError'{0x0000000087a19f80}: static [Ljava/lang/Object;.<clinit>()V> (0x0000000087a19f80) 
thrown [s\open\src\hotspot\share\prims\jni.cpp, line 1111]
Event: 24.459 Thread 0x000001e6679048d0 Exception <a 'java/lang/NoSuchMethodError'{0x0000000087a4f150}: static Lorg/gradle/api/internal/catalog/DependencyModel;.<clinit>()V> (0x0000000087a4f150) 
thrown [s\open\src\hotspot\share\prims\jni.cpp, line 1111]
Event: 24.459 Thread 0x000001e6679048d0 Exception <a 'java/lang/NoSuchMethodError'{0x0000000087a54348}: static Lorg/gradle/api/internal/catalog/AbstractContextAwareModel;.<clinit>()V> (0x0000000087a54348) 
thrown [s\open\src\hotspot\share\prims\jni.cpp, line 1111]
Event: 24.460 Thread 0x000001e6679048d0 Exception <a 'java/lang/NoSuchMethodError'{0x0000000087a69c08}: static Lorg/gradle/api/internal/artifacts/dependencies/AbstractVersionConstraint;.<clinit>()V> (0x0000000087a69c08) 
thrown [s\open\src\hotspot\share\prims\jni.cpp, line 1111]
Event: 24.468 Thread 0x000001e6679048d0 Exception <a 'java/lang/NoSuchMethodError'{0x0000000087ac8ad0}: static Lorg/gradle/api/internal/catalog/PluginModel;.<clinit>()V> (0x0000000087ac8ad0) 
thrown [s\open\src\hotspot\share\prims\jni.cpp, line 1111]
Event: 24.470 Thread 0x000001e6679048d0 Exception <a 'java/lang/NoSuchMethodError'{0x0000000087add810}: static Lorg/gradle/api/internal/catalog/VersionModel;.<clinit>()V> (0x0000000087add810) 
thrown [s\open\src\hotspot\share\prims\jni.cpp, line 1111]
Event: 24.474 Thread 0x000001e6679048d0 Exception <a 'java/lang/NoSuchMethodError'{0x00000000879071e0}: 'void java.lang.invoke.DirectMethodHandle$Holder.invokeSpecial(java.lang.Object, java.lang.Object, java.lang.Object, int)'> (0x00000000879071e0) 
thrown [s\open\src\hotspot\share\interpreter\linkResolver.cpp, line 774]
Event: 24.607 Thread 0x000001e6679048d0 Exception <a 'java/lang/NoSuchMethodError'{0x000000008749ec58}: 'int java.lang.invoke.DirectMethodHandle$Holder.invokeSpecialIFC(java.lang.Object, java.lang.Object, java.lang.Object)'> (0x000000008749ec58) 
thrown [s\open\src\hotspot\share\interpreter\linkResolver.cpp, line 774]
Event: 24.684 Thread 0x000001e6679048d0 Exception <a 'java/lang/NoSuchMethodError'{0x0000000087058200}: 'java.lang.Object java.lang.invoke.DirectMethodHandle$Holder.invokeSpecial(java.lang.Object, java.lang.Object, java.lang.Object, java.lang.Object, java.lang.Object, long)'> (0x0000000087058200) 
thrown [s\open\src\hotspot\share\interpreter\linkResolver.cpp, line 774]
Event: 24.686 Thread 0x000001e6679048d0 Exception <a 'java/lang/NoSuchMethodError'{0x00000000870786e8}: 'void java.lang.invoke.DirectMethodHandle$Holder.invokeStatic(java.lang.Object, java.lang.Object, java.lang.Object, int, java.lang.Object)'> (0x00000000870786e8) 
thrown [s\open\src\hotspot\share\interpreter\linkResolver.cpp, line 774]
Event: 24.755 Thread 0x000001e6679048d0 Exception <a 'sun/nio/fs/WindowsException'{0x0000000086a518d0}> (0x0000000086a518d0) 
thrown [s\open\src\hotspot\share\prims\jni.cpp, line 520]
Event: 29.648 Thread 0x000001e6679048d0 Implicit null exception at 0x000001e613f82bf9 to 0x000001e613f82c24
Event: 31.253 Thread 0x000001e6679048d0 Exception <a 'java/lang/NoSuchMethodError'{0x0000000087d8f7e0}: 'int java.lang.invoke.DirectMethodHandle$Holder.invokeSpecial(java.lang.Object, java.lang.Object, int)'> (0x0000000087d8f7e0) 
thrown [s\open\src\hotspot\share\interpreter\linkResolver.cpp, line 774]
Event: 36.814 Thread 0x000001e6679048d0 Exception <a 'java/lang/IncompatibleClassChangeError'{0x0000000086a52b00}: Found class java.lang.Object, but interface was expected> (0x0000000086a52b00) 
thrown [s\open\src\hotspot\share\interpreter\linkResolver.cpp, line 841]
Event: 37.040 Thread 0x000001e620794410 Implicit null exception at 0x000001e6141cd80b to 0x000001e6141cd97c
Event: 42.360 Thread 0x000001e6679048d0 Exception <a 'java/lang/NoSuchMethodError'{0x000000008893a0a0}: 'java.lang.Object java.lang.invoke.DirectMethodHandle$Holder.newInvokeSpecial(java.lang.Object, java.lang.Object, java.lang.Object, java.lang.Object, int, java.lang.Object)'> (0x000000008893a0a0) 
thrown [s\open\src\hotspot\share\interpreter\linkResolver.cpp, line 774]
Event: 42.361 Thread 0x000001e6679048d0 Exception <a 'java/lang/NoSuchMethodError'{0x00000000889428e8}: 'java.lang.Object java.lang.invoke.Invokers$Holder.linkToTargetMethod(java.lang.Object, java.lang.Object, java.lang.Object, int, java.lang.Object, java.lang.Object)'> (0x00000000889428e8) 
thrown [s\open\src\hotspot\share\interpreter\linkResolver.cpp, line 774]
Event: 43.843 Thread 0x000001e620c10250 Implicit null exception at 0x000001e61436253b to 0x000001e6143628b2
Event: 46.523 Thread 0x000001e6679048d0 Exception <a 'java/lang/NoSuchMethodError'{0x000000008af76cd8}: 'java.lang.Object java.lang.invoke.DirectMethodHandle$Holder.invokeSpecialIFC(java.lang.Object, java.lang.Object, java.lang.Object)'> (0x000000008af76cd8) 
thrown [s\open\src\hotspot\share\interpreter\linkResolver.cpp, line 774]

ZGC Phase Switch (0 events):
No events

VM Operations (20 events):
Event: 43.641 Executing VM operation: G1PauseRemark
Event: 43.651 Executing VM operation: G1PauseRemark done
Event: 43.703 Executing VM operation: G1PauseCleanup
Event: 43.704 Executing VM operation: G1PauseCleanup done
Event: 44.387 Executing VM operation: G1CollectForAllocation (G1 Evacuation Pause)
Event: 44.397 Executing VM operation: G1CollectForAllocation (G1 Evacuation Pause) done
Event: 45.267 Executing VM operation: ICBufferFull
Event: 45.267 Executing VM operation: ICBufferFull done
Event: 45.288 Executing VM operation: G1CollectForAllocation (G1 Evacuation Pause)
Event: 45.301 Executing VM operation: G1CollectForAllocation (G1 Evacuation Pause) done
Event: 45.869 Executing VM operation: G1CollectForAllocation (G1 Evacuation Pause)
Event: 45.880 Executing VM operation: G1CollectForAllocation (G1 Evacuation Pause) done
Event: 45.997 Executing VM operation: G1PauseRemark
Event: 46.012 Executing VM operation: G1PauseRemark done
Event: 46.070 Executing VM operation: G1PauseCleanup
Event: 46.071 Executing VM operation: G1PauseCleanup done
Event: 46.477 Executing VM operation: HandshakeAllThreads (Deoptimize)
Event: 46.478 Executing VM operation: HandshakeAllThreads (Deoptimize) done
Event: 46.887 Executing VM operation: G1CollectForAllocation (G1 Evacuation Pause)
Event: 46.910 Executing VM operation: G1CollectForAllocation (G1 Evacuation Pause) done

Memory protections (0 events):
No events

Nmethod flushes (20 events):
Event: 46.012 Thread 0x000001e620776980 flushing  nmethod 0x000001e60d737810
Event: 46.012 Thread 0x000001e620776980 flushing  nmethod 0x000001e60d73bd90
Event: 46.012 Thread 0x000001e620776980 flushing  nmethod 0x000001e60d756190
Event: 46.012 Thread 0x000001e620776980 flushing  nmethod 0x000001e60d773d90
Event: 46.012 Thread 0x000001e620776980 flushing  nmethod 0x000001e60d775b10
Event: 46.012 Thread 0x000001e620776980 flushing  nmethod 0x000001e60d77ce90
Event: 46.012 Thread 0x000001e620776980 flushing  nmethod 0x000001e60d7ad210
Event: 46.012 Thread 0x000001e620776980 flushing  nmethod 0x000001e60d7e9210
Event: 46.012 Thread 0x000001e620776980 flushing  nmethod 0x000001e60d7ea310
Event: 46.012 Thread 0x000001e620776980 flushing  nmethod 0x000001e60d7eb210
Event: 46.012 Thread 0x000001e620776980 flushing  nmethod 0x000001e60d7ec310
Event: 46.012 Thread 0x000001e620776980 flushing  nmethod 0x000001e60d7ee590
Event: 46.012 Thread 0x000001e620776980 flushing  nmethod 0x000001e60d7eea10
Event: 46.012 Thread 0x000001e620776980 flushing  nmethod 0x000001e60d7ef290
Event: 46.012 Thread 0x000001e620776980 flushing  nmethod 0x000001e60d7efa10
Event: 46.012 Thread 0x000001e620776980 flushing  nmethod 0x000001e60d805990
Event: 46.012 Thread 0x000001e620776980 flushing  nmethod 0x000001e60d9d9b10
Event: 46.012 Thread 0x000001e620776980 flushing  nmethod 0x000001e60d9dae90
Event: 46.012 Thread 0x000001e620776980 flushing  nmethod 0x000001e60d9df390
Event: 46.012 Thread 0x000001e620776980 flushing  nmethod 0x000001e60db1e610

Events (20 events):
Event: 42.422 Thread 0x000001e6679048d0 Thread added: 0x000001e620c0f530
Event: 42.425 Thread 0x000001e6679048d0 Thread added: 0x000001e620c0fbc0
Event: 42.445 Thread 0x000001e6679048d0 Thread added: 0x000001e620c10250
Event: 42.483 Thread 0x000001e6207a62b0 Thread added: 0x000001e668f7a760
Event: 42.555 Thread 0x000001e6679048d0 Thread added: 0x000001e620c108e0
Event: 42.562 Thread 0x000001e6679048d0 Thread added: 0x000001e620c0a670
Event: 42.570 Thread 0x000001e6679048d0 Thread added: 0x000001e620c0c740
Event: 42.615 Thread 0x000001e6679048d0 Thread added: 0x000001e674996f50
Event: 42.707 Thread 0x000001e6207a62b0 Thread added: 0x000001e66928af20
Event: 46.395 Thread 0x000001e66928af20 Thread exited: 0x000001e66928af20
Event: 46.452 Thread 0x000001e668f7a760 Thread exited: 0x000001e668f7a760
Event: 46.525 Thread 0x000001e6679048d0 Thread added: 0x000001e620c0e810
Event: 46.527 Thread 0x000001e6679048d0 Thread added: 0x000001e620c09950
Event: 46.528 Thread 0x000001e6679048d0 Thread added: 0x000001e620c0e180
Event: 46.529 Thread 0x000001e6679048d0 Thread added: 0x000001e620c092c0
Event: 46.530 Thread 0x000001e6679048d0 Thread added: 0x000001e620c0ba20
Event: 46.531 Thread 0x000001e6679048d0 Thread added: 0x000001e620c0c0b0
Event: 46.532 Thread 0x000001e6679048d0 Thread added: 0x000001e620c0d460
Event: 46.534 Thread 0x000001e6207a62b0 Thread added: 0x000001e666d0d170
Event: 46.634 Thread 0x000001e6207a62b0 Thread added: 0x000001e620bf17b0


Dynamic libraries:
0x00007ff798540000 - 0x00007ff79854e000 	D:\Aplikasi\jdk-22.0.2\bin\java.exe
0x00007ffe16a70000 - 0x00007ffe16c68000 	C:\windows\SYSTEM32\ntdll.dll
0x00007ffe16260000 - 0x00007ffe1631d000 	C:\windows\System32\KERNEL32.DLL
0x00007ffe14360000 - 0x00007ffe14656000 	C:\windows\System32\KERNELBASE.dll
0x00007ffe14660000 - 0x00007ffe14760000 	C:\windows\System32\ucrtbase.dll
0x00007ffe0dcb0000 - 0x00007ffe0dcc7000 	D:\Aplikasi\jdk-22.0.2\bin\jli.dll
0x00007ffe00880000 - 0x00007ffe0089b000 	D:\Aplikasi\jdk-22.0.2\bin\VCRUNTIME140.dll
0x00007ffe15680000 - 0x00007ffe1581e000 	C:\windows\System32\USER32.dll
0x00007ffe14240000 - 0x00007ffe14262000 	C:\windows\System32\win32u.dll
0x00007ffdf9860000 - 0x00007ffdf9afa000 	C:\windows\WinSxS\amd64_microsoft.windows.common-controls_6595b64144ccf1df_6.0.19041.3636_none_60b6a03d71f818d5\COMCTL32.dll
0x00007ffe163d0000 - 0x00007ffe163fb000 	C:\windows\System32\GDI32.dll
0x00007ffe15970000 - 0x00007ffe15a0e000 	C:\windows\System32\msvcrt.dll
0x00007ffe14120000 - 0x00007ffe14237000 	C:\windows\System32\gdi32full.dll
0x00007ffe14270000 - 0x00007ffe1430d000 	C:\windows\System32\msvcp_win.dll
0x00007ffe169f0000 - 0x00007ffe16a22000 	C:\windows\System32\IMM32.DLL
0x00007ffe0dba0000 - 0x00007ffe0dbac000 	D:\Aplikasi\jdk-22.0.2\bin\vcruntime140_1.dll
0x00007ffdda630000 - 0x00007ffdda6be000 	D:\Aplikasi\jdk-22.0.2\bin\msvcp140.dll
0x00007ffdd46d0000 - 0x00007ffdd5419000 	D:\Aplikasi\jdk-22.0.2\bin\server\jvm.dll
0x00007ffe161b0000 - 0x00007ffe16260000 	C:\windows\System32\ADVAPI32.dll
0x00007ffe16950000 - 0x00007ffe169f0000 	C:\windows\System32\sechost.dll
0x00007ffe154f0000 - 0x00007ffe15615000 	C:\windows\System32\RPCRT4.dll
0x00007ffe148c0000 - 0x00007ffe148e7000 	C:\windows\System32\bcrypt.dll
0x00007ffe15a20000 - 0x00007ffe15a8b000 	C:\windows\System32\WS2_32.dll
0x00007ffe09f80000 - 0x00007ffe09fa7000 	C:\windows\SYSTEM32\WINMM.dll
0x00007ffe13f80000 - 0x00007ffe13fcb000 	C:\windows\SYSTEM32\POWRPROF.dll
0x00007ffe09f70000 - 0x00007ffe09f7a000 	C:\windows\SYSTEM32\VERSION.dll
0x00007ffe13f60000 - 0x00007ffe13f72000 	C:\windows\SYSTEM32\UMPDC.dll
0x00007ffe11fd0000 - 0x00007ffe11fe2000 	C:\windows\SYSTEM32\kernel.appcore.dll
0x00007ffdfe970000 - 0x00007ffdfe97a000 	D:\Aplikasi\jdk-22.0.2\bin\jimage.dll
0x00007ffe0a990000 - 0x00007ffe0ab74000 	C:\windows\SYSTEM32\DBGHELP.DLL
0x00007ffdfff70000 - 0x00007ffdfffa4000 	C:\windows\SYSTEM32\dbgcore.DLL
0x00007ffe14960000 - 0x00007ffe149e2000 	C:\windows\System32\bcryptPrimitives.dll
0x00007ffdfbd60000 - 0x00007ffdfbd6f000 	D:\Aplikasi\jdk-22.0.2\bin\instrument.dll
0x00007ffdfc9e0000 - 0x00007ffdfc9fe000 	D:\Aplikasi\jdk-22.0.2\bin\java.dll
0x00007ffe14b40000 - 0x00007ffe152ab000 	C:\windows\System32\SHELL32.dll
0x00007ffe16020000 - 0x00007ffe1614b000 	C:\windows\System32\ole32.dll
0x00007ffe16510000 - 0x00007ffe16863000 	C:\windows\System32\combase.dll
0x00007ffe121d0000 - 0x00007ffe1296e000 	C:\windows\SYSTEM32\windows.storage.dll
0x00007ffe13a80000 - 0x00007ffe13aae000 	C:\windows\SYSTEM32\Wldp.dll
0x00007ffe16880000 - 0x00007ffe1694d000 	C:\windows\System32\OLEAUT32.dll
0x00007ffe16400000 - 0x00007ffe164ad000 	C:\windows\System32\SHCORE.dll
0x00007ffe164b0000 - 0x00007ffe16505000 	C:\windows\System32\shlwapi.dll
0x00007ffe14050000 - 0x00007ffe14075000 	C:\windows\SYSTEM32\profapi.dll
0x00007ffdda100000 - 0x00007ffdda1d7000 	D:\Aplikasi\jdk-22.0.2\bin\jsvml.dll
0x00007ffdfb370000 - 0x00007ffdfb387000 	D:\Aplikasi\jdk-22.0.2\bin\zip.dll
0x00007ffdfe8d0000 - 0x00007ffdfe8e0000 	D:\Aplikasi\jdk-22.0.2\bin\net.dll
0x00007ffe137e0000 - 0x00007ffe1384a000 	C:\windows\system32\mswsock.dll
0x00007ffdfc150000 - 0x00007ffdfc166000 	D:\Aplikasi\jdk-22.0.2\bin\nio.dll
0x00007ffdfe840000 - 0x00007ffdfe850000 	D:\Aplikasi\jdk-22.0.2\bin\verify.dll
0x00007ffdf06c0000 - 0x00007ffdf06e7000 	C:\Users\HP\.gradle\native\c067742578af261105cb4f569cf0c3c89f3d7b1fecec35dd04571415982c5e48\windows-amd64\native-platform.dll
0x00007ffdd9160000 - 0x00007ffdd92a4000 	C:\Users\HP\.gradle\native\100fb08df4bc3b14c8652ba06237920a3bd2aa13389f12d3474272988ae205f9\windows-amd64\native-platform-file-events.dll
0x00007ffdfbf20000 - 0x00007ffdfbf2a000 	D:\Aplikasi\jdk-22.0.2\bin\management.dll
0x00007ffdfbeb0000 - 0x00007ffdfbebb000 	D:\Aplikasi\jdk-22.0.2\bin\management_ext.dll
0x00007ffe15a10000 - 0x00007ffe15a18000 	C:\windows\System32\PSAPI.DLL
0x00007ffe139d0000 - 0x00007ffe139e8000 	C:\windows\SYSTEM32\CRYPTSP.dll
0x00007ffe13110000 - 0x00007ffe13144000 	C:\windows\system32\rsaenh.dll
0x00007ffe14010000 - 0x00007ffe1403e000 	C:\windows\SYSTEM32\USERENV.dll
0x00007ffe139f0000 - 0x00007ffe139fc000 	C:\windows\SYSTEM32\CRYPTBASE.dll
0x00007ffe134d0000 - 0x00007ffe1350b000 	C:\windows\SYSTEM32\IPHLPAPI.DLL
0x00007ffe16870000 - 0x00007ffe16878000 	C:\windows\System32\NSI.dll
0x00007ffdfbbe0000 - 0x00007ffdfbbe9000 	D:\Aplikasi\jdk-22.0.2\bin\extnet.dll
0x00007ffdfb4f0000 - 0x00007ffdfb4fe000 	D:\Aplikasi\jdk-22.0.2\bin\sunmscapi.dll
0x00007ffe14760000 - 0x00007ffe148bd000 	C:\windows\System32\CRYPT32.dll
0x00007ffe13af0000 - 0x00007ffe13b18000 	C:\windows\SYSTEM32\ncrypt.dll
0x00007ffe13ab0000 - 0x00007ffe13aeb000 	C:\windows\SYSTEM32\NTASN1.dll
0x00007ffe0fa70000 - 0x00007ffe0fa77000 	C:\windows\system32\wshunix.dll
0x00007ffe13510000 - 0x00007ffe135db000 	C:\windows\SYSTEM32\DNSAPI.dll
0x00007ffe0cba0000 - 0x00007ffe0cbaa000 	C:\Windows\System32\rasadhlp.dll
0x00007ffe072c0000 - 0x00007ffe07340000 	C:\windows\System32\fwpuclnt.dll

dbghelp: loaded successfully - version: 4.0.5 - missing functions: none
symbol engine: initialized successfully - sym options: 0x614 - pdb path: .;D:\Aplikasi\jdk-22.0.2\bin;C:\windows\SYSTEM32;C:\windows\WinSxS\amd64_microsoft.windows.common-controls_6595b64144ccf1df_6.0.19041.3636_none_60b6a03d71f818d5;D:\Aplikasi\jdk-22.0.2\bin\server;C:\Users\HP\.gradle\native\c067742578af261105cb4f569cf0c3c89f3d7b1fecec35dd04571415982c5e48\windows-amd64;C:\Users\HP\.gradle\native\100fb08df4bc3b14c8652ba06237920a3bd2aa13389f12d3474272988ae205f9\windows-amd64

VM Arguments:
jvm_args: --add-opens=java.base/java.util=ALL-UNNAMED --add-opens=java.base/java.lang=ALL-UNNAMED --add-opens=java.base/java.lang.invoke=ALL-UNNAMED --add-opens=java.prefs/java.util.prefs=ALL-UNNAMED --add-exports=jdk.compiler/com.sun.tools.javac.api=ALL-UNNAMED --add-exports=jdk.compiler/com.sun.tools.javac.util=ALL-UNNAMED --add-opens=java.base/java.nio.charset=ALL-UNNAMED --add-opens=java.base/java.net=ALL-UNNAMED --add-opens=java.base/java.util.concurrent.atomic=ALL-UNNAMED -Xmx2048m -Dfile.encoding=UTF-8 -Duser.country=ID -Duser.language=en -Duser.variant -javaagent:C:\Users\HP\.gradle\wrapper\dists\gradle-8.10.2-bin\a04bxjujx95o3nb99gddekhwo\gradle-8.10.2\lib\agents\gradle-instrumentation-agent-8.10.2.jar 
java_command: org.gradle.launcher.daemon.bootstrap.GradleDaemon 8.10.2
java_class_path (initial): C:\Users\HP\.gradle\wrapper\dists\gradle-8.10.2-bin\a04bxjujx95o3nb99gddekhwo\gradle-8.10.2\lib\gradle-daemon-main-8.10.2.jar
Launcher Type: SUN_STANDARD

[Global flags]
     intx CICompilerCount                          = 4                                         {product} {ergonomic}
     uint ConcGCThreads                            = 2                                         {product} {ergonomic}
     uint G1ConcRefinementThreads                  = 8                                         {product} {ergonomic}
   size_t G1HeapRegionSize                         = 1048576                                   {product} {ergonomic}
   size_t InitialHeapSize                          = 100663296                                 {product} {ergonomic}
   size_t MarkStackSize                            = 4194304                                   {product} {ergonomic}
   size_t MaxHeapSize                              = 2147483648                                {product} {command line}
   size_t MaxNewSize                               = 1287651328                                {product} {ergonomic}
   size_t MinHeapDeltaBytes                        = 1048576                                   {product} {ergonomic}
   size_t MinHeapSize                              = 8388608                                   {product} {ergonomic}
    uintx NonNMethodCodeHeapSize                   = 5839372                                {pd product} {ergonomic}
    uintx NonProfiledCodeHeapSize                  = 122909434                              {pd product} {ergonomic}
    uintx ProfiledCodeHeapSize                     = 122909434                              {pd product} {ergonomic}
    uintx ReservedCodeCacheSize                    = 251658240                              {pd product} {ergonomic}
     bool SegmentedCodeCache                       = true                                      {product} {ergonomic}
   size_t SoftMaxHeapSize                          = 2147483648                             {manageable} {ergonomic}
     bool UseCompressedOops                        = true                           {product lp64_product} {ergonomic}
     bool UseG1GC                                  = true                                      {product} {ergonomic}
     bool UseLargePagesIndividualAllocation        = false                                  {pd product} {ergonomic}

Logging:
Log output configuration:
 #0: stdout all=warning uptime,level,tags foldmultilines=false
 #1: stderr all=off uptime,level,tags foldmultilines=false

Environment Variables:
JAVA_HOME=D:\Aplikasi\jdk-22.0.2
CLASSPATH=D:\Rifqi Irfansyah\KULIAH\Semester 4\PROYEK4\compose-samples-main\Jetsnack\\gradle\wrapper\gradle-wrapper.jar
PATH=C:\windows\system32;C:\windows;C:\windows\System32\Wbem;C:\windows\System32\WindowsPowerShell\v1.0\;C:\windows\System32\OpenSSH\;C:\xampp\php;C:\ProgramData\ComposerSetup\bin;C:\Program Files\Git\cmd;C:\Program Files\dotnet\;C:\TDM-GCC-64\bin;D:\Aplikasi\node js\;D:\Aplikasi\sonar-scanner-6.2.1.4610-windows-x64\bin;D:\Aplikasi\jdk-17\bin;D:\Aplikasi\jdk-22.0.2\bin;C:\Users\HP\AppData\Local\Microsoft\WindowsApps;C:\Users\HP\AppData\Local\Programs\Microsoft VS Code\bin;C:\Users\HP\AppData\Roaming\Composer\vendor\bin;C:\Program Files\nodejs\;C:\Users\HP\AppData\Roaming\npm;D:\Rifqi Irfansyah\BELAJAR\flutter\bin;D:\Aplikasi\jdk-22.0.2;D:\Aplikasi\sonar-scanner-4.5.0.2216-windows\bin
USERNAME=HP
OS=Windows_NT
PROCESSOR_IDENTIFIER=AMD64 Family 23 Model 24 Stepping 1, AuthenticAMD
TMP=C:\Users\HP\AppData\Local\Temp
TEMP=C:\Users\HP\AppData\Local\Temp




Periodic native trim disabled

---------------  S Y S T E M  ---------------

OS:
 Windows 10 , 64 bit Build 19041 (10.0.19041.3636)
OS uptime: 0 days 12:47 hours

CPU: total 8 (initial active 8) (8 cores per cpu, 2 threads per core) family 23 model 24 stepping 1 microcode 0x0, cx8, cmov, fxsr, ht, mmx, 3dnowpref, sse, sse2, sse3, ssse3, sse4a, sse4.1, sse4.2, popcnt, lzcnt, tsc, tscinvbit, avx, avx2, aes, clmul, bmi1, bmi2, adx, sha, fma, vzeroupper, clflush, clflushopt, rdtscp, f16c
Processor Information for all 8 processors :
  Max Mhz: 2100, Current Mhz: 2100, Mhz Limit: 2100

Memory: 4k page, system-wide physical 6057M (731M free)
TotalPageFile size 12476M (AvailPageFile size 3M)
current process WorkingSet (physical memory assigned to process): 615M, peak: 627M
current process commit charge ("private bytes"): 657M, peak: 670M

vm_info: OpenJDK 64-Bit Server VM (22.0.2+9-70) for windows-amd64 JRE (22.0.2+9-70), built on 2024-06-04T16:52:23Z by "mach5one" with MS VC++ 17.6 (VS2022)

END.
